[2024-03-16 03:25:23,851] - [com.zaxxer.hikari.pool.HikariPool] [run] -> (WARN) [HikariPool-1 - Thread starvation or clock leap detected (housekeeper delta=3h28s477ms958µs400ns).] 
[2024-03-16 13:39:53,828] - [com.zaxxer.hikari.pool.HikariPool] [run] -> (WARN) [HikariPool-1 - Thread starvation or clock leap detected (housekeeper delta=10h14m38s814ms792µs).] 
[2024-03-16 14:39:01,032] - [com.zaxxer.hikari.pool.HikariPool] [run] -> (WARN) [HikariPool-1 - Thread starvation or clock leap detected (housekeeper delta=48m37s47ms186µs600ns).] 
[2024-03-16 14:55:02,705] - [org.springframework.orm.jpa.LocalContainerEntityManagerFactoryBean] [destroy] -> (INFO) [Closing JPA EntityManagerFactory for persistence unit 'default'] 
[2024-03-16 14:55:02,728] - [com.zaxxer.hikari.HikariDataSource] [close] -> (INFO) [HikariPool-1 - Shutdown initiated...] 
[2024-03-16 14:55:02,784] - [com.zaxxer.hikari.HikariDataSource] [close] -> (INFO) [HikariPool-1 - Shutdown completed.] 
[2024-03-16 14:55:22,971] - [org.hibernate.validator.internal.util.Version] [<clinit>] -> (INFO) [HV000001: Hibernate Validator 8.0.1.Final] 
[2024-03-16 14:55:23,115] - [com.hcl.elch.sportathon.registration.RegistrationApplication] [logStarting] -> (INFO) [Starting RegistrationApplication using Java 19 with PID 10204 (C:\Sportathon_POC\sportathon\Registration\target\classes started by tausif.ahmad in C:\Sportathon_POC\sportathon\Registration)] 
[2024-03-16 14:55:23,131] - [com.hcl.elch.sportathon.registration.RegistrationApplication] [logStartupProfileInfo] -> (INFO) [No active profile set, falling back to 1 default profile: "default"] 
[2024-03-16 14:55:25,855] - [org.springframework.data.repository.config.RepositoryConfigurationDelegate] [registerRepositoriesIn] -> (INFO) [Bootstrapping Spring Data JPA repositories in DEFAULT mode.] 
[2024-03-16 14:55:26,167] - [org.springframework.data.repository.config.RepositoryConfigurationDelegate] [registerRepositoriesIn] -> (INFO) [Finished Spring Data repository scanning in 271 ms. Found 3 JPA repository interfaces.] 
[2024-03-16 14:55:26,710] - [org.springframework.cloud.context.scope.GenericScope] [setSerializationId] -> (INFO) [BeanFactory id=85c7c3c6-4d61-3c5b-a522-2341d0378be7] 
[2024-03-16 14:55:26,916] - [org.springframework.context.support.PostProcessorRegistrationDelegate$BeanPostProcessorChecker] [postProcessAfterInitialization] -> (INFO) [Bean 'com.hcl.elch.sportathon.registration.services.APIClient' of type [org.springframework.cloud.openfeign.FeignClientFactoryBean] is not eligible for getting processed by all BeanPostProcessors (for example: not eligible for auto-proxying)] 
[2024-03-16 14:55:28,421] - [org.springframework.boot.web.embedded.tomcat.TomcatWebServer] [initialize] -> (INFO) [Tomcat initialized with port(s): 8085 (http)] 
[2024-03-16 14:55:28,447] - [org.apache.coyote.http11.Http11NioProtocol] [log] -> (INFO) [Initializing ProtocolHandler ["http-nio-8085"]] 
[2024-03-16 14:55:28,455] - [org.apache.catalina.core.StandardService] [log] -> (INFO) [Starting service [Tomcat]] 
[2024-03-16 14:55:28,456] - [org.apache.catalina.core.StandardEngine] [log] -> (INFO) [Starting Servlet engine: [Apache Tomcat/10.1.12]] 
[2024-03-16 14:55:28,966] - [org.apache.catalina.core.ContainerBase.[Tomcat].[localhost].[/]] [log] -> (INFO) [Initializing Spring embedded WebApplicationContext] 
[2024-03-16 14:55:28,970] - [org.springframework.boot.web.servlet.context.ServletWebServerApplicationContext] [prepareWebApplicationContext] -> (INFO) [Root WebApplicationContext: initialization completed in 5653 ms] 
[2024-03-16 14:55:29,559] - [org.hibernate.jpa.internal.util.LogHelper] [logPersistenceUnitInformation] -> (INFO) [HHH000204: Processing PersistenceUnitInfo [name: default]] 
[2024-03-16 14:55:29,761] - [org.hibernate.Version] [logVersion] -> (INFO) [HHH000412: Hibernate ORM core version 6.2.7.Final] 
[2024-03-16 14:55:29,775] - [org.hibernate.cfg.Environment] [<clinit>] -> (INFO) [HHH000406: Using bytecode reflection optimizer] 
[2024-03-16 14:55:30,318] - [org.hibernate.bytecode.internal.BytecodeProviderInitiator] [buildBytecodeProvider] -> (INFO) [HHH000021: Bytecode provider name : bytebuddy] 
[2024-03-16 14:55:30,791] - [org.springframework.orm.jpa.persistenceunit.SpringPersistenceUnitInfo] [addTransformer] -> (INFO) [No LoadTimeWeaver setup: ignoring JPA class transformer] 
[2024-03-16 14:55:30,854] - [com.zaxxer.hikari.HikariDataSource] [getConnection] -> (INFO) [HikariPool-1 - Starting...] 
[2024-03-16 14:55:31,775] - [com.zaxxer.hikari.pool.HikariPool] [checkFailFast] -> (INFO) [HikariPool-1 - Added connection com.mysql.cj.jdbc.ConnectionImpl@6e49b011] 
[2024-03-16 14:55:31,782] - [com.zaxxer.hikari.HikariDataSource] [getConnection] -> (INFO) [HikariPool-1 - Start completed.] 
[2024-03-16 14:55:32,825] - [org.hibernate.bytecode.internal.BytecodeProviderInitiator] [buildBytecodeProvider] -> (INFO) [HHH000021: Bytecode provider name : bytebuddy] 
[2024-03-16 14:55:34,558] - [org.hibernate.engine.transaction.jta.platform.internal.JtaPlatformInitiator] [initiateService] -> (INFO) [HHH000490: Using JtaPlatform implementation: [org.hibernate.engine.transaction.jta.platform.internal.NoJtaPlatform]] 
[2024-03-16 14:55:34,779] - [org.springframework.orm.jpa.LocalContainerEntityManagerFactoryBean] [buildNativeEntityManagerFactory] -> (INFO) [Initialized JPA EntityManagerFactory for persistence unit 'default'] 
[2024-03-16 14:55:35,063] - [org.springframework.boot.autoconfigure.orm.jpa.JpaBaseConfiguration$JpaWebConfiguration] [openEntityManagerInViewInterceptor] -> (WARN) [spring.jpa.open-in-view is enabled by default. Therefore, database queries may be performed during view rendering. Explicitly configure spring.jpa.open-in-view to disable this warning] 
[2024-03-16 14:55:36,258] - [org.springframework.data.jpa.repository.query.QueryEnhancerFactory] [<clinit>] -> (INFO) [Hibernate is in classpath; If applicable, HQL parser will be used.] 
[2024-03-16 14:55:39,457] - [org.apache.coyote.http11.Http11NioProtocol] [log] -> (INFO) [Starting ProtocolHandler ["http-nio-8085"]] 
[2024-03-16 14:55:39,561] - [org.springframework.boot.web.embedded.tomcat.TomcatWebServer] [start] -> (INFO) [Tomcat started on port(s): 8085 (http) with context path ''] 
[2024-03-16 14:55:40,394] - [com.hcl.elch.sportathon.registration.RegistrationApplication] [logStarted] -> (INFO) [Started RegistrationApplication in 19.433 seconds (process running for 26.231)] 
[2024-03-16 14:58:14,728] - [org.apache.catalina.core.ContainerBase.[Tomcat].[localhost].[/]] [log] -> (INFO) [Initializing Spring DispatcherServlet 'dispatcherServlet'] 
[2024-03-16 14:58:14,729] - [org.springframework.web.servlet.DispatcherServlet] [initServletBean] -> (INFO) [Initializing Servlet 'dispatcherServlet'] 
[2024-03-16 14:58:14,734] - [org.springframework.web.servlet.DispatcherServlet] [initServletBean] -> (INFO) [Completed initialization in 4 ms] 
[2024-03-16 14:58:15,256] - [com.hcl.elch.sportathon.registration.services.TeamRegistrationServiceImpl] [saveTeamWithPlayers] -> (INFO) [Inside saveTeamPlayers() method...] 
[2024-03-16 14:58:15,736] - [com.hcl.elch.sportathon.registration.services.TeamRegistrationServiceImpl] [saveTeamWithPlayers] -> (INFO) [Saving Team and Players...] 
[2024-03-16 14:58:15,738] - [com.hcl.elch.sportathon.registration.services.TeamRegistrationServiceImpl] [saveTeamWithPlayers] -> (INFO) [Player details is checking ...] 
[2024-03-16 14:58:16,071] - [com.hcl.elch.sportathon.registration.services.TeamRegistrationServiceImpl] [saveTeamWithPlayers] -> (INFO) [Team saved with players ...] 
[2024-03-16 14:58:16,074] - [com.hcl.elch.sportathon.registration.services.EmailService] [mailSendingForRegistration] -> (INFO) [Inside the mailSendingForRegistration() method now........] 
[2024-03-16 14:58:16,091] - [com.hcl.elch.sportathon.registration.services.EmailService] [mailCreation] -> (INFO) [Mail is creating...] 
[2024-03-16 14:58:16,478] - [com.hcl.elch.sportathon.registration.handler.GlobalExceptionHandler] [handleUnknownException] -> (ERROR) [Exception :- ErrorResponse(statusCode=500, message=Some Exception occurs -: Mail server connection failed. Failed messages: com.sun.mail.util.MailConnectException: Couldn't connect to host, port: smtp.gmail.com, 587; timeout -1;
  nested exception is:
	java.net.UnknownHostException: smtp.gmail.com)] 
[2024-03-16 15:35:57,331] - [com.hcl.elch.sportathon.registration.services.TeamRegistrationServiceImpl] [saveTeamWithPlayers] -> (INFO) [Inside saveTeamPlayers() method...] 
[2024-03-16 15:35:57,494] - [com.hcl.elch.sportathon.registration.handler.GlobalExceptionHandler] [handleDataAlreadyExist] -> (ERROR) [Exception :- ErrorResponse(statusCode=409, message=This candidate with email id = amit@gmail.com and candidate Id =2 is already registered in this game as a player...)] 
[2024-03-16 15:36:26,780] - [com.hcl.elch.sportathon.registration.services.TeamRegistrationServiceImpl] [saveTeamWithPlayers] -> (INFO) [Inside saveTeamPlayers() method...] 
[2024-03-16 15:36:26,844] - [com.hcl.elch.sportathon.registration.handler.GlobalExceptionHandler] [handleDataAlreadyExist] -> (ERROR) [Exception :- ErrorResponse(statusCode=409, message=This candidate with email id = amit@gmail.com and candidate Id =2 is already registered in this game as a player...)] 
[2024-03-16 15:36:34,685] - [com.hcl.elch.sportathon.registration.services.TeamRegistrationServiceImpl] [saveTeamWithPlayers] -> (INFO) [Inside saveTeamPlayers() method...] 
[2024-03-16 15:36:34,797] - [com.hcl.elch.sportathon.registration.handler.GlobalExceptionHandler] [handleDataAlreadyExist] -> (ERROR) [Exception :- ErrorResponse(statusCode=409, message=This candidate with email id = amit@gmail.com and candidate Id =2 is already registered in this game as a player...)] 
[2024-03-16 15:53:46,228] - [org.springframework.orm.jpa.LocalContainerEntityManagerFactoryBean] [destroy] -> (INFO) [Closing JPA EntityManagerFactory for persistence unit 'default'] 
[2024-03-16 15:53:46,247] - [com.zaxxer.hikari.HikariDataSource] [close] -> (INFO) [HikariPool-1 - Shutdown initiated...] 
[2024-03-16 15:53:46,315] - [com.zaxxer.hikari.HikariDataSource] [close] -> (INFO) [HikariPool-1 - Shutdown completed.] 
[2024-03-16 15:54:27,884] - [org.hibernate.validator.internal.util.Version] [<clinit>] -> (INFO) [HV000001: Hibernate Validator 8.0.1.Final] 
[2024-03-16 15:54:28,024] - [com.hcl.elch.sportathon.registration.RegistrationApplication] [logStarting] -> (INFO) [Starting RegistrationApplication using Java 19 with PID 2404 (C:\Sportathon_POC\sportathon\Registration\target\classes started by tausif.ahmad in C:\Sportathon_POC\sportathon\Registration)] 
[2024-03-16 15:54:28,041] - [com.hcl.elch.sportathon.registration.RegistrationApplication] [logStartupProfileInfo] -> (INFO) [No active profile set, falling back to 1 default profile: "default"] 
[2024-03-16 15:54:30,937] - [org.springframework.data.repository.config.RepositoryConfigurationDelegate] [registerRepositoriesIn] -> (INFO) [Bootstrapping Spring Data JPA repositories in DEFAULT mode.] 
[2024-03-16 15:54:31,266] - [org.springframework.data.repository.config.RepositoryConfigurationDelegate] [registerRepositoriesIn] -> (INFO) [Finished Spring Data repository scanning in 287 ms. Found 3 JPA repository interfaces.] 
[2024-03-16 15:54:31,904] - [org.springframework.cloud.context.scope.GenericScope] [setSerializationId] -> (INFO) [BeanFactory id=85c7c3c6-4d61-3c5b-a522-2341d0378be7] 
[2024-03-16 15:54:32,170] - [org.springframework.context.support.PostProcessorRegistrationDelegate$BeanPostProcessorChecker] [postProcessAfterInitialization] -> (INFO) [Bean 'com.hcl.elch.sportathon.registration.services.APIClient' of type [org.springframework.cloud.openfeign.FeignClientFactoryBean] is not eligible for getting processed by all BeanPostProcessors (for example: not eligible for auto-proxying)] 
[2024-03-16 15:54:34,091] - [org.springframework.boot.web.embedded.tomcat.TomcatWebServer] [initialize] -> (INFO) [Tomcat initialized with port(s): 8085 (http)] 
[2024-03-16 15:54:34,115] - [org.apache.coyote.http11.Http11NioProtocol] [log] -> (INFO) [Initializing ProtocolHandler ["http-nio-8085"]] 
[2024-03-16 15:54:34,121] - [org.apache.catalina.core.StandardService] [log] -> (INFO) [Starting service [Tomcat]] 
[2024-03-16 15:54:34,123] - [org.apache.catalina.core.StandardEngine] [log] -> (INFO) [Starting Servlet engine: [Apache Tomcat/10.1.12]] 
[2024-03-16 15:54:34,585] - [org.apache.catalina.core.ContainerBase.[Tomcat].[localhost].[/]] [log] -> (INFO) [Initializing Spring embedded WebApplicationContext] 
[2024-03-16 15:54:34,592] - [org.springframework.boot.web.servlet.context.ServletWebServerApplicationContext] [prepareWebApplicationContext] -> (INFO) [Root WebApplicationContext: initialization completed in 6358 ms] 
[2024-03-16 15:54:35,220] - [org.hibernate.jpa.internal.util.LogHelper] [logPersistenceUnitInformation] -> (INFO) [HHH000204: Processing PersistenceUnitInfo [name: default]] 
[2024-03-16 15:54:35,462] - [org.hibernate.Version] [logVersion] -> (INFO) [HHH000412: Hibernate ORM core version 6.2.7.Final] 
[2024-03-16 15:54:35,475] - [org.hibernate.cfg.Environment] [<clinit>] -> (INFO) [HHH000406: Using bytecode reflection optimizer] 
[2024-03-16 15:54:36,113] - [org.hibernate.bytecode.internal.BytecodeProviderInitiator] [buildBytecodeProvider] -> (INFO) [HHH000021: Bytecode provider name : bytebuddy] 
[2024-03-16 15:54:36,568] - [org.springframework.orm.jpa.persistenceunit.SpringPersistenceUnitInfo] [addTransformer] -> (INFO) [No LoadTimeWeaver setup: ignoring JPA class transformer] 
[2024-03-16 15:54:36,614] - [com.zaxxer.hikari.HikariDataSource] [getConnection] -> (INFO) [HikariPool-1 - Starting...] 
[2024-03-16 15:54:37,214] - [com.zaxxer.hikari.pool.HikariPool] [checkFailFast] -> (INFO) [HikariPool-1 - Added connection com.mysql.cj.jdbc.ConnectionImpl@36665c11] 
[2024-03-16 15:54:37,217] - [com.zaxxer.hikari.HikariDataSource] [getConnection] -> (INFO) [HikariPool-1 - Start completed.] 
[2024-03-16 15:54:38,350] - [org.hibernate.bytecode.internal.BytecodeProviderInitiator] [buildBytecodeProvider] -> (INFO) [HHH000021: Bytecode provider name : bytebuddy] 
[2024-03-16 15:54:40,200] - [org.hibernate.engine.transaction.jta.platform.internal.JtaPlatformInitiator] [initiateService] -> (INFO) [HHH000490: Using JtaPlatform implementation: [org.hibernate.engine.transaction.jta.platform.internal.NoJtaPlatform]] 
[2024-03-16 15:54:40,416] - [org.springframework.orm.jpa.LocalContainerEntityManagerFactoryBean] [buildNativeEntityManagerFactory] -> (INFO) [Initialized JPA EntityManagerFactory for persistence unit 'default'] 
[2024-03-16 15:54:40,685] - [org.springframework.boot.autoconfigure.orm.jpa.JpaBaseConfiguration$JpaWebConfiguration] [openEntityManagerInViewInterceptor] -> (WARN) [spring.jpa.open-in-view is enabled by default. Therefore, database queries may be performed during view rendering. Explicitly configure spring.jpa.open-in-view to disable this warning] 
[2024-03-16 15:54:41,829] - [org.springframework.data.jpa.repository.query.QueryEnhancerFactory] [<clinit>] -> (INFO) [Hibernate is in classpath; If applicable, HQL parser will be used.] 
[2024-03-16 15:54:45,119] - [org.apache.coyote.http11.Http11NioProtocol] [log] -> (INFO) [Starting ProtocolHandler ["http-nio-8085"]] 
[2024-03-16 15:54:45,227] - [org.springframework.boot.web.embedded.tomcat.TomcatWebServer] [start] -> (INFO) [Tomcat started on port(s): 8085 (http) with context path ''] 
[2024-03-16 15:54:46,169] - [com.hcl.elch.sportathon.registration.RegistrationApplication] [logStarted] -> (INFO) [Started RegistrationApplication in 20.383 seconds (process running for 27.323)] 
[2024-03-16 16:00:20,976] - [org.springframework.orm.jpa.LocalContainerEntityManagerFactoryBean] [destroy] -> (INFO) [Closing JPA EntityManagerFactory for persistence unit 'default'] 
[2024-03-16 16:00:20,981] - [com.zaxxer.hikari.HikariDataSource] [close] -> (INFO) [HikariPool-1 - Shutdown initiated...] 
[2024-03-16 16:00:21,032] - [com.zaxxer.hikari.HikariDataSource] [close] -> (INFO) [HikariPool-1 - Shutdown completed.] 
[2024-03-16 16:00:54,534] - [org.hibernate.validator.internal.util.Version] [<clinit>] -> (INFO) [HV000001: Hibernate Validator 8.0.1.Final] 
[2024-03-16 16:00:54,675] - [com.hcl.elch.sportathon.registration.RegistrationApplication] [logStarting] -> (INFO) [Starting RegistrationApplication using Java 19 with PID 4908 (C:\Sportathon_POC\sportathon\Registration\target\classes started by tausif.ahmad in C:\Sportathon_POC\sportathon\Registration)] 
[2024-03-16 16:00:54,699] - [com.hcl.elch.sportathon.registration.RegistrationApplication] [logStartupProfileInfo] -> (INFO) [No active profile set, falling back to 1 default profile: "default"] 
[2024-03-16 16:00:57,444] - [org.springframework.data.repository.config.RepositoryConfigurationDelegate] [registerRepositoriesIn] -> (INFO) [Bootstrapping Spring Data JPA repositories in DEFAULT mode.] 
[2024-03-16 16:00:57,742] - [org.springframework.data.repository.config.RepositoryConfigurationDelegate] [registerRepositoriesIn] -> (INFO) [Finished Spring Data repository scanning in 268 ms. Found 3 JPA repository interfaces.] 
[2024-03-16 16:00:58,327] - [org.springframework.cloud.context.scope.GenericScope] [setSerializationId] -> (INFO) [BeanFactory id=85c7c3c6-4d61-3c5b-a522-2341d0378be7] 
[2024-03-16 16:00:58,518] - [org.springframework.context.support.PostProcessorRegistrationDelegate$BeanPostProcessorChecker] [postProcessAfterInitialization] -> (INFO) [Bean 'com.hcl.elch.sportathon.registration.services.APIClient' of type [org.springframework.cloud.openfeign.FeignClientFactoryBean] is not eligible for getting processed by all BeanPostProcessors (for example: not eligible for auto-proxying)] 
[2024-03-16 16:01:00,088] - [org.springframework.boot.web.embedded.tomcat.TomcatWebServer] [initialize] -> (INFO) [Tomcat initialized with port(s): 8085 (http)] 
[2024-03-16 16:01:00,108] - [org.apache.coyote.http11.Http11NioProtocol] [log] -> (INFO) [Initializing ProtocolHandler ["http-nio-8085"]] 
[2024-03-16 16:01:00,114] - [org.apache.catalina.core.StandardService] [log] -> (INFO) [Starting service [Tomcat]] 
[2024-03-16 16:01:00,115] - [org.apache.catalina.core.StandardEngine] [log] -> (INFO) [Starting Servlet engine: [Apache Tomcat/10.1.12]] 
[2024-03-16 16:01:00,519] - [org.apache.catalina.core.ContainerBase.[Tomcat].[localhost].[/]] [log] -> (INFO) [Initializing Spring embedded WebApplicationContext] 
[2024-03-16 16:01:00,523] - [org.springframework.boot.web.servlet.context.ServletWebServerApplicationContext] [prepareWebApplicationContext] -> (INFO) [Root WebApplicationContext: initialization completed in 5642 ms] 
[2024-03-16 16:01:01,141] - [org.hibernate.jpa.internal.util.LogHelper] [logPersistenceUnitInformation] -> (INFO) [HHH000204: Processing PersistenceUnitInfo [name: default]] 
[2024-03-16 16:01:01,368] - [org.hibernate.Version] [logVersion] -> (INFO) [HHH000412: Hibernate ORM core version 6.2.7.Final] 
[2024-03-16 16:01:01,378] - [org.hibernate.cfg.Environment] [<clinit>] -> (INFO) [HHH000406: Using bytecode reflection optimizer] 
[2024-03-16 16:01:01,892] - [org.hibernate.bytecode.internal.BytecodeProviderInitiator] [buildBytecodeProvider] -> (INFO) [HHH000021: Bytecode provider name : bytebuddy] 
[2024-03-16 16:01:02,370] - [org.springframework.orm.jpa.persistenceunit.SpringPersistenceUnitInfo] [addTransformer] -> (INFO) [No LoadTimeWeaver setup: ignoring JPA class transformer] 
[2024-03-16 16:01:02,421] - [com.zaxxer.hikari.HikariDataSource] [getConnection] -> (INFO) [HikariPool-1 - Starting...] 
[2024-03-16 16:01:03,333] - [com.zaxxer.hikari.pool.HikariPool] [checkFailFast] -> (INFO) [HikariPool-1 - Added connection com.mysql.cj.jdbc.ConnectionImpl@43ab0659] 
[2024-03-16 16:01:03,338] - [com.zaxxer.hikari.HikariDataSource] [getConnection] -> (INFO) [HikariPool-1 - Start completed.] 
[2024-03-16 16:01:04,271] - [org.hibernate.bytecode.internal.BytecodeProviderInitiator] [buildBytecodeProvider] -> (INFO) [HHH000021: Bytecode provider name : bytebuddy] 
[2024-03-16 16:01:05,971] - [org.hibernate.engine.transaction.jta.platform.internal.JtaPlatformInitiator] [initiateService] -> (INFO) [HHH000490: Using JtaPlatform implementation: [org.hibernate.engine.transaction.jta.platform.internal.NoJtaPlatform]] 
[2024-03-16 16:01:06,209] - [org.springframework.orm.jpa.LocalContainerEntityManagerFactoryBean] [buildNativeEntityManagerFactory] -> (INFO) [Initialized JPA EntityManagerFactory for persistence unit 'default'] 
[2024-03-16 16:01:06,552] - [org.springframework.boot.autoconfigure.orm.jpa.JpaBaseConfiguration$JpaWebConfiguration] [openEntityManagerInViewInterceptor] -> (WARN) [spring.jpa.open-in-view is enabled by default. Therefore, database queries may be performed during view rendering. Explicitly configure spring.jpa.open-in-view to disable this warning] 
[2024-03-16 16:01:07,749] - [org.springframework.data.jpa.repository.query.QueryEnhancerFactory] [<clinit>] -> (INFO) [Hibernate is in classpath; If applicable, HQL parser will be used.] 
[2024-03-16 16:01:11,000] - [org.apache.coyote.http11.Http11NioProtocol] [log] -> (INFO) [Starting ProtocolHandler ["http-nio-8085"]] 
[2024-03-16 16:01:11,106] - [org.springframework.boot.web.embedded.tomcat.TomcatWebServer] [start] -> (INFO) [Tomcat started on port(s): 8085 (http) with context path ''] 
[2024-03-16 16:01:11,960] - [com.hcl.elch.sportathon.registration.RegistrationApplication] [logStarted] -> (INFO) [Started RegistrationApplication in 19.334 seconds (process running for 25.608)] 
[2024-03-16 16:05:38,481] - [org.apache.catalina.core.ContainerBase.[Tomcat].[localhost].[/]] [log] -> (INFO) [Initializing Spring DispatcherServlet 'dispatcherServlet'] 
[2024-03-16 16:05:38,483] - [org.springframework.web.servlet.DispatcherServlet] [initServletBean] -> (INFO) [Initializing Servlet 'dispatcherServlet'] 
[2024-03-16 16:05:38,487] - [org.springframework.web.servlet.DispatcherServlet] [initServletBean] -> (INFO) [Completed initialization in 3 ms] 
[2024-03-16 16:05:39,049] - [com.hcl.elch.sportathon.registration.services.TeamRegistrationServiceImpl] [saveTeamWithPlayers] -> (INFO) [Inside saveTeamPlayers() method...] 
[2024-03-16 16:05:40,153] - [com.hcl.elch.sportathon.registration.handler.GlobalExceptionHandler] [handleDataAlreadyExist] -> (ERROR) [Exception :- ErrorResponse(statusCode=409, message=This candidate with email id = amit@gmail.com and candidate Id =2 is already registered in this game as a player...)] 
[2024-03-16 16:10:17,580] - [org.springframework.orm.jpa.LocalContainerEntityManagerFactoryBean] [destroy] -> (INFO) [Closing JPA EntityManagerFactory for persistence unit 'default'] 
[2024-03-16 16:10:17,586] - [com.zaxxer.hikari.HikariDataSource] [close] -> (INFO) [HikariPool-1 - Shutdown initiated...] 
[2024-03-16 16:10:17,649] - [com.zaxxer.hikari.HikariDataSource] [close] -> (INFO) [HikariPool-1 - Shutdown completed.] 
[2024-03-16 16:10:53,163] - [org.hibernate.validator.internal.util.Version] [<clinit>] -> (INFO) [HV000001: Hibernate Validator 8.0.1.Final] 
[2024-03-16 16:10:53,302] - [com.hcl.elch.sportathon.registration.RegistrationApplication] [logStarting] -> (INFO) [Starting RegistrationApplication using Java 19 with PID 26496 (C:\Sportathon_POC\sportathon\Registration\target\classes started by tausif.ahmad in C:\Sportathon_POC\sportathon\Registration)] 
[2024-03-16 16:10:53,321] - [com.hcl.elch.sportathon.registration.RegistrationApplication] [logStartupProfileInfo] -> (INFO) [No active profile set, falling back to 1 default profile: "default"] 
[2024-03-16 16:10:55,958] - [org.springframework.data.repository.config.RepositoryConfigurationDelegate] [registerRepositoriesIn] -> (INFO) [Bootstrapping Spring Data JPA repositories in DEFAULT mode.] 
[2024-03-16 16:10:56,227] - [org.springframework.data.repository.config.RepositoryConfigurationDelegate] [registerRepositoriesIn] -> (INFO) [Finished Spring Data repository scanning in 240 ms. Found 3 JPA repository interfaces.] 
[2024-03-16 16:10:56,767] - [org.springframework.cloud.context.scope.GenericScope] [setSerializationId] -> (INFO) [BeanFactory id=85c7c3c6-4d61-3c5b-a522-2341d0378be7] 
[2024-03-16 16:10:56,944] - [org.springframework.context.support.PostProcessorRegistrationDelegate$BeanPostProcessorChecker] [postProcessAfterInitialization] -> (INFO) [Bean 'com.hcl.elch.sportathon.registration.services.APIClient' of type [org.springframework.cloud.openfeign.FeignClientFactoryBean] is not eligible for getting processed by all BeanPostProcessors (for example: not eligible for auto-proxying)] 
[2024-03-16 16:10:58,645] - [org.springframework.boot.web.embedded.tomcat.TomcatWebServer] [initialize] -> (INFO) [Tomcat initialized with port(s): 8085 (http)] 
[2024-03-16 16:10:58,672] - [org.apache.coyote.http11.Http11NioProtocol] [log] -> (INFO) [Initializing ProtocolHandler ["http-nio-8085"]] 
[2024-03-16 16:10:58,680] - [org.apache.catalina.core.StandardService] [log] -> (INFO) [Starting service [Tomcat]] 
[2024-03-16 16:10:58,682] - [org.apache.catalina.core.StandardEngine] [log] -> (INFO) [Starting Servlet engine: [Apache Tomcat/10.1.12]] 
[2024-03-16 16:10:59,200] - [org.apache.catalina.core.ContainerBase.[Tomcat].[localhost].[/]] [log] -> (INFO) [Initializing Spring embedded WebApplicationContext] 
[2024-03-16 16:10:59,206] - [org.springframework.boot.web.servlet.context.ServletWebServerApplicationContext] [prepareWebApplicationContext] -> (INFO) [Root WebApplicationContext: initialization completed in 5720 ms] 
[2024-03-16 16:10:59,730] - [org.hibernate.jpa.internal.util.LogHelper] [logPersistenceUnitInformation] -> (INFO) [HHH000204: Processing PersistenceUnitInfo [name: default]] 
[2024-03-16 16:10:59,929] - [org.hibernate.Version] [logVersion] -> (INFO) [HHH000412: Hibernate ORM core version 6.2.7.Final] 
[2024-03-16 16:10:59,945] - [org.hibernate.cfg.Environment] [<clinit>] -> (INFO) [HHH000406: Using bytecode reflection optimizer] 
[2024-03-16 16:11:00,498] - [org.hibernate.bytecode.internal.BytecodeProviderInitiator] [buildBytecodeProvider] -> (INFO) [HHH000021: Bytecode provider name : bytebuddy] 
[2024-03-16 16:11:00,988] - [org.springframework.orm.jpa.persistenceunit.SpringPersistenceUnitInfo] [addTransformer] -> (INFO) [No LoadTimeWeaver setup: ignoring JPA class transformer] 
[2024-03-16 16:11:01,074] - [com.zaxxer.hikari.HikariDataSource] [getConnection] -> (INFO) [HikariPool-1 - Starting...] 
[2024-03-16 16:11:01,864] - [com.zaxxer.hikari.pool.HikariPool] [checkFailFast] -> (INFO) [HikariPool-1 - Added connection com.mysql.cj.jdbc.ConnectionImpl@62ab5e63] 
[2024-03-16 16:11:01,869] - [com.zaxxer.hikari.HikariDataSource] [getConnection] -> (INFO) [HikariPool-1 - Start completed.] 
[2024-03-16 16:11:03,051] - [org.hibernate.bytecode.internal.BytecodeProviderInitiator] [buildBytecodeProvider] -> (INFO) [HHH000021: Bytecode provider name : bytebuddy] 
[2024-03-16 16:11:04,672] - [org.hibernate.engine.transaction.jta.platform.internal.JtaPlatformInitiator] [initiateService] -> (INFO) [HHH000490: Using JtaPlatform implementation: [org.hibernate.engine.transaction.jta.platform.internal.NoJtaPlatform]] 
[2024-03-16 16:11:04,918] - [org.springframework.orm.jpa.LocalContainerEntityManagerFactoryBean] [buildNativeEntityManagerFactory] -> (INFO) [Initialized JPA EntityManagerFactory for persistence unit 'default'] 
[2024-03-16 16:11:05,277] - [org.springframework.boot.autoconfigure.orm.jpa.JpaBaseConfiguration$JpaWebConfiguration] [openEntityManagerInViewInterceptor] -> (WARN) [spring.jpa.open-in-view is enabled by default. Therefore, database queries may be performed during view rendering. Explicitly configure spring.jpa.open-in-view to disable this warning] 
[2024-03-16 16:11:06,532] - [org.springframework.data.jpa.repository.query.QueryEnhancerFactory] [<clinit>] -> (INFO) [Hibernate is in classpath; If applicable, HQL parser will be used.] 
[2024-03-16 16:11:09,785] - [org.apache.coyote.http11.Http11NioProtocol] [log] -> (INFO) [Starting ProtocolHandler ["http-nio-8085"]] 
[2024-03-16 16:11:09,917] - [org.springframework.boot.web.embedded.tomcat.TomcatWebServer] [start] -> (INFO) [Tomcat started on port(s): 8085 (http) with context path ''] 
[2024-03-16 16:11:10,873] - [com.hcl.elch.sportathon.registration.RegistrationApplication] [logStarted] -> (INFO) [Started RegistrationApplication in 19.501 seconds (process running for 26.088)] 
[2024-03-16 16:11:56,599] - [org.apache.catalina.core.ContainerBase.[Tomcat].[localhost].[/]] [log] -> (INFO) [Initializing Spring DispatcherServlet 'dispatcherServlet'] 
[2024-03-16 16:11:56,602] - [org.springframework.web.servlet.DispatcherServlet] [initServletBean] -> (INFO) [Initializing Servlet 'dispatcherServlet'] 
[2024-03-16 16:11:56,607] - [org.springframework.web.servlet.DispatcherServlet] [initServletBean] -> (INFO) [Completed initialization in 3 ms] 
[2024-03-16 16:11:57,248] - [com.hcl.elch.sportathon.registration.services.TeamRegistrationServiceImpl] [saveTeamWithPlayers] -> (INFO) [Inside saveTeamPlayers() method...] 
[2024-03-16 16:11:57,676] - [com.hcl.elch.sportathon.registration.services.TeamRegistrationServiceImpl] [saveTeamWithPlayers] -> (INFO) [Candidate Data for candidateId = 2 from User service :- {}] 
[2024-03-16 16:11:57,748] - [com.hcl.elch.sportathon.registration.handler.GlobalExceptionHandler] [handleDataAlreadyExist] -> (ERROR) [Exception :- ErrorResponse(statusCode=409, message=This candidate with email id = amit@gmail.com and candidate Id =2 is already registered in this game as a player...)] 
[2024-03-16 16:13:39,618] - [org.springframework.orm.jpa.LocalContainerEntityManagerFactoryBean] [destroy] -> (INFO) [Closing JPA EntityManagerFactory for persistence unit 'default'] 
[2024-03-16 16:13:39,629] - [com.zaxxer.hikari.HikariDataSource] [close] -> (INFO) [HikariPool-1 - Shutdown initiated...] 
[2024-03-16 16:13:39,717] - [com.zaxxer.hikari.HikariDataSource] [close] -> (INFO) [HikariPool-1 - Shutdown completed.] 
[2024-03-16 16:14:14,316] - [org.hibernate.validator.internal.util.Version] [<clinit>] -> (INFO) [HV000001: Hibernate Validator 8.0.1.Final] 
[2024-03-16 16:14:14,448] - [com.hcl.elch.sportathon.registration.RegistrationApplication] [logStarting] -> (INFO) [Starting RegistrationApplication using Java 19 with PID 10896 (C:\Sportathon_POC\sportathon\Registration\target\classes started by tausif.ahmad in C:\Sportathon_POC\sportathon\Registration)] 
[2024-03-16 16:14:14,464] - [com.hcl.elch.sportathon.registration.RegistrationApplication] [logStartupProfileInfo] -> (INFO) [No active profile set, falling back to 1 default profile: "default"] 
[2024-03-16 16:14:17,190] - [org.springframework.data.repository.config.RepositoryConfigurationDelegate] [registerRepositoriesIn] -> (INFO) [Bootstrapping Spring Data JPA repositories in DEFAULT mode.] 
[2024-03-16 16:14:17,465] - [org.springframework.data.repository.config.RepositoryConfigurationDelegate] [registerRepositoriesIn] -> (INFO) [Finished Spring Data repository scanning in 245 ms. Found 3 JPA repository interfaces.] 
[2024-03-16 16:14:18,092] - [org.springframework.cloud.context.scope.GenericScope] [setSerializationId] -> (INFO) [BeanFactory id=85c7c3c6-4d61-3c5b-a522-2341d0378be7] 
[2024-03-16 16:14:18,335] - [org.springframework.context.support.PostProcessorRegistrationDelegate$BeanPostProcessorChecker] [postProcessAfterInitialization] -> (INFO) [Bean 'com.hcl.elch.sportathon.registration.services.APIClient' of type [org.springframework.cloud.openfeign.FeignClientFactoryBean] is not eligible for getting processed by all BeanPostProcessors (for example: not eligible for auto-proxying)] 
[2024-03-16 16:14:20,171] - [org.springframework.boot.web.embedded.tomcat.TomcatWebServer] [initialize] -> (INFO) [Tomcat initialized with port(s): 8085 (http)] 
[2024-03-16 16:14:20,193] - [org.apache.coyote.http11.Http11NioProtocol] [log] -> (INFO) [Initializing ProtocolHandler ["http-nio-8085"]] 
[2024-03-16 16:14:20,202] - [org.apache.catalina.core.StandardService] [log] -> (INFO) [Starting service [Tomcat]] 
[2024-03-16 16:14:20,203] - [org.apache.catalina.core.StandardEngine] [log] -> (INFO) [Starting Servlet engine: [Apache Tomcat/10.1.12]] 
[2024-03-16 16:14:20,705] - [org.apache.catalina.core.ContainerBase.[Tomcat].[localhost].[/]] [log] -> (INFO) [Initializing Spring embedded WebApplicationContext] 
[2024-03-16 16:14:20,710] - [org.springframework.boot.web.servlet.context.ServletWebServerApplicationContext] [prepareWebApplicationContext] -> (INFO) [Root WebApplicationContext: initialization completed in 6049 ms] 
[2024-03-16 16:14:21,351] - [org.hibernate.jpa.internal.util.LogHelper] [logPersistenceUnitInformation] -> (INFO) [HHH000204: Processing PersistenceUnitInfo [name: default]] 
[2024-03-16 16:14:21,551] - [org.hibernate.Version] [logVersion] -> (INFO) [HHH000412: Hibernate ORM core version 6.2.7.Final] 
[2024-03-16 16:14:21,562] - [org.hibernate.cfg.Environment] [<clinit>] -> (INFO) [HHH000406: Using bytecode reflection optimizer] 
[2024-03-16 16:14:22,057] - [org.hibernate.bytecode.internal.BytecodeProviderInitiator] [buildBytecodeProvider] -> (INFO) [HHH000021: Bytecode provider name : bytebuddy] 
[2024-03-16 16:14:22,600] - [org.springframework.orm.jpa.persistenceunit.SpringPersistenceUnitInfo] [addTransformer] -> (INFO) [No LoadTimeWeaver setup: ignoring JPA class transformer] 
[2024-03-16 16:14:22,696] - [com.zaxxer.hikari.HikariDataSource] [getConnection] -> (INFO) [HikariPool-1 - Starting...] 
[2024-03-16 16:14:23,662] - [com.zaxxer.hikari.pool.HikariPool] [checkFailFast] -> (INFO) [HikariPool-1 - Added connection com.mysql.cj.jdbc.ConnectionImpl@1827fc4e] 
[2024-03-16 16:14:23,667] - [com.zaxxer.hikari.HikariDataSource] [getConnection] -> (INFO) [HikariPool-1 - Start completed.] 
[2024-03-16 16:14:24,597] - [org.hibernate.bytecode.internal.BytecodeProviderInitiator] [buildBytecodeProvider] -> (INFO) [HHH000021: Bytecode provider name : bytebuddy] 
[2024-03-16 16:14:26,206] - [org.hibernate.engine.transaction.jta.platform.internal.JtaPlatformInitiator] [initiateService] -> (INFO) [HHH000490: Using JtaPlatform implementation: [org.hibernate.engine.transaction.jta.platform.internal.NoJtaPlatform]] 
[2024-03-16 16:14:26,409] - [org.springframework.orm.jpa.LocalContainerEntityManagerFactoryBean] [buildNativeEntityManagerFactory] -> (INFO) [Initialized JPA EntityManagerFactory for persistence unit 'default'] 
[2024-03-16 16:14:26,686] - [org.springframework.boot.autoconfigure.orm.jpa.JpaBaseConfiguration$JpaWebConfiguration] [openEntityManagerInViewInterceptor] -> (WARN) [spring.jpa.open-in-view is enabled by default. Therefore, database queries may be performed during view rendering. Explicitly configure spring.jpa.open-in-view to disable this warning] 
[2024-03-16 16:14:27,847] - [org.springframework.data.jpa.repository.query.QueryEnhancerFactory] [<clinit>] -> (INFO) [Hibernate is in classpath; If applicable, HQL parser will be used.] 
[2024-03-16 16:14:31,173] - [org.apache.coyote.http11.Http11NioProtocol] [log] -> (INFO) [Starting ProtocolHandler ["http-nio-8085"]] 
[2024-03-16 16:14:31,278] - [org.springframework.boot.web.embedded.tomcat.TomcatWebServer] [start] -> (INFO) [Tomcat started on port(s): 8085 (http) with context path ''] 
[2024-03-16 16:14:32,185] - [com.hcl.elch.sportathon.registration.RegistrationApplication] [logStarted] -> (INFO) [Started RegistrationApplication in 19.597 seconds (process running for 26.248)] 
[2024-03-16 16:14:58,131] - [org.apache.catalina.core.ContainerBase.[Tomcat].[localhost].[/]] [log] -> (INFO) [Initializing Spring DispatcherServlet 'dispatcherServlet'] 
[2024-03-16 16:14:58,134] - [org.springframework.web.servlet.DispatcherServlet] [initServletBean] -> (INFO) [Initializing Servlet 'dispatcherServlet'] 
[2024-03-16 16:14:58,141] - [org.springframework.web.servlet.DispatcherServlet] [initServletBean] -> (INFO) [Completed initialization in 5 ms] 
[2024-03-16 16:14:58,899] - [com.hcl.elch.sportathon.registration.services.TeamRegistrationServiceImpl] [saveTeamWithPlayers] -> (INFO) [Inside saveTeamPlayers() method...] 
[2024-03-16 16:14:59,383] - [com.hcl.elch.sportathon.registration.services.TeamRegistrationServiceImpl] [saveTeamWithPlayers] -> (INFO) [Candidate Data for candidateId = 2 from User service :- CandidateDto(id=2, name=Amit, email=amit@gmail.com, gender=male, phoneNumber=9090909090)] 
[2024-03-16 16:14:59,432] - [com.hcl.elch.sportathon.registration.handler.GlobalExceptionHandler] [handleDataAlreadyExist] -> (ERROR) [Exception :- ErrorResponse(statusCode=409, message=This candidate with email id = amit@gmail.com and candidate Id =2 is already registered in this game as a player...)] 
[2024-03-16 16:17:48,647] - [org.springframework.orm.jpa.LocalContainerEntityManagerFactoryBean] [destroy] -> (INFO) [Closing JPA EntityManagerFactory for persistence unit 'default'] 
[2024-03-16 16:17:48,656] - [com.zaxxer.hikari.HikariDataSource] [close] -> (INFO) [HikariPool-1 - Shutdown initiated...] 
[2024-03-16 16:17:48,730] - [com.zaxxer.hikari.HikariDataSource] [close] -> (INFO) [HikariPool-1 - Shutdown completed.] 
[2024-03-16 16:18:24,332] - [org.hibernate.validator.internal.util.Version] [<clinit>] -> (INFO) [HV000001: Hibernate Validator 8.0.1.Final] 
[2024-03-16 16:18:24,461] - [com.hcl.elch.sportathon.registration.RegistrationApplication] [logStarting] -> (INFO) [Starting RegistrationApplication using Java 19 with PID 22540 (C:\Sportathon_POC\sportathon\Registration\target\classes started by tausif.ahmad in C:\Sportathon_POC\sportathon\Registration)] 
[2024-03-16 16:18:24,480] - [com.hcl.elch.sportathon.registration.RegistrationApplication] [logStartupProfileInfo] -> (INFO) [No active profile set, falling back to 1 default profile: "default"] 
[2024-03-16 16:18:27,130] - [org.springframework.data.repository.config.RepositoryConfigurationDelegate] [registerRepositoriesIn] -> (INFO) [Bootstrapping Spring Data JPA repositories in DEFAULT mode.] 
[2024-03-16 16:18:27,385] - [org.springframework.data.repository.config.RepositoryConfigurationDelegate] [registerRepositoriesIn] -> (INFO) [Finished Spring Data repository scanning in 231 ms. Found 3 JPA repository interfaces.] 
[2024-03-16 16:18:27,952] - [org.springframework.cloud.context.scope.GenericScope] [setSerializationId] -> (INFO) [BeanFactory id=85c7c3c6-4d61-3c5b-a522-2341d0378be7] 
[2024-03-16 16:18:28,170] - [org.springframework.context.support.PostProcessorRegistrationDelegate$BeanPostProcessorChecker] [postProcessAfterInitialization] -> (INFO) [Bean 'com.hcl.elch.sportathon.registration.services.APIClient' of type [org.springframework.cloud.openfeign.FeignClientFactoryBean] is not eligible for getting processed by all BeanPostProcessors (for example: not eligible for auto-proxying)] 
[2024-03-16 16:18:29,684] - [org.springframework.boot.web.embedded.tomcat.TomcatWebServer] [initialize] -> (INFO) [Tomcat initialized with port(s): 8085 (http)] 
[2024-03-16 16:18:29,706] - [org.apache.coyote.http11.Http11NioProtocol] [log] -> (INFO) [Initializing ProtocolHandler ["http-nio-8085"]] 
[2024-03-16 16:18:29,711] - [org.apache.catalina.core.StandardService] [log] -> (INFO) [Starting service [Tomcat]] 
[2024-03-16 16:18:29,713] - [org.apache.catalina.core.StandardEngine] [log] -> (INFO) [Starting Servlet engine: [Apache Tomcat/10.1.12]] 
[2024-03-16 16:18:30,146] - [org.apache.catalina.core.ContainerBase.[Tomcat].[localhost].[/]] [log] -> (INFO) [Initializing Spring embedded WebApplicationContext] 
[2024-03-16 16:18:30,151] - [org.springframework.boot.web.servlet.context.ServletWebServerApplicationContext] [prepareWebApplicationContext] -> (INFO) [Root WebApplicationContext: initialization completed in 5498 ms] 
[2024-03-16 16:18:30,666] - [org.hibernate.jpa.internal.util.LogHelper] [logPersistenceUnitInformation] -> (INFO) [HHH000204: Processing PersistenceUnitInfo [name: default]] 
[2024-03-16 16:18:30,814] - [org.hibernate.Version] [logVersion] -> (INFO) [HHH000412: Hibernate ORM core version 6.2.7.Final] 
[2024-03-16 16:18:30,824] - [org.hibernate.cfg.Environment] [<clinit>] -> (INFO) [HHH000406: Using bytecode reflection optimizer] 
[2024-03-16 16:18:31,287] - [org.hibernate.bytecode.internal.BytecodeProviderInitiator] [buildBytecodeProvider] -> (INFO) [HHH000021: Bytecode provider name : bytebuddy] 
[2024-03-16 16:18:31,710] - [org.springframework.orm.jpa.persistenceunit.SpringPersistenceUnitInfo] [addTransformer] -> (INFO) [No LoadTimeWeaver setup: ignoring JPA class transformer] 
[2024-03-16 16:18:31,780] - [com.zaxxer.hikari.HikariDataSource] [getConnection] -> (INFO) [HikariPool-1 - Starting...] 
[2024-03-16 16:18:32,602] - [com.zaxxer.hikari.pool.HikariPool] [checkFailFast] -> (INFO) [HikariPool-1 - Added connection com.mysql.cj.jdbc.ConnectionImpl@62ab5e63] 
[2024-03-16 16:18:32,608] - [com.zaxxer.hikari.HikariDataSource] [getConnection] -> (INFO) [HikariPool-1 - Start completed.] 
[2024-03-16 16:18:33,615] - [org.hibernate.bytecode.internal.BytecodeProviderInitiator] [buildBytecodeProvider] -> (INFO) [HHH000021: Bytecode provider name : bytebuddy] 
[2024-03-16 16:18:35,480] - [org.hibernate.engine.transaction.jta.platform.internal.JtaPlatformInitiator] [initiateService] -> (INFO) [HHH000490: Using JtaPlatform implementation: [org.hibernate.engine.transaction.jta.platform.internal.NoJtaPlatform]] 
[2024-03-16 16:18:35,732] - [org.springframework.orm.jpa.LocalContainerEntityManagerFactoryBean] [buildNativeEntityManagerFactory] -> (INFO) [Initialized JPA EntityManagerFactory for persistence unit 'default'] 
[2024-03-16 16:18:36,082] - [org.springframework.boot.autoconfigure.orm.jpa.JpaBaseConfiguration$JpaWebConfiguration] [openEntityManagerInViewInterceptor] -> (WARN) [spring.jpa.open-in-view is enabled by default. Therefore, database queries may be performed during view rendering. Explicitly configure spring.jpa.open-in-view to disable this warning] 
[2024-03-16 16:18:37,302] - [org.springframework.data.jpa.repository.query.QueryEnhancerFactory] [<clinit>] -> (INFO) [Hibernate is in classpath; If applicable, HQL parser will be used.] 
[2024-03-16 16:18:40,580] - [org.apache.coyote.http11.Http11NioProtocol] [log] -> (INFO) [Starting ProtocolHandler ["http-nio-8085"]] 
[2024-03-16 16:18:40,678] - [org.springframework.boot.web.embedded.tomcat.TomcatWebServer] [start] -> (INFO) [Tomcat started on port(s): 8085 (http) with context path ''] 
[2024-03-16 16:18:41,425] - [com.hcl.elch.sportathon.registration.RegistrationApplication] [logStarted] -> (INFO) [Started RegistrationApplication in 18.995 seconds (process running for 25.834)] 
[2024-03-16 16:19:52,157] - [org.apache.catalina.core.ContainerBase.[Tomcat].[localhost].[/]] [log] -> (INFO) [Initializing Spring DispatcherServlet 'dispatcherServlet'] 
[2024-03-16 16:19:52,159] - [org.springframework.web.servlet.DispatcherServlet] [initServletBean] -> (INFO) [Initializing Servlet 'dispatcherServlet'] 
[2024-03-16 16:19:52,163] - [org.springframework.web.servlet.DispatcherServlet] [initServletBean] -> (INFO) [Completed initialization in 4 ms] 
[2024-03-16 16:19:52,687] - [com.hcl.elch.sportathon.registration.services.TeamRegistrationServiceImpl] [saveTeamWithPlayers] -> (INFO) [Inside saveTeamPlayers() method...] 
[2024-03-16 16:19:52,972] - [com.hcl.elch.sportathon.registration.handler.GlobalExceptionHandler] [handleUnknownException] -> (ERROR) [Exception :- ErrorResponse(statusCode=500, message=Some Exception occurs -: Connection refused: no further information executing GET http://localhost:8081/api/v1/auth/userDetails/2)] 
[2024-03-16 16:20:01,455] - [com.hcl.elch.sportathon.registration.services.TeamRegistrationServiceImpl] [saveTeamWithPlayers] -> (INFO) [Inside saveTeamPlayers() method...] 
[2024-03-16 16:20:01,478] - [com.hcl.elch.sportathon.registration.handler.GlobalExceptionHandler] [handleUnknownException] -> (ERROR) [Exception :- ErrorResponse(statusCode=500, message=Some Exception occurs -: Connection refused: no further information executing GET http://localhost:8081/api/v1/auth/userDetails/2)] 
[2024-03-16 16:20:04,927] - [com.hcl.elch.sportathon.registration.services.TeamRegistrationServiceImpl] [saveTeamWithPlayers] -> (INFO) [Inside saveTeamPlayers() method...] 
[2024-03-16 16:20:04,953] - [com.hcl.elch.sportathon.registration.handler.GlobalExceptionHandler] [handleUnknownException] -> (ERROR) [Exception :- ErrorResponse(statusCode=500, message=Some Exception occurs -: Connection refused: no further information executing GET http://localhost:8081/api/v1/auth/userDetails/2)] 
[2024-03-16 16:20:07,210] - [com.hcl.elch.sportathon.registration.services.TeamRegistrationServiceImpl] [saveTeamWithPlayers] -> (INFO) [Inside saveTeamPlayers() method...] 
[2024-03-16 16:20:07,243] - [com.hcl.elch.sportathon.registration.handler.GlobalExceptionHandler] [handleUnknownException] -> (ERROR) [Exception :- ErrorResponse(statusCode=500, message=Some Exception occurs -: Connection refused: no further information executing GET http://localhost:8081/api/v1/auth/userDetails/2)] 
[2024-03-16 16:20:09,117] - [com.hcl.elch.sportathon.registration.services.TeamRegistrationServiceImpl] [saveTeamWithPlayers] -> (INFO) [Inside saveTeamPlayers() method...] 
[2024-03-16 16:20:09,135] - [com.hcl.elch.sportathon.registration.handler.GlobalExceptionHandler] [handleUnknownException] -> (ERROR) [Exception :- ErrorResponse(statusCode=500, message=Some Exception occurs -: Connection refused: no further information executing GET http://localhost:8081/api/v1/auth/userDetails/2)] 
[2024-03-16 16:20:11,264] - [com.hcl.elch.sportathon.registration.services.TeamRegistrationServiceImpl] [saveTeamWithPlayers] -> (INFO) [Inside saveTeamPlayers() method...] 
[2024-03-16 16:20:11,292] - [com.hcl.elch.sportathon.registration.handler.GlobalExceptionHandler] [handleUnknownException] -> (ERROR) [Exception :- ErrorResponse(statusCode=500, message=Some Exception occurs -: Connection refused: no further information executing GET http://localhost:8081/api/v1/auth/userDetails/2)] 
[2024-03-16 16:20:12,998] - [com.hcl.elch.sportathon.registration.services.TeamRegistrationServiceImpl] [saveTeamWithPlayers] -> (INFO) [Inside saveTeamPlayers() method...] 
[2024-03-16 16:20:13,025] - [com.hcl.elch.sportathon.registration.handler.GlobalExceptionHandler] [handleUnknownException] -> (ERROR) [Exception :- ErrorResponse(statusCode=500, message=Some Exception occurs -: Connection refused: no further information executing GET http://localhost:8081/api/v1/auth/userDetails/2)] 
[2024-03-16 16:20:14,799] - [com.hcl.elch.sportathon.registration.services.TeamRegistrationServiceImpl] [saveTeamWithPlayers] -> (INFO) [Inside saveTeamPlayers() method...] 
[2024-03-16 16:20:14,817] - [com.hcl.elch.sportathon.registration.handler.GlobalExceptionHandler] [handleUnknownException] -> (ERROR) [Exception :- ErrorResponse(statusCode=500, message=Some Exception occurs -: Connection refused: no further information executing GET http://localhost:8081/api/v1/auth/userDetails/2)] 
[2024-03-16 16:20:16,778] - [com.hcl.elch.sportathon.registration.services.TeamRegistrationServiceImpl] [saveTeamWithPlayers] -> (INFO) [Inside saveTeamPlayers() method...] 
[2024-03-16 16:20:16,824] - [com.hcl.elch.sportathon.registration.handler.GlobalExceptionHandler] [handleUnknownException] -> (ERROR) [Exception :- ErrorResponse(statusCode=500, message=Some Exception occurs -: Connection refused: no further information executing GET http://localhost:8081/api/v1/auth/userDetails/2)] 
[2024-03-16 16:20:18,625] - [com.hcl.elch.sportathon.registration.services.TeamRegistrationServiceImpl] [saveTeamWithPlayers] -> (INFO) [Inside saveTeamPlayers() method...] 
[2024-03-16 16:20:18,653] - [com.hcl.elch.sportathon.registration.handler.GlobalExceptionHandler] [handleUnknownException] -> (ERROR) [Exception :- ErrorResponse(statusCode=500, message=Some Exception occurs -: Connection refused: no further information executing GET http://localhost:8081/api/v1/auth/userDetails/2)] 
[2024-03-16 16:20:30,009] - [com.hcl.elch.sportathon.registration.services.TeamRegistrationServiceImpl] [saveTeamWithPlayers] -> (INFO) [Inside saveTeamPlayers() method...] 
[2024-03-16 16:20:30,730] - [com.hcl.elch.sportathon.registration.services.TeamRegistrationServiceImpl] [saveTeamWithPlayers] -> (INFO) [Candidate Data for candidateId = 2 from User service :- CandidateDto(id=2, name=Amit, email=amit@gmail.com, gender=male, phoneNumber=9090909090)] 
[2024-03-16 16:20:30,749] - [com.hcl.elch.sportathon.registration.handler.GlobalExceptionHandler] [handleDataAlreadyExist] -> (ERROR) [Exception :- ErrorResponse(statusCode=409, message=This candidate with email id = amit@gmail.com and candidate Id =2 is already registered in this game as a player...)] 
