[2024-03-08 23:25:41,782] - [org.hibernate.validator.internal.util.Version] [<clinit>] -> (INFO) [HV000001: Hibernate Validator 8.0.1.Final] 
[2024-03-08 23:25:41,888] - [com.hcl.elch.sportathon.registration.RegistrationApplication] [logStarting] -> (INFO) [Starting RegistrationApplication using Java 19 with PID 13976 (C:\Sportathon\sportathon\Registration\target\classes started by tausif.ahmad in C:\Sportathon\sportathon\Registration)] 
[2024-03-08 23:25:41,899] - [com.hcl.elch.sportathon.registration.RegistrationApplication] [logStartupProfileInfo] -> (INFO) [No active profile set, falling back to 1 default profile: "default"] 
[2024-03-08 23:25:43,772] - [org.springframework.data.repository.config.RepositoryConfigurationDelegate] [registerRepositoriesIn] -> (INFO) [Bootstrapping Spring Data JPA repositories in DEFAULT mode.] 
[2024-03-08 23:25:43,968] - [org.springframework.data.repository.config.RepositoryConfigurationDelegate] [registerRepositoriesIn] -> (INFO) [Finished Spring Data repository scanning in 175 ms. Found 3 JPA repository interfaces.] 
[2024-03-08 23:25:45,566] - [org.springframework.boot.web.embedded.tomcat.TomcatWebServer] [initialize] -> (INFO) [Tomcat initialized with port 8085 (http)] 
[2024-03-08 23:25:45,589] - [org.apache.coyote.http11.Http11NioProtocol] [log] -> (INFO) [Initializing ProtocolHandler ["http-nio-8085"]] 
[2024-03-08 23:25:45,594] - [org.apache.catalina.core.StandardService] [log] -> (INFO) [Starting service [Tomcat]] 
[2024-03-08 23:25:45,595] - [org.apache.catalina.core.StandardEngine] [log] -> (INFO) [Starting Servlet engine: [Apache Tomcat/10.1.19]] 
[2024-03-08 23:25:45,817] - [org.apache.catalina.core.ContainerBase.[Tomcat].[localhost].[/]] [log] -> (INFO) [Initializing Spring embedded WebApplicationContext] 
[2024-03-08 23:25:45,821] - [org.springframework.boot.web.servlet.context.ServletWebServerApplicationContext] [prepareWebApplicationContext] -> (INFO) [Root WebApplicationContext: initialization completed in 3790 ms] 
[2024-03-08 23:25:46,242] - [org.hibernate.jpa.internal.util.LogHelper] [logPersistenceUnitInformation] -> (INFO) [HHH000204: Processing PersistenceUnitInfo [name: default]] 
[2024-03-08 23:25:46,430] - [org.hibernate.Version] [logVersion] -> (INFO) [HHH000412: Hibernate ORM core version 6.4.4.Final] 
[2024-03-08 23:25:46,545] - [org.hibernate.cache.internal.RegionFactoryInitiator] [initiateService] -> (INFO) [HHH000026: Second-level cache disabled] 
[2024-03-08 23:25:47,218] - [org.springframework.orm.jpa.persistenceunit.SpringPersistenceUnitInfo] [addTransformer] -> (INFO) [No LoadTimeWeaver setup: ignoring JPA class transformer] 
[2024-03-08 23:25:47,304] - [com.zaxxer.hikari.HikariDataSource] [getConnection] -> (INFO) [HikariPool-1 - Starting...] 
[2024-03-08 23:25:47,915] - [com.zaxxer.hikari.pool.HikariPool] [checkFailFast] -> (INFO) [HikariPool-1 - Added connection com.mysql.cj.jdbc.ConnectionImpl@1dbff71c] 
[2024-03-08 23:25:47,918] - [com.zaxxer.hikari.HikariDataSource] [getConnection] -> (INFO) [HikariPool-1 - Start completed.] 
[2024-03-08 23:25:50,202] - [org.hibernate.engine.transaction.jta.platform.internal.JtaPlatformInitiator] [initiateService] -> (INFO) [HHH000489: No JTA platform available (set 'hibernate.transaction.jta.platform' to enable JTA platform integration)] 
[2024-03-08 23:25:51,165] - [org.springframework.orm.jpa.LocalContainerEntityManagerFactoryBean] [buildNativeEntityManagerFactory] -> (INFO) [Initialized JPA EntityManagerFactory for persistence unit 'default'] 
[2024-03-08 23:25:51,927] - [org.springframework.data.jpa.repository.query.QueryEnhancerFactory] [<clinit>] -> (INFO) [Hibernate is in classpath; If applicable, HQL parser will be used.] 
[2024-03-08 23:25:52,157] - [org.springframework.boot.autoconfigure.orm.jpa.JpaBaseConfiguration$JpaWebConfiguration] [openEntityManagerInViewInterceptor] -> (WARN) [spring.jpa.open-in-view is enabled by default. Therefore, database queries may be performed during view rendering. Explicitly configure spring.jpa.open-in-view to disable this warning] 
[2024-03-08 23:25:52,994] - [org.apache.coyote.http11.Http11NioProtocol] [log] -> (INFO) [Starting ProtocolHandler ["http-nio-8085"]] 
[2024-03-08 23:25:53,088] - [org.springframework.boot.web.embedded.tomcat.TomcatWebServer] [start] -> (INFO) [Tomcat started on port 8085 (http) with context path ''] 
[2024-03-08 23:25:53,109] - [com.hcl.elch.sportathon.registration.RegistrationApplication] [logStarted] -> (INFO) [Started RegistrationApplication in 12.002 seconds (process running for 16.335)] 
[2024-03-08 23:26:46,264] - [org.apache.catalina.core.ContainerBase.[Tomcat].[localhost].[/]] [log] -> (INFO) [Initializing Spring DispatcherServlet 'dispatcherServlet'] 
[2024-03-08 23:26:46,264] - [org.springframework.web.servlet.DispatcherServlet] [initServletBean] -> (INFO) [Initializing Servlet 'dispatcherServlet'] 
[2024-03-08 23:26:46,266] - [org.springframework.web.servlet.DispatcherServlet] [initServletBean] -> (INFO) [Completed initialization in 1 ms] 
[2024-03-08 23:26:46,822] - [com.hcl.elch.sportathon.registration.services.GameServiceImpl] [addGames] -> (INFO) [Game data saved !!] 
[2024-03-08 23:27:13,694] - [com.hcl.elch.sportathon.registration.services.GameServiceImpl] [addGames] -> (ERROR) [Game Cricket already exists with id: 1] 
[2024-03-08 23:27:13,718] - [com.hcl.elch.sportathon.registration.handler.GlobalExceptionHandler] [handleNotFoundException] -> (ERROR) [Exception :- ErrorResponse(statusCode=409, message=Game Cricket already exists with id: 1)] 
[2024-03-08 23:27:49,951] - [com.hcl.elch.sportathon.registration.services.TeamRegistrationServiceImpl] [saveTeamWithPlayers] -> (INFO) [Data Saved in TeamDetails as well as in TeamWithPlayerDetails table...] 
[2024-03-08 23:27:49,988] - [org.hibernate.engine.jdbc.spi.SqlExceptionHelper] [logExceptions] -> (WARN) [SQL Error: 1062, SQLState: 23000] 
[2024-03-08 23:27:49,988] - [org.hibernate.engine.jdbc.spi.SqlExceptionHelper] [logExceptions] -> (ERROR) [Duplicate entry 'sadf@ggg.com-1' for key 'team_player_details.UK1v12i1gyc46f58dxttq84umw4'] 
[2024-03-08 23:27:50,007] - [com.hcl.elch.sportathon.registration.handler.GlobalExceptionHandler] [handleUnknownException] -> (ERROR) [Exception :- ErrorResponse(statusCode=400, message=Some Exception occurs -: could not execute statement [Duplicate entry 'sadf@ggg.com-1' for key 'team_player_details.UK1v12i1gyc46f58dxttq84umw4'] [insert into team_player_details (email,game_id,gender,name,phone_number,team_id,player_id) values (?,?,?,?,?,?,?)]; SQL [insert into team_player_details (email,game_id,gender,name,phone_number,team_id,player_id) values (?,?,?,?,?,?,?)]; constraint [team_player_details.UK1v12i1gyc46f58dxttq84umw4])] 
[2024-03-08 23:28:15,864] - [com.hcl.elch.sportathon.registration.handler.GlobalExceptionHandler] [handleNotFoundException] -> (ERROR) [Exception :- ErrorResponse(statusCode=409, message=Team or player already registered with candidateId 1 and gameId 1)] 
[2024-03-08 23:31:44,713] - [com.hcl.elch.sportathon.registration.services.TeamRegistrationServiceImpl] [saveTeamWithPlayers] -> (INFO) [Data Saved in TeamDetails as well as in TeamWithPlayerDetails table...] 
[2024-03-08 23:31:44,737] - [com.hcl.elch.sportathon.registration.services.TeamRegistrationServiceImpl] [saveTeamWithPlayers] -> (INFO) [Data Saved in TeamDetails as well as in TeamWithPlayerDetails table...] 
[2024-03-08 23:48:12,782] - [org.springframework.orm.jpa.LocalContainerEntityManagerFactoryBean] [destroy] -> (INFO) [Closing JPA EntityManagerFactory for persistence unit 'default'] 
[2024-03-08 23:48:12,786] - [com.zaxxer.hikari.HikariDataSource] [close] -> (INFO) [HikariPool-1 - Shutdown initiated...] 
[2024-03-08 23:48:12,811] - [com.zaxxer.hikari.HikariDataSource] [close] -> (INFO) [HikariPool-1 - Shutdown completed.] 
[2024-03-08 23:48:32,498] - [org.hibernate.validator.internal.util.Version] [<clinit>] -> (INFO) [HV000001: Hibernate Validator 8.0.1.Final] 
[2024-03-08 23:48:32,594] - [com.hcl.elch.sportathon.registration.RegistrationApplication] [logStarting] -> (INFO) [Starting RegistrationApplication using Java 19 with PID 25524 (C:\Sportathon\sportathon\Registration\target\classes started by tausif.ahmad in C:\Sportathon\sportathon\Registration)] 
[2024-03-08 23:48:32,604] - [com.hcl.elch.sportathon.registration.RegistrationApplication] [logStartupProfileInfo] -> (INFO) [No active profile set, falling back to 1 default profile: "default"] 
[2024-03-08 23:48:34,462] - [org.springframework.data.repository.config.RepositoryConfigurationDelegate] [registerRepositoriesIn] -> (INFO) [Bootstrapping Spring Data JPA repositories in DEFAULT mode.] 
[2024-03-08 23:48:34,649] - [org.springframework.data.repository.config.RepositoryConfigurationDelegate] [registerRepositoriesIn] -> (INFO) [Finished Spring Data repository scanning in 166 ms. Found 3 JPA repository interfaces.] 
[2024-03-08 23:48:36,351] - [org.springframework.boot.web.embedded.tomcat.TomcatWebServer] [initialize] -> (INFO) [Tomcat initialized with port 8085 (http)] 
[2024-03-08 23:48:36,375] - [org.apache.coyote.http11.Http11NioProtocol] [log] -> (INFO) [Initializing ProtocolHandler ["http-nio-8085"]] 
[2024-03-08 23:48:36,380] - [org.apache.catalina.core.StandardService] [log] -> (INFO) [Starting service [Tomcat]] 
[2024-03-08 23:48:36,381] - [org.apache.catalina.core.StandardEngine] [log] -> (INFO) [Starting Servlet engine: [Apache Tomcat/10.1.19]] 
[2024-03-08 23:48:36,609] - [org.apache.catalina.core.ContainerBase.[Tomcat].[localhost].[/]] [log] -> (INFO) [Initializing Spring embedded WebApplicationContext] 
[2024-03-08 23:48:36,612] - [org.springframework.boot.web.servlet.context.ServletWebServerApplicationContext] [prepareWebApplicationContext] -> (INFO) [Root WebApplicationContext: initialization completed in 3898 ms] 
[2024-03-08 23:48:37,046] - [org.hibernate.jpa.internal.util.LogHelper] [logPersistenceUnitInformation] -> (INFO) [HHH000204: Processing PersistenceUnitInfo [name: default]] 
[2024-03-08 23:48:37,246] - [org.hibernate.Version] [logVersion] -> (INFO) [HHH000412: Hibernate ORM core version 6.4.4.Final] 
[2024-03-08 23:48:37,368] - [org.hibernate.cache.internal.RegionFactoryInitiator] [initiateService] -> (INFO) [HHH000026: Second-level cache disabled] 
[2024-03-08 23:48:38,045] - [org.springframework.orm.jpa.persistenceunit.SpringPersistenceUnitInfo] [addTransformer] -> (INFO) [No LoadTimeWeaver setup: ignoring JPA class transformer] 
[2024-03-08 23:48:38,131] - [com.zaxxer.hikari.HikariDataSource] [getConnection] -> (INFO) [HikariPool-1 - Starting...] 
[2024-03-08 23:48:38,738] - [com.zaxxer.hikari.pool.HikariPool] [checkFailFast] -> (INFO) [HikariPool-1 - Added connection com.mysql.cj.jdbc.ConnectionImpl@62de73eb] 
[2024-03-08 23:48:38,741] - [com.zaxxer.hikari.HikariDataSource] [getConnection] -> (INFO) [HikariPool-1 - Start completed.] 
[2024-03-08 23:48:40,866] - [org.hibernate.engine.transaction.jta.platform.internal.JtaPlatformInitiator] [initiateService] -> (INFO) [HHH000489: No JTA platform available (set 'hibernate.transaction.jta.platform' to enable JTA platform integration)] 
[2024-03-08 23:48:41,763] - [org.springframework.orm.jpa.LocalContainerEntityManagerFactoryBean] [buildNativeEntityManagerFactory] -> (INFO) [Initialized JPA EntityManagerFactory for persistence unit 'default'] 
[2024-03-08 23:48:42,553] - [org.springframework.data.jpa.repository.query.QueryEnhancerFactory] [<clinit>] -> (INFO) [Hibernate is in classpath; If applicable, HQL parser will be used.] 
[2024-03-08 23:48:42,807] - [org.springframework.boot.autoconfigure.orm.jpa.JpaBaseConfiguration$JpaWebConfiguration] [openEntityManagerInViewInterceptor] -> (WARN) [spring.jpa.open-in-view is enabled by default. Therefore, database queries may be performed during view rendering. Explicitly configure spring.jpa.open-in-view to disable this warning] 
[2024-03-08 23:48:43,650] - [org.apache.coyote.http11.Http11NioProtocol] [log] -> (INFO) [Starting ProtocolHandler ["http-nio-8085"]] 
[2024-03-08 23:48:43,739] - [org.springframework.boot.web.embedded.tomcat.TomcatWebServer] [start] -> (INFO) [Tomcat started on port 8085 (http) with context path ''] 
[2024-03-08 23:48:43,759] - [com.hcl.elch.sportathon.registration.RegistrationApplication] [logStarted] -> (INFO) [Started RegistrationApplication in 11.874 seconds (process running for 16.121)] 
[2024-03-08 23:49:16,688] - [org.apache.catalina.core.ContainerBase.[Tomcat].[localhost].[/]] [log] -> (INFO) [Initializing Spring DispatcherServlet 'dispatcherServlet'] 
[2024-03-08 23:49:16,688] - [org.springframework.web.servlet.DispatcherServlet] [initServletBean] -> (INFO) [Initializing Servlet 'dispatcherServlet'] 
[2024-03-08 23:49:16,690] - [org.springframework.web.servlet.DispatcherServlet] [initServletBean] -> (INFO) [Completed initialization in 1 ms] 
[2024-03-08 23:49:17,313] - [com.hcl.elch.sportathon.registration.services.GameServiceImpl] [addGames] -> (INFO) [Game data saved !!] 
[2024-03-08 23:49:36,267] - [com.hcl.elch.sportathon.registration.services.TeamRegistrationServiceImpl] [saveTeamWithPlayers] -> (INFO) [Data Saved in TeamDetails as well as in TeamWithPlayerDetails table...] 
[2024-03-08 23:55:03,689] - [org.springframework.orm.jpa.LocalContainerEntityManagerFactoryBean] [destroy] -> (INFO) [Closing JPA EntityManagerFactory for persistence unit 'default'] 
[2024-03-08 23:55:03,693] - [com.zaxxer.hikari.HikariDataSource] [close] -> (INFO) [HikariPool-1 - Shutdown initiated...] 
[2024-03-08 23:55:03,721] - [com.zaxxer.hikari.HikariDataSource] [close] -> (INFO) [HikariPool-1 - Shutdown completed.] 
[2024-03-08 23:55:24,716] - [org.hibernate.validator.internal.util.Version] [<clinit>] -> (INFO) [HV000001: Hibernate Validator 8.0.1.Final] 
[2024-03-08 23:55:24,797] - [com.hcl.elch.sportathon.registration.RegistrationApplication] [logStarting] -> (INFO) [Starting RegistrationApplication using Java 19 with PID 21068 (C:\Sportathon\sportathon\Registration\target\classes started by tausif.ahmad in C:\Sportathon\sportathon\Registration)] 
[2024-03-08 23:55:24,806] - [com.hcl.elch.sportathon.registration.RegistrationApplication] [logStartupProfileInfo] -> (INFO) [No active profile set, falling back to 1 default profile: "default"] 
[2024-03-08 23:55:26,480] - [org.springframework.data.repository.config.RepositoryConfigurationDelegate] [registerRepositoriesIn] -> (INFO) [Bootstrapping Spring Data JPA repositories in DEFAULT mode.] 
[2024-03-08 23:55:26,659] - [org.springframework.data.repository.config.RepositoryConfigurationDelegate] [registerRepositoriesIn] -> (INFO) [Finished Spring Data repository scanning in 161 ms. Found 3 JPA repository interfaces.] 
[2024-03-08 23:55:28,189] - [org.springframework.boot.web.embedded.tomcat.TomcatWebServer] [initialize] -> (INFO) [Tomcat initialized with port 8085 (http)] 
[2024-03-08 23:55:28,209] - [org.apache.coyote.http11.Http11NioProtocol] [log] -> (INFO) [Initializing ProtocolHandler ["http-nio-8085"]] 
[2024-03-08 23:55:28,214] - [org.apache.catalina.core.StandardService] [log] -> (INFO) [Starting service [Tomcat]] 
[2024-03-08 23:55:28,216] - [org.apache.catalina.core.StandardEngine] [log] -> (INFO) [Starting Servlet engine: [Apache Tomcat/10.1.19]] 
[2024-03-08 23:55:28,432] - [org.apache.catalina.core.ContainerBase.[Tomcat].[localhost].[/]] [log] -> (INFO) [Initializing Spring embedded WebApplicationContext] 
[2024-03-08 23:55:28,436] - [org.springframework.boot.web.servlet.context.ServletWebServerApplicationContext] [prepareWebApplicationContext] -> (INFO) [Root WebApplicationContext: initialization completed in 3532 ms] 
[2024-03-08 23:55:28,847] - [org.hibernate.jpa.internal.util.LogHelper] [logPersistenceUnitInformation] -> (INFO) [HHH000204: Processing PersistenceUnitInfo [name: default]] 
[2024-03-08 23:55:29,021] - [org.hibernate.Version] [logVersion] -> (INFO) [HHH000412: Hibernate ORM core version 6.4.4.Final] 
[2024-03-08 23:55:29,128] - [org.hibernate.cache.internal.RegionFactoryInitiator] [initiateService] -> (INFO) [HHH000026: Second-level cache disabled] 
[2024-03-08 23:55:29,673] - [org.springframework.orm.jpa.persistenceunit.SpringPersistenceUnitInfo] [addTransformer] -> (INFO) [No LoadTimeWeaver setup: ignoring JPA class transformer] 
[2024-03-08 23:55:29,741] - [com.zaxxer.hikari.HikariDataSource] [getConnection] -> (INFO) [HikariPool-1 - Starting...] 
[2024-03-08 23:55:30,367] - [com.zaxxer.hikari.pool.HikariPool] [checkFailFast] -> (INFO) [HikariPool-1 - Added connection com.mysql.cj.jdbc.ConnectionImpl@97b5e6a] 
[2024-03-08 23:55:30,371] - [com.zaxxer.hikari.HikariDataSource] [getConnection] -> (INFO) [HikariPool-1 - Start completed.] 
[2024-03-08 23:55:32,504] - [org.hibernate.engine.transaction.jta.platform.internal.JtaPlatformInitiator] [initiateService] -> (INFO) [HHH000489: No JTA platform available (set 'hibernate.transaction.jta.platform' to enable JTA platform integration)] 
[2024-03-08 23:55:33,559] - [org.springframework.orm.jpa.LocalContainerEntityManagerFactoryBean] [buildNativeEntityManagerFactory] -> (INFO) [Initialized JPA EntityManagerFactory for persistence unit 'default'] 
[2024-03-08 23:55:34,379] - [org.springframework.data.jpa.repository.query.QueryEnhancerFactory] [<clinit>] -> (INFO) [Hibernate is in classpath; If applicable, HQL parser will be used.] 
[2024-03-08 23:55:34,654] - [org.springframework.boot.autoconfigure.orm.jpa.JpaBaseConfiguration$JpaWebConfiguration] [openEntityManagerInViewInterceptor] -> (WARN) [spring.jpa.open-in-view is enabled by default. Therefore, database queries may be performed during view rendering. Explicitly configure spring.jpa.open-in-view to disable this warning] 
[2024-03-08 23:55:35,518] - [org.apache.coyote.http11.Http11NioProtocol] [log] -> (INFO) [Starting ProtocolHandler ["http-nio-8085"]] 
[2024-03-08 23:55:35,603] - [org.springframework.boot.web.embedded.tomcat.TomcatWebServer] [start] -> (INFO) [Tomcat started on port 8085 (http) with context path ''] 
[2024-03-08 23:55:35,618] - [com.hcl.elch.sportathon.registration.RegistrationApplication] [logStarted] -> (INFO) [Started RegistrationApplication in 11.502 seconds (process running for 15.782)] 
[2024-03-08 23:55:47,941] - [org.apache.catalina.core.ContainerBase.[Tomcat].[localhost].[/]] [log] -> (INFO) [Initializing Spring DispatcherServlet 'dispatcherServlet'] 
[2024-03-08 23:55:47,942] - [org.springframework.web.servlet.DispatcherServlet] [initServletBean] -> (INFO) [Initializing Servlet 'dispatcherServlet'] 
[2024-03-08 23:55:47,944] - [org.springframework.web.servlet.DispatcherServlet] [initServletBean] -> (INFO) [Completed initialization in 1 ms] 
[2024-03-08 23:55:48,494] - [com.hcl.elch.sportathon.registration.services.GameServiceImpl] [addGames] -> (INFO) [Game data saved !!] 
[2024-03-08 23:55:55,931] - [com.hcl.elch.sportathon.registration.services.TeamRegistrationServiceImpl] [saveTeamWithPlayers] -> (INFO) [Data Saved in TeamDetails as well as in TeamWithPlayerDetails table...] 
