[2024-03-14 00:13:54,903] - [com.zaxxer.hikari.pool.HikariPool] [run] -> (WARN) [HikariPool-1 - Thread starvation or clock leap detected (housekeeper delta=13m59s778ms431µs500ns).] 
[2024-03-14 00:26:47,070] - [org.hibernate.validator.internal.util.Version] [<clinit>] -> (INFO) [HV000001: Hibernate Validator 8.0.1.Final] 
[2024-03-14 00:26:47,149] - [com.hcl.elch.sportathon.registration.RegistrationApplication] [logStarting] -> (INFO) [Starting RegistrationApplication using Java 19 with PID 12992 (C:\Sportathon\sportathon\Registration\target\classes started by tausif.ahmad in C:\Sportathon\sportathon\Registration)] 
[2024-03-14 00:26:47,161] - [com.hcl.elch.sportathon.registration.RegistrationApplication] [logStartupProfileInfo] -> (INFO) [No active profile set, falling back to 1 default profile: "default"] 
[2024-03-14 00:26:48,656] - [org.springframework.data.repository.config.RepositoryConfigurationDelegate] [registerRepositoriesIn] -> (INFO) [Bootstrapping Spring Data JPA repositories in DEFAULT mode.] 
[2024-03-14 00:26:48,825] - [org.springframework.data.repository.config.RepositoryConfigurationDelegate] [registerRepositoriesIn] -> (INFO) [Finished Spring Data repository scanning in 155 ms. Found 4 JPA repository interfaces.] 
[2024-03-14 00:26:50,367] - [org.springframework.boot.web.embedded.tomcat.TomcatWebServer] [initialize] -> (INFO) [Tomcat initialized with port 8085 (http)] 
[2024-03-14 00:26:50,387] - [org.apache.coyote.http11.Http11NioProtocol] [log] -> (INFO) [Initializing ProtocolHandler ["http-nio-8085"]] 
[2024-03-14 00:26:50,391] - [org.apache.catalina.core.StandardService] [log] -> (INFO) [Starting service [Tomcat]] 
[2024-03-14 00:26:50,392] - [org.apache.catalina.core.StandardEngine] [log] -> (INFO) [Starting Servlet engine: [Apache Tomcat/10.1.19]] 
[2024-03-14 00:26:50,564] - [org.apache.catalina.core.ContainerBase.[Tomcat].[localhost].[/]] [log] -> (INFO) [Initializing Spring embedded WebApplicationContext] 
[2024-03-14 00:26:50,567] - [org.springframework.boot.web.servlet.context.ServletWebServerApplicationContext] [prepareWebApplicationContext] -> (INFO) [Root WebApplicationContext: initialization completed in 3303 ms] 
[2024-03-14 00:26:50,987] - [org.hibernate.jpa.internal.util.LogHelper] [logPersistenceUnitInformation] -> (INFO) [HHH000204: Processing PersistenceUnitInfo [name: default]] 
[2024-03-14 00:26:51,235] - [org.hibernate.Version] [logVersion] -> (INFO) [HHH000412: Hibernate ORM core version 6.4.4.Final] 
[2024-03-14 00:26:51,346] - [org.hibernate.cache.internal.RegionFactoryInitiator] [initiateService] -> (INFO) [HHH000026: Second-level cache disabled] 
[2024-03-14 00:26:51,979] - [org.springframework.orm.jpa.persistenceunit.SpringPersistenceUnitInfo] [addTransformer] -> (INFO) [No LoadTimeWeaver setup: ignoring JPA class transformer] 
[2024-03-14 00:26:52,049] - [com.zaxxer.hikari.HikariDataSource] [getConnection] -> (INFO) [HikariPool-1 - Starting...] 
[2024-03-14 00:26:52,754] - [com.zaxxer.hikari.pool.HikariPool] [checkFailFast] -> (INFO) [HikariPool-1 - Added connection com.mysql.cj.jdbc.ConnectionImpl@4fea5ee0] 
[2024-03-14 00:26:52,764] - [com.zaxxer.hikari.HikariDataSource] [getConnection] -> (INFO) [HikariPool-1 - Start completed.] 
[2024-03-14 00:26:54,696] - [org.hibernate.engine.transaction.jta.platform.internal.JtaPlatformInitiator] [initiateService] -> (INFO) [HHH000489: No JTA platform available (set 'hibernate.transaction.jta.platform' to enable JTA platform integration)] 
[2024-03-14 00:26:54,866] - [org.springframework.orm.jpa.LocalContainerEntityManagerFactoryBean] [buildNativeEntityManagerFactory] -> (INFO) [Initialized JPA EntityManagerFactory for persistence unit 'default'] 
[2024-03-14 00:26:55,339] - [org.springframework.data.jpa.repository.query.QueryEnhancerFactory] [<clinit>] -> (INFO) [Hibernate is in classpath; If applicable, HQL parser will be used.] 
[2024-03-14 00:26:56,260] - [org.springframework.boot.autoconfigure.orm.jpa.JpaBaseConfiguration$JpaWebConfiguration] [openEntityManagerInViewInterceptor] -> (WARN) [spring.jpa.open-in-view is enabled by default. Therefore, database queries may be performed during view rendering. Explicitly configure spring.jpa.open-in-view to disable this warning] 
[2024-03-14 00:26:56,899] - [org.apache.coyote.http11.Http11NioProtocol] [log] -> (INFO) [Starting ProtocolHandler ["http-nio-8085"]] 
[2024-03-14 00:26:56,969] - [org.springframework.boot.web.embedded.tomcat.TomcatWebServer] [start] -> (INFO) [Tomcat started on port 8085 (http) with context path ''] 
[2024-03-14 00:26:56,983] - [com.hcl.elch.sportathon.registration.RegistrationApplication] [logStarted] -> (INFO) [Started RegistrationApplication in 10.462 seconds (process running for 14.204)] 
[2024-03-14 00:27:02,287] - [org.apache.catalina.core.ContainerBase.[Tomcat].[localhost].[/]] [log] -> (INFO) [Initializing Spring DispatcherServlet 'dispatcherServlet'] 
[2024-03-14 00:27:02,288] - [org.springframework.web.servlet.DispatcherServlet] [initServletBean] -> (INFO) [Initializing Servlet 'dispatcherServlet'] 
[2024-03-14 00:27:02,290] - [org.springframework.web.servlet.DispatcherServlet] [initServletBean] -> (INFO) [Completed initialization in 2 ms] 
[2024-03-14 00:28:57,249] - [org.springframework.test.context.support.AnnotationConfigContextLoaderUtils] [detectDefaultConfigurationClasses] -> (INFO) [Could not detect default configuration classes for test class [com.hcl.elch.sportathon.registration.RegistrationApplicationTests]: RegistrationApplicationTests does not declare any static, non-private, non-final, nested classes annotated with @Configuration.] 
[2024-03-14 00:28:57,513] - [org.springframework.boot.test.context.SpringBootTestContextBootstrapper] [getOrFindConfigurationClasses] -> (INFO) [Found @SpringBootConfiguration com.hcl.elch.sportathon.registration.RegistrationApplication for test class com.hcl.elch.sportathon.registration.RegistrationApplicationTests] 
[2024-03-14 00:28:58,245] - [org.hibernate.validator.internal.util.Version] [<clinit>] -> (INFO) [HV000001: Hibernate Validator 8.0.1.Final] 
[2024-03-14 00:28:58,295] - [com.hcl.elch.sportathon.registration.RegistrationApplicationTests] [logStarting] -> (INFO) [Starting RegistrationApplicationTests using Java 19 with PID 20840 (started by tausif.ahmad in C:\Sportathon\sportathon\Registration)] 
[2024-03-14 00:28:58,302] - [com.hcl.elch.sportathon.registration.RegistrationApplicationTests] [logStartupProfileInfo] -> (INFO) [No active profile set, falling back to 1 default profile: "default"] 
[2024-03-14 00:29:00,055] - [org.springframework.data.repository.config.RepositoryConfigurationDelegate] [registerRepositoriesIn] -> (INFO) [Bootstrapping Spring Data JPA repositories in DEFAULT mode.] 
[2024-03-14 00:29:00,269] - [org.springframework.data.repository.config.RepositoryConfigurationDelegate] [registerRepositoriesIn] -> (INFO) [Finished Spring Data repository scanning in 190 ms. Found 4 JPA repository interfaces.] 
[2024-03-14 00:29:01,652] - [org.hibernate.jpa.internal.util.LogHelper] [logPersistenceUnitInformation] -> (INFO) [HHH000204: Processing PersistenceUnitInfo [name: default]] 
[2024-03-14 00:29:01,957] - [org.hibernate.Version] [logVersion] -> (INFO) [HHH000412: Hibernate ORM core version 6.4.4.Final] 
[2024-03-14 00:29:02,143] - [org.hibernate.cache.internal.RegionFactoryInitiator] [initiateService] -> (INFO) [HHH000026: Second-level cache disabled] 
[2024-03-14 00:29:03,657] - [org.springframework.orm.jpa.persistenceunit.SpringPersistenceUnitInfo] [addTransformer] -> (INFO) [No LoadTimeWeaver setup: ignoring JPA class transformer] 
[2024-03-14 00:29:03,730] - [com.zaxxer.hikari.HikariDataSource] [getConnection] -> (INFO) [HikariPool-1 - Starting...] 
[2024-03-14 00:29:04,528] - [com.zaxxer.hikari.pool.HikariPool] [checkFailFast] -> (INFO) [HikariPool-1 - Added connection com.mysql.cj.jdbc.ConnectionImpl@51508029] 
[2024-03-14 00:29:04,532] - [com.zaxxer.hikari.HikariDataSource] [getConnection] -> (INFO) [HikariPool-1 - Start completed.] 
[2024-03-14 00:29:07,064] - [org.hibernate.engine.transaction.jta.platform.internal.JtaPlatformInitiator] [initiateService] -> (INFO) [HHH000489: No JTA platform available (set 'hibernate.transaction.jta.platform' to enable JTA platform integration)] 
[2024-03-14 00:29:07,243] - [org.springframework.orm.jpa.LocalContainerEntityManagerFactoryBean] [buildNativeEntityManagerFactory] -> (INFO) [Initialized JPA EntityManagerFactory for persistence unit 'default'] 
[2024-03-14 00:29:07,776] - [org.springframework.data.jpa.repository.query.QueryEnhancerFactory] [<clinit>] -> (INFO) [Hibernate is in classpath; If applicable, HQL parser will be used.] 
[2024-03-14 00:29:09,249] - [org.springframework.boot.autoconfigure.orm.jpa.JpaBaseConfiguration$JpaWebConfiguration] [openEntityManagerInViewInterceptor] -> (WARN) [spring.jpa.open-in-view is enabled by default. Therefore, database queries may be performed during view rendering. Explicitly configure spring.jpa.open-in-view to disable this warning] 
[2024-03-14 00:29:10,222] - [com.hcl.elch.sportathon.registration.RegistrationApplicationTests] [logStarted] -> (INFO) [Started RegistrationApplicationTests in 12.386 seconds (process running for 16.172)] 
[2024-03-14 00:29:13,306] - [org.springframework.orm.jpa.LocalContainerEntityManagerFactoryBean] [destroy] -> (INFO) [Closing JPA EntityManagerFactory for persistence unit 'default'] 
[2024-03-14 00:29:13,312] - [com.zaxxer.hikari.HikariDataSource] [close] -> (INFO) [HikariPool-1 - Shutdown initiated...] 
[2024-03-14 00:29:13,386] - [com.zaxxer.hikari.HikariDataSource] [close] -> (INFO) [HikariPool-1 - Shutdown completed.] 
[2024-03-14 00:29:57,781] - [org.springframework.orm.jpa.LocalContainerEntityManagerFactoryBean] [destroy] -> (INFO) [Closing JPA EntityManagerFactory for persistence unit 'default'] 
[2024-03-14 00:29:57,784] - [com.zaxxer.hikari.HikariDataSource] [close] -> (INFO) [HikariPool-1 - Shutdown initiated...] 
[2024-03-14 00:29:57,825] - [com.zaxxer.hikari.HikariDataSource] [close] -> (INFO) [HikariPool-1 - Shutdown completed.] 
[2024-03-14 00:30:28,178] - [org.hibernate.validator.internal.util.Version] [<clinit>] -> (INFO) [HV000001: Hibernate Validator 8.0.1.Final] 
[2024-03-14 00:30:28,264] - [com.hcl.elch.sportathon.registration.RegistrationApplication] [logStarting] -> (INFO) [Starting RegistrationApplication using Java 19 with PID 25248 (C:\Sportathon\sportathon\Registration\target\classes started by tausif.ahmad in C:\Sportathon\sportathon\Registration)] 
[2024-03-14 00:30:28,274] - [com.hcl.elch.sportathon.registration.RegistrationApplication] [logStartupProfileInfo] -> (INFO) [No active profile set, falling back to 1 default profile: "default"] 
[2024-03-14 00:30:30,095] - [org.springframework.data.repository.config.RepositoryConfigurationDelegate] [registerRepositoriesIn] -> (INFO) [Bootstrapping Spring Data JPA repositories in DEFAULT mode.] 
[2024-03-14 00:30:30,299] - [org.springframework.data.repository.config.RepositoryConfigurationDelegate] [registerRepositoriesIn] -> (INFO) [Finished Spring Data repository scanning in 180 ms. Found 4 JPA repository interfaces.] 
[2024-03-14 00:30:31,873] - [org.springframework.boot.web.embedded.tomcat.TomcatWebServer] [initialize] -> (INFO) [Tomcat initialized with port 8085 (http)] 
[2024-03-14 00:30:31,891] - [org.apache.coyote.http11.Http11NioProtocol] [log] -> (INFO) [Initializing ProtocolHandler ["http-nio-8085"]] 
[2024-03-14 00:30:31,898] - [org.apache.catalina.core.StandardService] [log] -> (INFO) [Starting service [Tomcat]] 
[2024-03-14 00:30:31,898] - [org.apache.catalina.core.StandardEngine] [log] -> (INFO) [Starting Servlet engine: [Apache Tomcat/10.1.19]] 
[2024-03-14 00:30:32,086] - [org.apache.catalina.core.ContainerBase.[Tomcat].[localhost].[/]] [log] -> (INFO) [Initializing Spring embedded WebApplicationContext] 
[2024-03-14 00:30:32,089] - [org.springframework.boot.web.servlet.context.ServletWebServerApplicationContext] [prepareWebApplicationContext] -> (INFO) [Root WebApplicationContext: initialization completed in 3710 ms] 
[2024-03-14 00:30:32,489] - [org.hibernate.jpa.internal.util.LogHelper] [logPersistenceUnitInformation] -> (INFO) [HHH000204: Processing PersistenceUnitInfo [name: default]] 
[2024-03-14 00:30:32,631] - [org.hibernate.Version] [logVersion] -> (INFO) [HHH000412: Hibernate ORM core version 6.4.4.Final] 
[2024-03-14 00:30:32,708] - [org.hibernate.cache.internal.RegionFactoryInitiator] [initiateService] -> (INFO) [HHH000026: Second-level cache disabled] 
[2024-03-14 00:30:33,191] - [org.springframework.orm.jpa.persistenceunit.SpringPersistenceUnitInfo] [addTransformer] -> (INFO) [No LoadTimeWeaver setup: ignoring JPA class transformer] 
[2024-03-14 00:30:33,253] - [com.zaxxer.hikari.HikariDataSource] [getConnection] -> (INFO) [HikariPool-1 - Starting...] 
[2024-03-14 00:30:33,968] - [com.zaxxer.hikari.pool.HikariPool] [checkFailFast] -> (INFO) [HikariPool-1 - Added connection com.mysql.cj.jdbc.ConnectionImpl@25d9291a] 
[2024-03-14 00:30:33,972] - [com.zaxxer.hikari.HikariDataSource] [getConnection] -> (INFO) [HikariPool-1 - Start completed.] 
[2024-03-14 00:30:36,040] - [org.hibernate.engine.transaction.jta.platform.internal.JtaPlatformInitiator] [initiateService] -> (INFO) [HHH000489: No JTA platform available (set 'hibernate.transaction.jta.platform' to enable JTA platform integration)] 
[2024-03-14 00:30:36,198] - [org.springframework.orm.jpa.LocalContainerEntityManagerFactoryBean] [buildNativeEntityManagerFactory] -> (INFO) [Initialized JPA EntityManagerFactory for persistence unit 'default'] 
[2024-03-14 00:30:36,968] - [org.springframework.data.jpa.repository.query.QueryEnhancerFactory] [<clinit>] -> (INFO) [Hibernate is in classpath; If applicable, HQL parser will be used.] 
[2024-03-14 00:30:38,348] - [org.springframework.boot.autoconfigure.orm.jpa.JpaBaseConfiguration$JpaWebConfiguration] [openEntityManagerInViewInterceptor] -> (WARN) [spring.jpa.open-in-view is enabled by default. Therefore, database queries may be performed during view rendering. Explicitly configure spring.jpa.open-in-view to disable this warning] 
[2024-03-14 00:30:39,186] - [org.apache.coyote.http11.Http11NioProtocol] [log] -> (INFO) [Starting ProtocolHandler ["http-nio-8085"]] 
[2024-03-14 00:30:39,277] - [org.springframework.boot.web.embedded.tomcat.TomcatWebServer] [start] -> (INFO) [Tomcat started on port 8085 (http) with context path ''] 
[2024-03-14 00:30:39,299] - [com.hcl.elch.sportathon.registration.RegistrationApplication] [logStarted] -> (INFO) [Started RegistrationApplication in 11.718 seconds (process running for 15.51)] 
[2024-03-14 00:36:19,192] - [org.springframework.orm.jpa.LocalContainerEntityManagerFactoryBean] [destroy] -> (INFO) [Closing JPA EntityManagerFactory for persistence unit 'default'] 
[2024-03-14 00:36:19,197] - [com.zaxxer.hikari.HikariDataSource] [close] -> (INFO) [HikariPool-1 - Shutdown initiated...] 
[2024-03-14 00:36:19,239] - [com.zaxxer.hikari.HikariDataSource] [close] -> (INFO) [HikariPool-1 - Shutdown completed.] 
[2024-03-14 16:31:10,044] - [org.hibernate.validator.internal.util.Version] [<clinit>] -> (INFO) [HV000001: Hibernate Validator 8.0.1.Final] 
[2024-03-14 16:31:10,132] - [com.hcl.elch.sportathon.registration.RegistrationApplication] [logStarting] -> (INFO) [Starting RegistrationApplication using Java 19 with PID 25572 (C:\Sportathon\sportathon\Registration\target\classes started by tausif.ahmad in C:\Sportathon\sportathon\Registration)] 
[2024-03-14 16:31:10,140] - [com.hcl.elch.sportathon.registration.RegistrationApplication] [logStartupProfileInfo] -> (INFO) [No active profile set, falling back to 1 default profile: "default"] 
[2024-03-14 16:31:11,712] - [org.springframework.data.repository.config.RepositoryConfigurationDelegate] [registerRepositoriesIn] -> (INFO) [Bootstrapping Spring Data JPA repositories in DEFAULT mode.] 
[2024-03-14 16:31:11,910] - [org.springframework.data.repository.config.RepositoryConfigurationDelegate] [registerRepositoriesIn] -> (INFO) [Finished Spring Data repository scanning in 179 ms. Found 4 JPA repository interfaces.] 
[2024-03-14 16:31:13,240] - [org.springframework.boot.web.embedded.tomcat.TomcatWebServer] [initialize] -> (INFO) [Tomcat initialized with port 8085 (http)] 
[2024-03-14 16:31:13,259] - [org.apache.coyote.http11.Http11NioProtocol] [log] -> (INFO) [Initializing ProtocolHandler ["http-nio-8085"]] 
[2024-03-14 16:31:13,273] - [org.apache.catalina.core.StandardService] [log] -> (INFO) [Starting service [Tomcat]] 
[2024-03-14 16:31:13,274] - [org.apache.catalina.core.StandardEngine] [log] -> (INFO) [Starting Servlet engine: [Apache Tomcat/10.1.19]] 
[2024-03-14 16:31:13,433] - [org.apache.catalina.core.ContainerBase.[Tomcat].[localhost].[/]] [log] -> (INFO) [Initializing Spring embedded WebApplicationContext] 
[2024-03-14 16:31:13,436] - [org.springframework.boot.web.servlet.context.ServletWebServerApplicationContext] [prepareWebApplicationContext] -> (INFO) [Root WebApplicationContext: initialization completed in 3204 ms] 
[2024-03-14 16:31:13,800] - [org.hibernate.jpa.internal.util.LogHelper] [logPersistenceUnitInformation] -> (INFO) [HHH000204: Processing PersistenceUnitInfo [name: default]] 
[2024-03-14 16:31:13,982] - [org.hibernate.Version] [logVersion] -> (INFO) [HHH000412: Hibernate ORM core version 6.4.4.Final] 
[2024-03-14 16:31:14,101] - [org.hibernate.cache.internal.RegionFactoryInitiator] [initiateService] -> (INFO) [HHH000026: Second-level cache disabled] 
[2024-03-14 16:31:14,702] - [org.springframework.orm.jpa.persistenceunit.SpringPersistenceUnitInfo] [addTransformer] -> (INFO) [No LoadTimeWeaver setup: ignoring JPA class transformer] 
[2024-03-14 16:31:14,774] - [com.zaxxer.hikari.HikariDataSource] [getConnection] -> (INFO) [HikariPool-1 - Starting...] 
[2024-03-14 16:31:15,376] - [com.zaxxer.hikari.pool.HikariPool] [checkFailFast] -> (INFO) [HikariPool-1 - Added connection com.mysql.cj.jdbc.ConnectionImpl@4fea5ee0] 
[2024-03-14 16:31:15,379] - [com.zaxxer.hikari.HikariDataSource] [getConnection] -> (INFO) [HikariPool-1 - Start completed.] 
[2024-03-14 16:31:17,310] - [org.hibernate.engine.transaction.jta.platform.internal.JtaPlatformInitiator] [initiateService] -> (INFO) [HHH000489: No JTA platform available (set 'hibernate.transaction.jta.platform' to enable JTA platform integration)] 
[2024-03-14 16:31:17,503] - [org.springframework.orm.jpa.LocalContainerEntityManagerFactoryBean] [buildNativeEntityManagerFactory] -> (INFO) [Initialized JPA EntityManagerFactory for persistence unit 'default'] 
[2024-03-14 16:31:18,136] - [org.springframework.data.jpa.repository.query.QueryEnhancerFactory] [<clinit>] -> (INFO) [Hibernate is in classpath; If applicable, HQL parser will be used.] 
[2024-03-14 16:31:19,280] - [org.springframework.boot.autoconfigure.orm.jpa.JpaBaseConfiguration$JpaWebConfiguration] [openEntityManagerInViewInterceptor] -> (WARN) [spring.jpa.open-in-view is enabled by default. Therefore, database queries may be performed during view rendering. Explicitly configure spring.jpa.open-in-view to disable this warning] 
[2024-03-14 16:31:19,945] - [org.apache.coyote.http11.Http11NioProtocol] [log] -> (INFO) [Starting ProtocolHandler ["http-nio-8085"]] 
[2024-03-14 16:31:20,016] - [org.springframework.boot.web.embedded.tomcat.TomcatWebServer] [start] -> (INFO) [Tomcat started on port 8085 (http) with context path ''] 
[2024-03-14 16:31:20,032] - [com.hcl.elch.sportathon.registration.RegistrationApplication] [logStarted] -> (INFO) [Started RegistrationApplication in 10.498 seconds (process running for 14.486)] 
[2024-03-14 16:34:42,129] - [org.apache.catalina.core.ContainerBase.[Tomcat].[localhost].[/]] [log] -> (INFO) [Initializing Spring DispatcherServlet 'dispatcherServlet'] 
[2024-03-14 16:34:42,130] - [org.springframework.web.servlet.DispatcherServlet] [initServletBean] -> (INFO) [Initializing Servlet 'dispatcherServlet'] 
[2024-03-14 16:34:42,131] - [org.springframework.web.servlet.DispatcherServlet] [initServletBean] -> (INFO) [Completed initialization in 1 ms] 
[2024-03-14 16:35:33,397] - [com.hcl.elch.sportathon.registration.services.TeamRegistrationServiceImpl] [saveTeamWithPlayers] -> (INFO) [Inside saveTeamPlayers() method...] 
[2024-03-14 16:35:33,425] - [com.hcl.elch.sportathon.registration.services.TeamRegistrationServiceImpl] [saveTeamWithPlayers] -> (INFO) [Saving Team and Players...] 
[2024-03-14 16:35:33,426] - [com.hcl.elch.sportathon.registration.services.TeamRegistrationServiceImpl] [saveTeamWithPlayers] -> (INFO) [Player details is checking ...] 
[2024-03-14 16:35:33,536] - [com.hcl.elch.sportathon.registration.services.TeamRegistrationServiceImpl] [saveTeamWithPlayers] -> (INFO) [Team saved with players ...] 
[2024-03-14 16:35:33,537] - [com.hcl.elch.sportathon.registration.services.EmailService] [mailSendingForRegistration] -> (INFO) [Inside the mailSendingForRegistration() method now........] 
[2024-03-14 16:35:33,545] - [com.hcl.elch.sportathon.registration.services.EmailService] [mailCreation] -> (INFO) [Mail is creating...] 
[2024-03-14 16:35:33,873] - [com.hcl.elch.sportathon.registration.handler.GlobalExceptionHandler] [handleUnknownException] -> (ERROR) [Exception :- ErrorResponse(statusCode=500, message=Some Exception occurs -: Mail server connection failed. Failed messages: org.eclipse.angus.mail.util.MailConnectException: Couldn't connect to host, port: smtp.gmail.com, 587; timeout -1;
  nested exception is:
	java.net.UnknownHostException: smtp.gmail.com)] 
[2024-03-14 19:05:11,987] - [com.zaxxer.hikari.pool.HikariPool] [run] -> (WARN) [HikariPool-1 - Thread starvation or clock leap detected (housekeeper delta=1h48m25s827ms564µs799ns).] 
[2024-03-14 19:26:11,351] - [org.springframework.orm.jpa.LocalContainerEntityManagerFactoryBean] [destroy] -> (INFO) [Closing JPA EntityManagerFactory for persistence unit 'default'] 
[2024-03-14 19:26:11,366] - [com.zaxxer.hikari.HikariDataSource] [close] -> (INFO) [HikariPool-1 - Shutdown initiated...] 
[2024-03-14 19:26:11,395] - [com.zaxxer.hikari.HikariDataSource] [close] -> (INFO) [HikariPool-1 - Shutdown completed.] 
[2024-03-14 19:27:10,758] - [org.hibernate.validator.internal.util.Version] [<clinit>] -> (INFO) [HV000001: Hibernate Validator 8.0.1.Final] 
[2024-03-14 19:27:10,824] - [com.hcl.elch.sportathon.registration.RegistrationApplication] [logStarting] -> (INFO) [Starting RegistrationApplication using Java 19 with PID 12980 (C:\Sportathon\sportathon\Registration\target\classes started by tausif.ahmad in C:\Sportathon\sportathon\Registration)] 
[2024-03-14 19:27:10,832] - [com.hcl.elch.sportathon.registration.RegistrationApplication] [logStartupProfileInfo] -> (INFO) [No active profile set, falling back to 1 default profile: "default"] 
[2024-03-14 19:27:12,340] - [org.springframework.data.repository.config.RepositoryConfigurationDelegate] [registerRepositoriesIn] -> (INFO) [Bootstrapping Spring Data JPA repositories in DEFAULT mode.] 
[2024-03-14 19:27:12,501] - [org.springframework.data.repository.config.RepositoryConfigurationDelegate] [registerRepositoriesIn] -> (INFO) [Finished Spring Data repository scanning in 146 ms. Found 4 JPA repository interfaces.] 
[2024-03-14 19:27:13,838] - [org.springframework.boot.web.embedded.tomcat.TomcatWebServer] [initialize] -> (INFO) [Tomcat initialized with port 8085 (http)] 
[2024-03-14 19:27:13,854] - [org.apache.coyote.http11.Http11NioProtocol] [log] -> (INFO) [Initializing ProtocolHandler ["http-nio-8085"]] 
[2024-03-14 19:27:13,859] - [org.apache.catalina.core.StandardService] [log] -> (INFO) [Starting service [Tomcat]] 
[2024-03-14 19:27:13,860] - [org.apache.catalina.core.StandardEngine] [log] -> (INFO) [Starting Servlet engine: [Apache Tomcat/10.1.19]] 
[2024-03-14 19:27:14,044] - [org.apache.catalina.core.ContainerBase.[Tomcat].[localhost].[/]] [log] -> (INFO) [Initializing Spring embedded WebApplicationContext] 
[2024-03-14 19:27:14,046] - [org.springframework.boot.web.servlet.context.ServletWebServerApplicationContext] [prepareWebApplicationContext] -> (INFO) [Root WebApplicationContext: initialization completed in 3132 ms] 
[2024-03-14 19:27:14,377] - [org.hibernate.jpa.internal.util.LogHelper] [logPersistenceUnitInformation] -> (INFO) [HHH000204: Processing PersistenceUnitInfo [name: default]] 
[2024-03-14 19:27:14,546] - [org.hibernate.Version] [logVersion] -> (INFO) [HHH000412: Hibernate ORM core version 6.4.4.Final] 
[2024-03-14 19:27:14,653] - [org.hibernate.cache.internal.RegionFactoryInitiator] [initiateService] -> (INFO) [HHH000026: Second-level cache disabled] 
[2024-03-14 19:27:15,127] - [org.springframework.orm.jpa.persistenceunit.SpringPersistenceUnitInfo] [addTransformer] -> (INFO) [No LoadTimeWeaver setup: ignoring JPA class transformer] 
[2024-03-14 19:27:15,183] - [com.zaxxer.hikari.HikariDataSource] [getConnection] -> (INFO) [HikariPool-1 - Starting...] 
[2024-03-14 19:27:15,748] - [com.zaxxer.hikari.pool.HikariPool] [checkFailFast] -> (INFO) [HikariPool-1 - Added connection com.mysql.cj.jdbc.ConnectionImpl@2acca224] 
[2024-03-14 19:27:15,750] - [com.zaxxer.hikari.HikariDataSource] [getConnection] -> (INFO) [HikariPool-1 - Start completed.] 
[2024-03-14 19:27:17,539] - [org.hibernate.engine.transaction.jta.platform.internal.JtaPlatformInitiator] [initiateService] -> (INFO) [HHH000489: No JTA platform available (set 'hibernate.transaction.jta.platform' to enable JTA platform integration)] 
[2024-03-14 19:27:18,366] - [org.springframework.orm.jpa.LocalContainerEntityManagerFactoryBean] [buildNativeEntityManagerFactory] -> (INFO) [Initialized JPA EntityManagerFactory for persistence unit 'default'] 
[2024-03-14 19:27:19,016] - [org.springframework.data.jpa.repository.query.QueryEnhancerFactory] [<clinit>] -> (INFO) [Hibernate is in classpath; If applicable, HQL parser will be used.] 
[2024-03-14 19:27:20,018] - [org.springframework.boot.autoconfigure.orm.jpa.JpaBaseConfiguration$JpaWebConfiguration] [openEntityManagerInViewInterceptor] -> (WARN) [spring.jpa.open-in-view is enabled by default. Therefore, database queries may be performed during view rendering. Explicitly configure spring.jpa.open-in-view to disable this warning] 
[2024-03-14 19:27:20,839] - [org.apache.coyote.http11.Http11NioProtocol] [log] -> (INFO) [Starting ProtocolHandler ["http-nio-8085"]] 
[2024-03-14 19:27:20,901] - [org.springframework.boot.web.embedded.tomcat.TomcatWebServer] [start] -> (INFO) [Tomcat started on port 8085 (http) with context path ''] 
[2024-03-14 19:27:20,918] - [com.hcl.elch.sportathon.registration.RegistrationApplication] [logStarted] -> (INFO) [Started RegistrationApplication in 10.671 seconds (process running for 14.333)] 
[2024-03-14 19:29:21,061] - [org.apache.catalina.core.ContainerBase.[Tomcat].[localhost].[/]] [log] -> (INFO) [Initializing Spring DispatcherServlet 'dispatcherServlet'] 
[2024-03-14 19:29:21,062] - [org.springframework.web.servlet.DispatcherServlet] [initServletBean] -> (INFO) [Initializing Servlet 'dispatcherServlet'] 
[2024-03-14 19:29:21,067] - [org.springframework.web.servlet.DispatcherServlet] [initServletBean] -> (INFO) [Completed initialization in 5 ms] 
[2024-03-14 19:29:21,541] - [com.hcl.elch.sportathon.registration.services.GameServiceImpl] [addGames] -> (INFO) [Game data saved !!] 
[2024-03-14 19:29:39,751] - [com.hcl.elch.sportathon.registration.handler.GlobalExceptionHandler] [handleUnknownException] -> (ERROR) [Exception :- ErrorResponse(statusCode=500, message=Some Exception occurs -: No static resource api/game/1.)] 
[2024-03-14 19:32:35,167] - [com.hcl.elch.sportathon.registration.handler.GlobalExceptionHandler] [handleInvalidArgument] -> (ERROR) [Validation Error occurs ..] 
[2024-03-14 19:32:46,186] - [com.hcl.elch.sportathon.registration.services.TeamRegistrationServiceImpl] [saveTeamWithPlayers] -> (INFO) [Inside saveTeamPlayers() method...] 
[2024-03-14 19:32:46,213] - [com.hcl.elch.sportathon.registration.services.TeamRegistrationServiceImpl] [saveTeamWithPlayers] -> (INFO) [Saving Team and Players...] 
[2024-03-14 19:32:46,214] - [com.hcl.elch.sportathon.registration.services.TeamRegistrationServiceImpl] [saveTeamWithPlayers] -> (INFO) [Player details is checking ...] 
[2024-03-14 19:32:46,301] - [com.hcl.elch.sportathon.registration.services.TeamRegistrationServiceImpl] [saveTeamWithPlayers] -> (INFO) [Team saved with players ...] 
[2024-03-14 19:32:46,302] - [com.hcl.elch.sportathon.registration.services.EmailService] [mailSendingForRegistration] -> (INFO) [Inside the mailSendingForRegistration() method now........] 
[2024-03-14 19:32:46,319] - [com.hcl.elch.sportathon.registration.services.EmailService] [mailCreation] -> (INFO) [Mail is creating...] 
[2024-03-14 19:32:46,573] - [com.hcl.elch.sportathon.registration.handler.GlobalExceptionHandler] [handleUnknownException] -> (ERROR) [Exception :- ErrorResponse(statusCode=500, message=Some Exception occurs -: Mail server connection failed. Failed messages: org.eclipse.angus.mail.util.MailConnectException: Couldn't connect to host, port: smtp.gmail.com, 587; timeout -1;
  nested exception is:
	java.net.UnknownHostException: smtp.gmail.com)] 
[2024-03-14 19:34:01,540] - [com.hcl.elch.sportathon.registration.services.GameServiceImpl] [addGames] -> (INFO) [Game data saved !!] 
[2024-03-14 19:34:35,931] - [com.hcl.elch.sportathon.registration.services.TeamRegistrationServiceImpl] [saveTeamWithPlayers] -> (INFO) [Inside saveTeamPlayers() method...] 
[2024-03-14 19:34:35,946] - [com.hcl.elch.sportathon.registration.services.TeamRegistrationServiceImpl] [saveTeamWithPlayers] -> (INFO) [Saving Team and Players...] 
[2024-03-14 19:34:35,947] - [com.hcl.elch.sportathon.registration.services.TeamRegistrationServiceImpl] [saveTeamWithPlayers] -> (INFO) [Player details is checking ...] 
[2024-03-14 19:34:35,962] - [com.hcl.elch.sportathon.registration.services.TeamRegistrationServiceImpl] [saveTeamWithPlayers] -> (INFO) [Team saved with players ...] 
[2024-03-14 19:34:35,962] - [com.hcl.elch.sportathon.registration.services.EmailService] [mailSendingForRegistration] -> (INFO) [Inside the mailSendingForRegistration() method now........] 
[2024-03-14 19:34:35,968] - [com.hcl.elch.sportathon.registration.services.EmailService] [mailCreation] -> (INFO) [Mail is creating...] 
[2024-03-14 19:34:36,152] - [com.hcl.elch.sportathon.registration.handler.GlobalExceptionHandler] [handleUnknownException] -> (ERROR) [Exception :- ErrorResponse(statusCode=500, message=Some Exception occurs -: Mail server connection failed. Failed messages: org.eclipse.angus.mail.util.MailConnectException: Couldn't connect to host, port: smtp.gmail.com, 587; timeout -1;
  nested exception is:
	java.net.UnknownHostException: smtp.gmail.com)] 
[2024-03-15 22:23:09,939] - [org.hibernate.validator.internal.util.Version] [<clinit>] -> (INFO) [HV000001: Hibernate Validator 8.0.1.Final] 
[2024-03-15 22:23:10,152] - [com.hcl.elch.sportathon.registration.RegistrationApplication] [logStarting] -> (INFO) [Starting RegistrationApplication using Java 19 with PID 1840 (C:\Sportathon_POC\sportathon\Registration\target\classes started by tausif.ahmad in C:\Sportathon_POC\sportathon\Registration)] 
[2024-03-15 22:23:10,202] - [com.hcl.elch.sportathon.registration.RegistrationApplication] [logStartupProfileInfo] -> (INFO) [No active profile set, falling back to 1 default profile: "default"] 
[2024-03-15 22:23:13,899] - [org.springframework.data.repository.config.RepositoryConfigurationDelegate] [registerRepositoriesIn] -> (INFO) [Bootstrapping Spring Data JPA repositories in DEFAULT mode.] 
[2024-03-15 22:23:14,240] - [org.springframework.data.repository.config.RepositoryConfigurationDelegate] [registerRepositoriesIn] -> (INFO) [Finished Spring Data repository scanning in 316 ms. Found 4 JPA repository interfaces.] 
[2024-03-15 22:23:14,933] - [org.springframework.cloud.context.scope.GenericScope] [setSerializationId] -> (INFO) [BeanFactory id=17bcb04b-aa96-3b69-b4a9-4935ed14ba6d] 
[2024-03-15 22:23:17,607] - [org.springframework.boot.web.embedded.tomcat.TomcatWebServer] [initialize] -> (INFO) [Tomcat initialized with port(s): 8085 (http)] 
[2024-03-15 22:23:17,627] - [org.apache.coyote.http11.Http11NioProtocol] [log] -> (INFO) [Initializing ProtocolHandler ["http-nio-8085"]] 
[2024-03-15 22:23:17,633] - [org.apache.catalina.core.StandardService] [log] -> (INFO) [Starting service [Tomcat]] 
[2024-03-15 22:23:17,634] - [org.apache.catalina.core.StandardEngine] [log] -> (INFO) [Starting Servlet engine: [Apache Tomcat/10.1.12]] 
[2024-03-15 22:23:18,146] - [org.apache.catalina.core.ContainerBase.[Tomcat].[localhost].[/]] [log] -> (INFO) [Initializing Spring embedded WebApplicationContext] 
[2024-03-15 22:23:18,160] - [org.springframework.boot.web.servlet.context.ServletWebServerApplicationContext] [prepareWebApplicationContext] -> (INFO) [Root WebApplicationContext: initialization completed in 7691 ms] 
[2024-03-15 22:23:18,789] - [org.hibernate.jpa.internal.util.LogHelper] [logPersistenceUnitInformation] -> (INFO) [HHH000204: Processing PersistenceUnitInfo [name: default]] 
[2024-03-15 22:23:18,967] - [org.hibernate.Version] [logVersion] -> (INFO) [HHH000412: Hibernate ORM core version 6.2.7.Final] 
[2024-03-15 22:23:18,973] - [org.hibernate.cfg.Environment] [<clinit>] -> (INFO) [HHH000406: Using bytecode reflection optimizer] 
[2024-03-15 22:23:19,518] - [org.hibernate.bytecode.internal.BytecodeProviderInitiator] [buildBytecodeProvider] -> (INFO) [HHH000021: Bytecode provider name : bytebuddy] 
[2024-03-15 22:23:19,920] - [org.springframework.orm.jpa.persistenceunit.SpringPersistenceUnitInfo] [addTransformer] -> (INFO) [No LoadTimeWeaver setup: ignoring JPA class transformer] 
[2024-03-15 22:23:20,004] - [com.zaxxer.hikari.HikariDataSource] [getConnection] -> (INFO) [HikariPool-1 - Starting...] 
[2024-03-15 22:23:20,999] - [com.zaxxer.hikari.pool.HikariPool] [checkFailFast] -> (INFO) [HikariPool-1 - Added connection com.mysql.cj.jdbc.ConnectionImpl@13d984ee] 
[2024-03-15 22:23:21,005] - [com.zaxxer.hikari.HikariDataSource] [getConnection] -> (INFO) [HikariPool-1 - Start completed.] 
[2024-03-15 22:23:22,140] - [org.hibernate.bytecode.internal.BytecodeProviderInitiator] [buildBytecodeProvider] -> (INFO) [HHH000021: Bytecode provider name : bytebuddy] 
[2024-03-15 22:23:24,161] - [org.hibernate.engine.transaction.jta.platform.internal.JtaPlatformInitiator] [initiateService] -> (INFO) [HHH000490: Using JtaPlatform implementation: [org.hibernate.engine.transaction.jta.platform.internal.NoJtaPlatform]] 
[2024-03-15 22:23:24,357] - [org.springframework.orm.jpa.LocalContainerEntityManagerFactoryBean] [buildNativeEntityManagerFactory] -> (INFO) [Initialized JPA EntityManagerFactory for persistence unit 'default'] 
[2024-03-15 22:23:25,228] - [org.springframework.data.jpa.repository.query.QueryEnhancerFactory] [<clinit>] -> (INFO) [Hibernate is in classpath; If applicable, HQL parser will be used.] 
[2024-03-15 22:23:26,658] - [org.springframework.boot.autoconfigure.orm.jpa.JpaBaseConfiguration$JpaWebConfiguration] [openEntityManagerInViewInterceptor] -> (WARN) [spring.jpa.open-in-view is enabled by default. Therefore, database queries may be performed during view rendering. Explicitly configure spring.jpa.open-in-view to disable this warning] 
[2024-03-15 22:23:28,476] - [org.apache.coyote.http11.Http11NioProtocol] [log] -> (INFO) [Starting ProtocolHandler ["http-nio-8085"]] 
[2024-03-15 22:23:28,620] - [org.springframework.boot.web.embedded.tomcat.TomcatWebServer] [start] -> (INFO) [Tomcat started on port(s): 8085 (http) with context path ''] 
[2024-03-15 22:23:29,498] - [com.hcl.elch.sportathon.registration.RegistrationApplication] [logStarted] -> (INFO) [Started RegistrationApplication in 21.823 seconds (process running for 32.302)] 
[2024-03-15 22:42:25,594] - [com.zaxxer.hikari.pool.HikariPool] [run] -> (WARN) [HikariPool-1 - Thread starvation or clock leap detected (housekeeper delta=2m4s208ms761µs500ns).] 
[2024-03-15 22:53:53,111] - [org.springframework.orm.jpa.LocalContainerEntityManagerFactoryBean] [destroy] -> (INFO) [Closing JPA EntityManagerFactory for persistence unit 'default'] 
[2024-03-15 22:53:53,123] - [com.zaxxer.hikari.HikariDataSource] [close] -> (INFO) [HikariPool-1 - Shutdown initiated...] 
[2024-03-15 22:53:53,193] - [com.zaxxer.hikari.HikariDataSource] [close] -> (INFO) [HikariPool-1 - Shutdown completed.] 
[2024-03-15 22:54:39,895] - [org.hibernate.validator.internal.util.Version] [<clinit>] -> (INFO) [HV000001: Hibernate Validator 8.0.1.Final] 
[2024-03-15 22:54:40,089] - [com.hcl.elch.sportathon.registration.RegistrationApplication] [logStarting] -> (INFO) [Starting RegistrationApplication using Java 19 with PID 26332 (C:\Sportathon_POC\sportathon\Registration\target\classes started by tausif.ahmad in C:\Sportathon_POC\sportathon\Registration)] 
[2024-03-15 22:54:40,111] - [com.hcl.elch.sportathon.registration.RegistrationApplication] [logStartupProfileInfo] -> (INFO) [No active profile set, falling back to 1 default profile: "default"] 
[2024-03-15 22:54:42,849] - [org.springframework.data.repository.config.RepositoryConfigurationDelegate] [registerRepositoriesIn] -> (INFO) [Bootstrapping Spring Data JPA repositories in DEFAULT mode.] 
[2024-03-15 22:54:43,407] - [org.springframework.data.repository.config.RepositoryConfigurationDelegate] [registerRepositoriesIn] -> (INFO) [Finished Spring Data repository scanning in 511 ms. Found 3 JPA repository interfaces.] 
[2024-03-15 22:54:43,990] - [org.springframework.cloud.context.scope.GenericScope] [setSerializationId] -> (INFO) [BeanFactory id=a445069d-dd5b-3750-b42f-8c36afbae314] 
[2024-03-15 22:54:46,068] - [org.springframework.boot.web.embedded.tomcat.TomcatWebServer] [initialize] -> (INFO) [Tomcat initialized with port(s): 8085 (http)] 
[2024-03-15 22:54:46,106] - [org.apache.coyote.http11.Http11NioProtocol] [log] -> (INFO) [Initializing ProtocolHandler ["http-nio-8085"]] 
[2024-03-15 22:54:46,118] - [org.apache.catalina.core.StandardService] [log] -> (INFO) [Starting service [Tomcat]] 
[2024-03-15 22:54:46,120] - [org.apache.catalina.core.StandardEngine] [log] -> (INFO) [Starting Servlet engine: [Apache Tomcat/10.1.12]] 
[2024-03-15 22:54:46,691] - [org.apache.catalina.core.ContainerBase.[Tomcat].[localhost].[/]] [log] -> (INFO) [Initializing Spring embedded WebApplicationContext] 
[2024-03-15 22:54:46,697] - [org.springframework.boot.web.servlet.context.ServletWebServerApplicationContext] [prepareWebApplicationContext] -> (INFO) [Root WebApplicationContext: initialization completed in 6417 ms] 
[2024-03-15 22:54:47,218] - [org.hibernate.jpa.internal.util.LogHelper] [logPersistenceUnitInformation] -> (INFO) [HHH000204: Processing PersistenceUnitInfo [name: default]] 
[2024-03-15 22:54:47,513] - [org.hibernate.Version] [logVersion] -> (INFO) [HHH000412: Hibernate ORM core version 6.2.7.Final] 
[2024-03-15 22:54:47,523] - [org.hibernate.cfg.Environment] [<clinit>] -> (INFO) [HHH000406: Using bytecode reflection optimizer] 
[2024-03-15 22:54:47,997] - [org.hibernate.bytecode.internal.BytecodeProviderInitiator] [buildBytecodeProvider] -> (INFO) [HHH000021: Bytecode provider name : bytebuddy] 
[2024-03-15 22:54:48,374] - [org.springframework.orm.jpa.persistenceunit.SpringPersistenceUnitInfo] [addTransformer] -> (INFO) [No LoadTimeWeaver setup: ignoring JPA class transformer] 
[2024-03-15 22:54:48,433] - [com.zaxxer.hikari.HikariDataSource] [getConnection] -> (INFO) [HikariPool-1 - Starting...] 
[2024-03-15 22:54:49,357] - [com.zaxxer.hikari.pool.HikariPool] [checkFailFast] -> (INFO) [HikariPool-1 - Added connection com.mysql.cj.jdbc.ConnectionImpl@5315266] 
[2024-03-15 22:54:49,362] - [com.zaxxer.hikari.HikariDataSource] [getConnection] -> (INFO) [HikariPool-1 - Start completed.] 
[2024-03-15 22:54:50,346] - [org.hibernate.bytecode.internal.BytecodeProviderInitiator] [buildBytecodeProvider] -> (INFO) [HHH000021: Bytecode provider name : bytebuddy] 
[2024-03-15 22:54:52,558] - [org.hibernate.engine.transaction.jta.platform.internal.JtaPlatformInitiator] [initiateService] -> (INFO) [HHH000490: Using JtaPlatform implementation: [org.hibernate.engine.transaction.jta.platform.internal.NoJtaPlatform]] 
[2024-03-15 22:54:52,778] - [org.springframework.orm.jpa.LocalContainerEntityManagerFactoryBean] [buildNativeEntityManagerFactory] -> (INFO) [Initialized JPA EntityManagerFactory for persistence unit 'default'] 
[2024-03-15 22:54:52,850] - [org.springframework.boot.web.servlet.context.AnnotationConfigServletWebServerApplicationContext] [refresh] -> (WARN) [Exception encountered during context initialization - cancelling refresh attempt: org.springframework.beans.factory.UnsatisfiedDependencyException: Error creating bean with name 'registrationController': Unsatisfied dependency expressed through field 'teamService': Error creating bean with name 'teamRegistrationServiceImpl': Unsatisfied dependency expressed through field 'apiClient': No qualifying bean of type 'com.hcl.elch.sportathon.registration.services.APIClient' available: expected at least 1 bean which qualifies as autowire candidate. Dependency annotations: {@org.springframework.beans.factory.annotation.Autowired(required=true)}] 
[2024-03-15 22:54:52,852] - [org.springframework.orm.jpa.LocalContainerEntityManagerFactoryBean] [destroy] -> (INFO) [Closing JPA EntityManagerFactory for persistence unit 'default'] 
[2024-03-15 22:54:52,864] - [com.zaxxer.hikari.HikariDataSource] [close] -> (INFO) [HikariPool-1 - Shutdown initiated...] 
[2024-03-15 22:54:52,935] - [com.zaxxer.hikari.HikariDataSource] [close] -> (INFO) [HikariPool-1 - Shutdown completed.] 
[2024-03-15 22:54:52,945] - [org.apache.catalina.core.StandardService] [log] -> (INFO) [Stopping service [Tomcat]] 
[2024-03-15 22:54:52,979] - [org.springframework.boot.autoconfigure.logging.ConditionEvaluationReportLogger] [logMessage] -> (INFO) [

Error starting ApplicationContext. To display the condition evaluation report re-run your application with 'debug' enabled.] 
[2024-03-15 22:54:53,086] - [org.springframework.boot.diagnostics.LoggingFailureAnalysisReporter] [report] -> (ERROR) [

***************************
APPLICATION FAILED TO START
***************************

Description:

Field apiClient in com.hcl.elch.sportathon.registration.services.TeamRegistrationServiceImpl required a bean of type 'com.hcl.elch.sportathon.registration.services.APIClient' that could not be found.

The injection point has the following annotations:
	- @org.springframework.beans.factory.annotation.Autowired(required=true)


Action:

Consider defining a bean of type 'com.hcl.elch.sportathon.registration.services.APIClient' in your configuration.
] 
[2024-03-15 22:56:33,158] - [org.hibernate.validator.internal.util.Version] [<clinit>] -> (INFO) [HV000001: Hibernate Validator 8.0.1.Final] 
[2024-03-15 22:56:33,450] - [com.hcl.elch.sportathon.registration.RegistrationApplication] [logStarting] -> (INFO) [Starting RegistrationApplication using Java 19 with PID 20924 (C:\Sportathon_POC\sportathon\Registration\target\classes started by tausif.ahmad in C:\Sportathon_POC\sportathon\Registration)] 
[2024-03-15 22:56:33,467] - [com.hcl.elch.sportathon.registration.RegistrationApplication] [logStartupProfileInfo] -> (INFO) [No active profile set, falling back to 1 default profile: "default"] 
[2024-03-15 22:56:37,598] - [org.springframework.data.repository.config.RepositoryConfigurationDelegate] [registerRepositoriesIn] -> (INFO) [Bootstrapping Spring Data JPA repositories in DEFAULT mode.] 
[2024-03-15 22:56:38,046] - [org.springframework.data.repository.config.RepositoryConfigurationDelegate] [registerRepositoriesIn] -> (INFO) [Finished Spring Data repository scanning in 417 ms. Found 3 JPA repository interfaces.] 
[2024-03-15 22:56:38,850] - [org.springframework.cloud.context.scope.GenericScope] [setSerializationId] -> (INFO) [BeanFactory id=85c7c3c6-4d61-3c5b-a522-2341d0378be7] 
[2024-03-15 22:56:39,127] - [org.springframework.context.support.PostProcessorRegistrationDelegate$BeanPostProcessorChecker] [postProcessAfterInitialization] -> (INFO) [Bean 'com.hcl.elch.sportathon.registration.services.APIClient' of type [org.springframework.cloud.openfeign.FeignClientFactoryBean] is not eligible for getting processed by all BeanPostProcessors (for example: not eligible for auto-proxying)] 
[2024-03-15 22:56:41,574] - [org.springframework.boot.web.embedded.tomcat.TomcatWebServer] [initialize] -> (INFO) [Tomcat initialized with port(s): 8085 (http)] 
[2024-03-15 22:56:41,601] - [org.apache.coyote.http11.Http11NioProtocol] [log] -> (INFO) [Initializing ProtocolHandler ["http-nio-8085"]] 
[2024-03-15 22:56:41,610] - [org.apache.catalina.core.StandardService] [log] -> (INFO) [Starting service [Tomcat]] 
[2024-03-15 22:56:41,612] - [org.apache.catalina.core.StandardEngine] [log] -> (INFO) [Starting Servlet engine: [Apache Tomcat/10.1.12]] 
[2024-03-15 22:56:42,178] - [org.apache.catalina.core.ContainerBase.[Tomcat].[localhost].[/]] [log] -> (INFO) [Initializing Spring embedded WebApplicationContext] 
[2024-03-15 22:56:42,191] - [org.springframework.boot.web.servlet.context.ServletWebServerApplicationContext] [prepareWebApplicationContext] -> (INFO) [Root WebApplicationContext: initialization completed in 8527 ms] 
[2024-03-15 22:56:42,916] - [org.hibernate.jpa.internal.util.LogHelper] [logPersistenceUnitInformation] -> (INFO) [HHH000204: Processing PersistenceUnitInfo [name: default]] 
[2024-03-15 22:56:43,124] - [org.hibernate.Version] [logVersion] -> (INFO) [HHH000412: Hibernate ORM core version 6.2.7.Final] 
[2024-03-15 22:56:43,135] - [org.hibernate.cfg.Environment] [<clinit>] -> (INFO) [HHH000406: Using bytecode reflection optimizer] 
[2024-03-15 22:56:43,732] - [org.hibernate.bytecode.internal.BytecodeProviderInitiator] [buildBytecodeProvider] -> (INFO) [HHH000021: Bytecode provider name : bytebuddy] 
[2024-03-15 22:56:44,216] - [org.springframework.orm.jpa.persistenceunit.SpringPersistenceUnitInfo] [addTransformer] -> (INFO) [No LoadTimeWeaver setup: ignoring JPA class transformer] 
[2024-03-15 22:56:44,283] - [com.zaxxer.hikari.HikariDataSource] [getConnection] -> (INFO) [HikariPool-1 - Starting...] 
[2024-03-15 22:56:45,323] - [com.zaxxer.hikari.pool.HikariPool] [checkFailFast] -> (INFO) [HikariPool-1 - Added connection com.mysql.cj.jdbc.ConnectionImpl@644947ee] 
[2024-03-15 22:56:45,330] - [com.zaxxer.hikari.HikariDataSource] [getConnection] -> (INFO) [HikariPool-1 - Start completed.] 
[2024-03-15 22:56:46,730] - [org.hibernate.bytecode.internal.BytecodeProviderInitiator] [buildBytecodeProvider] -> (INFO) [HHH000021: Bytecode provider name : bytebuddy] 
[2024-03-15 22:56:48,950] - [org.hibernate.engine.transaction.jta.platform.internal.JtaPlatformInitiator] [initiateService] -> (INFO) [HHH000490: Using JtaPlatform implementation: [org.hibernate.engine.transaction.jta.platform.internal.NoJtaPlatform]] 
[2024-03-15 22:56:49,256] - [org.springframework.orm.jpa.LocalContainerEntityManagerFactoryBean] [buildNativeEntityManagerFactory] -> (INFO) [Initialized JPA EntityManagerFactory for persistence unit 'default'] 
[2024-03-15 22:56:49,613] - [org.springframework.boot.autoconfigure.orm.jpa.JpaBaseConfiguration$JpaWebConfiguration] [openEntityManagerInViewInterceptor] -> (WARN) [spring.jpa.open-in-view is enabled by default. Therefore, database queries may be performed during view rendering. Explicitly configure spring.jpa.open-in-view to disable this warning] 
[2024-03-15 22:56:50,811] - [org.springframework.data.jpa.repository.query.QueryEnhancerFactory] [<clinit>] -> (INFO) [Hibernate is in classpath; If applicable, HQL parser will be used.] 
[2024-03-15 22:56:54,444] - [org.apache.coyote.http11.Http11NioProtocol] [log] -> (INFO) [Starting ProtocolHandler ["http-nio-8085"]] 
[2024-03-15 22:56:54,581] - [org.springframework.boot.web.embedded.tomcat.TomcatWebServer] [start] -> (INFO) [Tomcat started on port(s): 8085 (http) with context path ''] 
[2024-03-15 22:56:55,372] - [com.hcl.elch.sportathon.registration.RegistrationApplication] [logStarted] -> (INFO) [Started RegistrationApplication in 24.41 seconds (process running for 33.123)] 
[2024-03-15 23:02:45,214] - [org.springframework.orm.jpa.LocalContainerEntityManagerFactoryBean] [destroy] -> (INFO) [Closing JPA EntityManagerFactory for persistence unit 'default'] 
[2024-03-15 23:02:45,223] - [com.zaxxer.hikari.HikariDataSource] [close] -> (INFO) [HikariPool-1 - Shutdown initiated...] 
[2024-03-15 23:02:45,292] - [com.zaxxer.hikari.HikariDataSource] [close] -> (INFO) [HikariPool-1 - Shutdown completed.] 
[2024-03-15 23:03:14,796] - [org.hibernate.validator.internal.util.Version] [<clinit>] -> (INFO) [HV000001: Hibernate Validator 8.0.1.Final] 
[2024-03-15 23:03:14,943] - [com.hcl.elch.sportathon.registration.RegistrationApplication] [logStarting] -> (INFO) [Starting RegistrationApplication using Java 19 with PID 21636 (C:\Sportathon_POC\sportathon\Registration\target\classes started by tausif.ahmad in C:\Sportathon_POC\sportathon\Registration)] 
[2024-03-15 23:03:14,965] - [com.hcl.elch.sportathon.registration.RegistrationApplication] [logStartupProfileInfo] -> (INFO) [No active profile set, falling back to 1 default profile: "default"] 
[2024-03-15 23:03:17,808] - [org.springframework.data.repository.config.RepositoryConfigurationDelegate] [registerRepositoriesIn] -> (INFO) [Bootstrapping Spring Data JPA repositories in DEFAULT mode.] 
[2024-03-15 23:03:18,104] - [org.springframework.data.repository.config.RepositoryConfigurationDelegate] [registerRepositoriesIn] -> (INFO) [Finished Spring Data repository scanning in 264 ms. Found 3 JPA repository interfaces.] 
[2024-03-15 23:03:18,701] - [org.springframework.cloud.context.scope.GenericScope] [setSerializationId] -> (INFO) [BeanFactory id=85c7c3c6-4d61-3c5b-a522-2341d0378be7] 
[2024-03-15 23:03:18,932] - [org.springframework.context.support.PostProcessorRegistrationDelegate$BeanPostProcessorChecker] [postProcessAfterInitialization] -> (INFO) [Bean 'com.hcl.elch.sportathon.registration.services.APIClient' of type [org.springframework.cloud.openfeign.FeignClientFactoryBean] is not eligible for getting processed by all BeanPostProcessors (for example: not eligible for auto-proxying)] 
[2024-03-15 23:03:21,011] - [org.springframework.boot.web.embedded.tomcat.TomcatWebServer] [initialize] -> (INFO) [Tomcat initialized with port(s): 8085 (http)] 
[2024-03-15 23:03:21,045] - [org.apache.coyote.http11.Http11NioProtocol] [log] -> (INFO) [Initializing ProtocolHandler ["http-nio-8085"]] 
[2024-03-15 23:03:21,057] - [org.apache.catalina.core.StandardService] [log] -> (INFO) [Starting service [Tomcat]] 
[2024-03-15 23:03:21,059] - [org.apache.catalina.core.StandardEngine] [log] -> (INFO) [Starting Servlet engine: [Apache Tomcat/10.1.12]] 
[2024-03-15 23:03:21,691] - [org.apache.catalina.core.ContainerBase.[Tomcat].[localhost].[/]] [log] -> (INFO) [Initializing Spring embedded WebApplicationContext] 
[2024-03-15 23:03:21,698] - [org.springframework.boot.web.servlet.context.ServletWebServerApplicationContext] [prepareWebApplicationContext] -> (INFO) [Root WebApplicationContext: initialization completed in 6544 ms] 
[2024-03-15 23:03:22,325] - [org.hibernate.jpa.internal.util.LogHelper] [logPersistenceUnitInformation] -> (INFO) [HHH000204: Processing PersistenceUnitInfo [name: default]] 
[2024-03-15 23:03:22,471] - [org.hibernate.Version] [logVersion] -> (INFO) [HHH000412: Hibernate ORM core version 6.2.7.Final] 
[2024-03-15 23:03:22,478] - [org.hibernate.cfg.Environment] [<clinit>] -> (INFO) [HHH000406: Using bytecode reflection optimizer] 
[2024-03-15 23:03:22,860] - [org.hibernate.bytecode.internal.BytecodeProviderInitiator] [buildBytecodeProvider] -> (INFO) [HHH000021: Bytecode provider name : bytebuddy] 
[2024-03-15 23:03:23,277] - [org.springframework.orm.jpa.persistenceunit.SpringPersistenceUnitInfo] [addTransformer] -> (INFO) [No LoadTimeWeaver setup: ignoring JPA class transformer] 
[2024-03-15 23:03:23,335] - [com.zaxxer.hikari.HikariDataSource] [getConnection] -> (INFO) [HikariPool-1 - Starting...] 
[2024-03-15 23:03:24,160] - [com.zaxxer.hikari.pool.HikariPool] [checkFailFast] -> (INFO) [HikariPool-1 - Added connection com.mysql.cj.jdbc.ConnectionImpl@e91facf] 
[2024-03-15 23:03:24,164] - [com.zaxxer.hikari.HikariDataSource] [getConnection] -> (INFO) [HikariPool-1 - Start completed.] 
[2024-03-15 23:03:25,163] - [org.hibernate.bytecode.internal.BytecodeProviderInitiator] [buildBytecodeProvider] -> (INFO) [HHH000021: Bytecode provider name : bytebuddy] 
[2024-03-15 23:03:27,087] - [org.hibernate.engine.transaction.jta.platform.internal.JtaPlatformInitiator] [initiateService] -> (INFO) [HHH000490: Using JtaPlatform implementation: [org.hibernate.engine.transaction.jta.platform.internal.NoJtaPlatform]] 
[2024-03-15 23:03:28,221] - [org.springframework.orm.jpa.LocalContainerEntityManagerFactoryBean] [buildNativeEntityManagerFactory] -> (INFO) [Initialized JPA EntityManagerFactory for persistence unit 'default'] 
[2024-03-15 23:03:28,634] - [org.springframework.boot.autoconfigure.orm.jpa.JpaBaseConfiguration$JpaWebConfiguration] [openEntityManagerInViewInterceptor] -> (WARN) [spring.jpa.open-in-view is enabled by default. Therefore, database queries may be performed during view rendering. Explicitly configure spring.jpa.open-in-view to disable this warning] 
[2024-03-15 23:03:29,957] - [org.springframework.data.jpa.repository.query.QueryEnhancerFactory] [<clinit>] -> (INFO) [Hibernate is in classpath; If applicable, HQL parser will be used.] 
[2024-03-15 23:03:33,191] - [org.apache.coyote.http11.Http11NioProtocol] [log] -> (INFO) [Starting ProtocolHandler ["http-nio-8085"]] 
[2024-03-15 23:03:33,303] - [org.springframework.boot.web.embedded.tomcat.TomcatWebServer] [start] -> (INFO) [Tomcat started on port(s): 8085 (http) with context path ''] 
[2024-03-15 23:03:34,115] - [com.hcl.elch.sportathon.registration.RegistrationApplication] [logStarted] -> (INFO) [Started RegistrationApplication in 21.093 seconds (process running for 27.286)] 
[2024-03-15 23:06:46,302] - [org.apache.catalina.core.ContainerBase.[Tomcat].[localhost].[/]] [log] -> (INFO) [Initializing Spring DispatcherServlet 'dispatcherServlet'] 
[2024-03-15 23:06:46,303] - [org.springframework.web.servlet.DispatcherServlet] [initServletBean] -> (INFO) [Initializing Servlet 'dispatcherServlet'] 
[2024-03-15 23:06:46,310] - [org.springframework.web.servlet.DispatcherServlet] [initServletBean] -> (INFO) [Completed initialization in 5 ms] 
[2024-03-15 23:06:47,266] - [com.hcl.elch.sportathon.registration.services.GameServiceImpl] [addGames] -> (INFO) [Game data saved !!] 
[2024-03-15 23:10:57,766] - [org.springframework.orm.jpa.LocalContainerEntityManagerFactoryBean] [destroy] -> (INFO) [Closing JPA EntityManagerFactory for persistence unit 'default'] 
[2024-03-15 23:10:57,774] - [com.zaxxer.hikari.HikariDataSource] [close] -> (INFO) [HikariPool-1 - Shutdown initiated...] 
[2024-03-15 23:10:57,852] - [com.zaxxer.hikari.HikariDataSource] [close] -> (INFO) [HikariPool-1 - Shutdown completed.] 
[2024-03-15 23:11:26,669] - [org.hibernate.validator.internal.util.Version] [<clinit>] -> (INFO) [HV000001: Hibernate Validator 8.0.1.Final] 
[2024-03-15 23:11:26,770] - [com.hcl.elch.sportathon.registration.RegistrationApplication] [logStarting] -> (INFO) [Starting RegistrationApplication using Java 19 with PID 10464 (C:\Sportathon_POC\sportathon\Registration\target\classes started by tausif.ahmad in C:\Sportathon_POC\sportathon\Registration)] 
[2024-03-15 23:11:26,780] - [com.hcl.elch.sportathon.registration.RegistrationApplication] [logStartupProfileInfo] -> (INFO) [No active profile set, falling back to 1 default profile: "default"] 
[2024-03-15 23:11:28,566] - [org.springframework.data.repository.config.RepositoryConfigurationDelegate] [registerRepositoriesIn] -> (INFO) [Bootstrapping Spring Data JPA repositories in DEFAULT mode.] 
[2024-03-15 23:11:28,794] - [org.springframework.data.repository.config.RepositoryConfigurationDelegate] [registerRepositoriesIn] -> (INFO) [Finished Spring Data repository scanning in 209 ms. Found 3 JPA repository interfaces.] 
[2024-03-15 23:11:29,140] - [org.springframework.cloud.context.scope.GenericScope] [setSerializationId] -> (INFO) [BeanFactory id=85c7c3c6-4d61-3c5b-a522-2341d0378be7] 
[2024-03-15 23:11:29,276] - [org.springframework.context.support.PostProcessorRegistrationDelegate$BeanPostProcessorChecker] [postProcessAfterInitialization] -> (INFO) [Bean 'com.hcl.elch.sportathon.registration.services.APIClient' of type [org.springframework.cloud.openfeign.FeignClientFactoryBean] is not eligible for getting processed by all BeanPostProcessors (for example: not eligible for auto-proxying)] 
[2024-03-15 23:11:30,449] - [org.springframework.boot.web.embedded.tomcat.TomcatWebServer] [initialize] -> (INFO) [Tomcat initialized with port(s): 8085 (http)] 
[2024-03-15 23:11:30,467] - [org.apache.coyote.http11.Http11NioProtocol] [log] -> (INFO) [Initializing ProtocolHandler ["http-nio-8085"]] 
[2024-03-15 23:11:30,474] - [org.apache.catalina.core.StandardService] [log] -> (INFO) [Starting service [Tomcat]] 
[2024-03-15 23:11:30,475] - [org.apache.catalina.core.StandardEngine] [log] -> (INFO) [Starting Servlet engine: [Apache Tomcat/10.1.12]] 
[2024-03-15 23:11:30,835] - [org.apache.catalina.core.ContainerBase.[Tomcat].[localhost].[/]] [log] -> (INFO) [Initializing Spring embedded WebApplicationContext] 
[2024-03-15 23:11:30,839] - [org.springframework.boot.web.servlet.context.ServletWebServerApplicationContext] [prepareWebApplicationContext] -> (INFO) [Root WebApplicationContext: initialization completed in 3929 ms] 
[2024-03-15 23:11:31,235] - [org.hibernate.jpa.internal.util.LogHelper] [logPersistenceUnitInformation] -> (INFO) [HHH000204: Processing PersistenceUnitInfo [name: default]] 
[2024-03-15 23:11:31,356] - [org.hibernate.Version] [logVersion] -> (INFO) [HHH000412: Hibernate ORM core version 6.2.7.Final] 
[2024-03-15 23:11:31,361] - [org.hibernate.cfg.Environment] [<clinit>] -> (INFO) [HHH000406: Using bytecode reflection optimizer] 
[2024-03-15 23:11:31,696] - [org.hibernate.bytecode.internal.BytecodeProviderInitiator] [buildBytecodeProvider] -> (INFO) [HHH000021: Bytecode provider name : bytebuddy] 
[2024-03-15 23:11:31,973] - [org.springframework.orm.jpa.persistenceunit.SpringPersistenceUnitInfo] [addTransformer] -> (INFO) [No LoadTimeWeaver setup: ignoring JPA class transformer] 
[2024-03-15 23:11:32,025] - [com.zaxxer.hikari.HikariDataSource] [getConnection] -> (INFO) [HikariPool-1 - Starting...] 
[2024-03-15 23:11:32,629] - [com.zaxxer.hikari.pool.HikariPool] [checkFailFast] -> (INFO) [HikariPool-1 - Added connection com.mysql.cj.jdbc.ConnectionImpl@1827fc4e] 
[2024-03-15 23:11:32,633] - [com.zaxxer.hikari.HikariDataSource] [getConnection] -> (INFO) [HikariPool-1 - Start completed.] 
[2024-03-15 23:11:33,309] - [org.hibernate.bytecode.internal.BytecodeProviderInitiator] [buildBytecodeProvider] -> (INFO) [HHH000021: Bytecode provider name : bytebuddy] 
[2024-03-15 23:11:34,528] - [org.hibernate.engine.transaction.jta.platform.internal.JtaPlatformInitiator] [initiateService] -> (INFO) [HHH000490: Using JtaPlatform implementation: [org.hibernate.engine.transaction.jta.platform.internal.NoJtaPlatform]] 
[2024-03-15 23:11:34,687] - [org.springframework.orm.jpa.LocalContainerEntityManagerFactoryBean] [buildNativeEntityManagerFactory] -> (INFO) [Initialized JPA EntityManagerFactory for persistence unit 'default'] 
[2024-03-15 23:11:34,924] - [org.springframework.boot.autoconfigure.orm.jpa.JpaBaseConfiguration$JpaWebConfiguration] [openEntityManagerInViewInterceptor] -> (WARN) [spring.jpa.open-in-view is enabled by default. Therefore, database queries may be performed during view rendering. Explicitly configure spring.jpa.open-in-view to disable this warning] 
[2024-03-15 23:11:35,612] - [org.springframework.data.jpa.repository.query.QueryEnhancerFactory] [<clinit>] -> (INFO) [Hibernate is in classpath; If applicable, HQL parser will be used.] 
[2024-03-15 23:11:37,799] - [org.apache.coyote.http11.Http11NioProtocol] [log] -> (INFO) [Starting ProtocolHandler ["http-nio-8085"]] 
[2024-03-15 23:11:37,863] - [org.springframework.boot.web.embedded.tomcat.TomcatWebServer] [start] -> (INFO) [Tomcat started on port(s): 8085 (http) with context path ''] 
[2024-03-15 23:11:38,464] - [com.hcl.elch.sportathon.registration.RegistrationApplication] [logStarted] -> (INFO) [Started RegistrationApplication in 12.982 seconds (process running for 17.233)] 
[2024-03-15 23:11:52,272] - [org.apache.catalina.core.ContainerBase.[Tomcat].[localhost].[/]] [log] -> (INFO) [Initializing Spring DispatcherServlet 'dispatcherServlet'] 
[2024-03-15 23:11:52,273] - [org.springframework.web.servlet.DispatcherServlet] [initServletBean] -> (INFO) [Initializing Servlet 'dispatcherServlet'] 
[2024-03-15 23:11:52,276] - [org.springframework.web.servlet.DispatcherServlet] [initServletBean] -> (INFO) [Completed initialization in 2 ms] 
[2024-03-15 23:11:52,620] - [com.hcl.elch.sportathon.registration.services.TeamRegistrationServiceImpl] [saveTeamWithPlayers] -> (INFO) [Inside saveTeamPlayers() method...] 
[2024-03-15 23:11:53,241] - [com.hcl.elch.sportathon.registration.services.TeamRegistrationServiceImpl] [saveTeamWithPlayers] -> (INFO) [Saving Team and Players...] 
[2024-03-15 23:11:53,242] - [com.hcl.elch.sportathon.registration.services.TeamRegistrationServiceImpl] [saveTeamWithPlayers] -> (INFO) [Player details is checking ...] 
[2024-03-15 23:11:53,436] - [com.hcl.elch.sportathon.registration.handler.GlobalExceptionHandler] [handleUnknownException] -> (ERROR) [Exception :- ErrorResponse(statusCode=500, message=Some Exception occurs -: [403] during [GET] to [http://localhost:8081/api/v1/auth/userDetailsByEmail/amit%40gmail.com] [APIClient#getDepartmentByEmail(String)]: [])] 
[2024-03-15 23:42:51,670] - [org.springframework.orm.jpa.LocalContainerEntityManagerFactoryBean] [destroy] -> (INFO) [Closing JPA EntityManagerFactory for persistence unit 'default'] 
[2024-03-15 23:42:51,674] - [com.zaxxer.hikari.HikariDataSource] [close] -> (INFO) [HikariPool-1 - Shutdown initiated...] 
[2024-03-15 23:42:51,720] - [com.zaxxer.hikari.HikariDataSource] [close] -> (INFO) [HikariPool-1 - Shutdown completed.] 
[2024-03-15 23:43:06,513] - [org.hibernate.validator.internal.util.Version] [<clinit>] -> (INFO) [HV000001: Hibernate Validator 8.0.1.Final] 
[2024-03-15 23:43:06,606] - [com.hcl.elch.sportathon.registration.RegistrationApplication] [logStarting] -> (INFO) [Starting RegistrationApplication using Java 19 with PID 5404 (C:\Sportathon_POC\sportathon\Registration\target\classes started by tausif.ahmad in C:\Sportathon_POC\sportathon\Registration)] 
[2024-03-15 23:43:06,617] - [com.hcl.elch.sportathon.registration.RegistrationApplication] [logStartupProfileInfo] -> (INFO) [No active profile set, falling back to 1 default profile: "default"] 
[2024-03-15 23:43:08,727] - [org.springframework.data.repository.config.RepositoryConfigurationDelegate] [registerRepositoriesIn] -> (INFO) [Bootstrapping Spring Data JPA repositories in DEFAULT mode.] 
[2024-03-15 23:43:08,982] - [org.springframework.data.repository.config.RepositoryConfigurationDelegate] [registerRepositoriesIn] -> (INFO) [Finished Spring Data repository scanning in 233 ms. Found 3 JPA repository interfaces.] 
[2024-03-15 23:43:09,378] - [org.springframework.cloud.context.scope.GenericScope] [setSerializationId] -> (INFO) [BeanFactory id=85c7c3c6-4d61-3c5b-a522-2341d0378be7] 
[2024-03-15 23:43:09,525] - [org.springframework.context.support.PostProcessorRegistrationDelegate$BeanPostProcessorChecker] [postProcessAfterInitialization] -> (INFO) [Bean 'com.hcl.elch.sportathon.registration.services.APIClient' of type [org.springframework.cloud.openfeign.FeignClientFactoryBean] is not eligible for getting processed by all BeanPostProcessors (for example: not eligible for auto-proxying)] 
[2024-03-15 23:43:10,686] - [org.springframework.boot.web.embedded.tomcat.TomcatWebServer] [initialize] -> (INFO) [Tomcat initialized with port(s): 8085 (http)] 
[2024-03-15 23:43:10,704] - [org.apache.coyote.http11.Http11NioProtocol] [log] -> (INFO) [Initializing ProtocolHandler ["http-nio-8085"]] 
[2024-03-15 23:43:10,709] - [org.apache.catalina.core.StandardService] [log] -> (INFO) [Starting service [Tomcat]] 
[2024-03-15 23:43:10,710] - [org.apache.catalina.core.StandardEngine] [log] -> (INFO) [Starting Servlet engine: [Apache Tomcat/10.1.12]] 
[2024-03-15 23:43:11,036] - [org.apache.catalina.core.ContainerBase.[Tomcat].[localhost].[/]] [log] -> (INFO) [Initializing Spring embedded WebApplicationContext] 
[2024-03-15 23:43:11,039] - [org.springframework.boot.web.servlet.context.ServletWebServerApplicationContext] [prepareWebApplicationContext] -> (INFO) [Root WebApplicationContext: initialization completed in 4299 ms] 
[2024-03-15 23:43:11,397] - [org.hibernate.jpa.internal.util.LogHelper] [logPersistenceUnitInformation] -> (INFO) [HHH000204: Processing PersistenceUnitInfo [name: default]] 
[2024-03-15 23:43:11,553] - [org.hibernate.Version] [logVersion] -> (INFO) [HHH000412: Hibernate ORM core version 6.2.7.Final] 
[2024-03-15 23:43:11,560] - [org.hibernate.cfg.Environment] [<clinit>] -> (INFO) [HHH000406: Using bytecode reflection optimizer] 
[2024-03-15 23:43:11,920] - [org.hibernate.bytecode.internal.BytecodeProviderInitiator] [buildBytecodeProvider] -> (INFO) [HHH000021: Bytecode provider name : bytebuddy] 
[2024-03-15 23:43:12,254] - [org.springframework.orm.jpa.persistenceunit.SpringPersistenceUnitInfo] [addTransformer] -> (INFO) [No LoadTimeWeaver setup: ignoring JPA class transformer] 
[2024-03-15 23:43:12,303] - [com.zaxxer.hikari.HikariDataSource] [getConnection] -> (INFO) [HikariPool-1 - Starting...] 
[2024-03-15 23:43:12,896] - [com.zaxxer.hikari.pool.HikariPool] [checkFailFast] -> (INFO) [HikariPool-1 - Added connection com.mysql.cj.jdbc.ConnectionImpl@4c41a177] 
[2024-03-15 23:43:12,898] - [com.zaxxer.hikari.HikariDataSource] [getConnection] -> (INFO) [HikariPool-1 - Start completed.] 
[2024-03-15 23:43:13,524] - [org.hibernate.bytecode.internal.BytecodeProviderInitiator] [buildBytecodeProvider] -> (INFO) [HHH000021: Bytecode provider name : bytebuddy] 
[2024-03-15 23:43:14,747] - [org.hibernate.engine.transaction.jta.platform.internal.JtaPlatformInitiator] [initiateService] -> (INFO) [HHH000490: Using JtaPlatform implementation: [org.hibernate.engine.transaction.jta.platform.internal.NoJtaPlatform]] 
[2024-03-15 23:43:14,913] - [org.springframework.orm.jpa.LocalContainerEntityManagerFactoryBean] [buildNativeEntityManagerFactory] -> (INFO) [Initialized JPA EntityManagerFactory for persistence unit 'default'] 
[2024-03-15 23:43:15,115] - [org.springframework.boot.autoconfigure.orm.jpa.JpaBaseConfiguration$JpaWebConfiguration] [openEntityManagerInViewInterceptor] -> (WARN) [spring.jpa.open-in-view is enabled by default. Therefore, database queries may be performed during view rendering. Explicitly configure spring.jpa.open-in-view to disable this warning] 
[2024-03-15 23:43:15,840] - [org.springframework.data.jpa.repository.query.QueryEnhancerFactory] [<clinit>] -> (INFO) [Hibernate is in classpath; If applicable, HQL parser will be used.] 
[2024-03-15 23:43:18,120] - [org.apache.coyote.http11.Http11NioProtocol] [log] -> (INFO) [Starting ProtocolHandler ["http-nio-8085"]] 
[2024-03-15 23:43:18,192] - [org.springframework.boot.web.embedded.tomcat.TomcatWebServer] [start] -> (INFO) [Tomcat started on port(s): 8085 (http) with context path ''] 
[2024-03-15 23:43:18,839] - [com.hcl.elch.sportathon.registration.RegistrationApplication] [logStarted] -> (INFO) [Started RegistrationApplication in 13.815 seconds (process running for 18.529)] 
[2024-03-15 23:52:51,931] - [org.springframework.orm.jpa.LocalContainerEntityManagerFactoryBean] [destroy] -> (INFO) [Closing JPA EntityManagerFactory for persistence unit 'default'] 
[2024-03-15 23:52:51,936] - [com.zaxxer.hikari.HikariDataSource] [close] -> (INFO) [HikariPool-1 - Shutdown initiated...] 
[2024-03-15 23:52:51,979] - [com.zaxxer.hikari.HikariDataSource] [close] -> (INFO) [HikariPool-1 - Shutdown completed.] 
[2024-03-15 23:53:17,585] - [org.hibernate.validator.internal.util.Version] [<clinit>] -> (INFO) [HV000001: Hibernate Validator 8.0.1.Final] 
[2024-03-15 23:53:17,690] - [com.hcl.elch.sportathon.registration.RegistrationApplication] [logStarting] -> (INFO) [Starting RegistrationApplication using Java 19 with PID 21704 (C:\Sportathon_POC\sportathon\Registration\target\classes started by tausif.ahmad in C:\Sportathon_POC\sportathon\Registration)] 
[2024-03-15 23:53:17,703] - [com.hcl.elch.sportathon.registration.RegistrationApplication] [logStartupProfileInfo] -> (INFO) [No active profile set, falling back to 1 default profile: "default"] 
[2024-03-15 23:53:20,234] - [org.springframework.data.repository.config.RepositoryConfigurationDelegate] [registerRepositoriesIn] -> (INFO) [Bootstrapping Spring Data JPA repositories in DEFAULT mode.] 
[2024-03-15 23:53:20,513] - [org.springframework.data.repository.config.RepositoryConfigurationDelegate] [registerRepositoriesIn] -> (INFO) [Finished Spring Data repository scanning in 244 ms. Found 3 JPA repository interfaces.] 
[2024-03-15 23:53:21,008] - [org.springframework.cloud.context.scope.GenericScope] [setSerializationId] -> (INFO) [BeanFactory id=85c7c3c6-4d61-3c5b-a522-2341d0378be7] 
[2024-03-15 23:53:21,154] - [org.springframework.context.support.PostProcessorRegistrationDelegate$BeanPostProcessorChecker] [postProcessAfterInitialization] -> (INFO) [Bean 'com.hcl.elch.sportathon.registration.services.APIClient' of type [org.springframework.cloud.openfeign.FeignClientFactoryBean] is not eligible for getting processed by all BeanPostProcessors (for example: not eligible for auto-proxying)] 
[2024-03-15 23:53:22,232] - [org.springframework.boot.web.embedded.tomcat.TomcatWebServer] [initialize] -> (INFO) [Tomcat initialized with port(s): 8085 (http)] 
[2024-03-15 23:53:22,248] - [org.apache.coyote.http11.Http11NioProtocol] [log] -> (INFO) [Initializing ProtocolHandler ["http-nio-8085"]] 
[2024-03-15 23:53:22,252] - [org.apache.catalina.core.StandardService] [log] -> (INFO) [Starting service [Tomcat]] 
[2024-03-15 23:53:22,253] - [org.apache.catalina.core.StandardEngine] [log] -> (INFO) [Starting Servlet engine: [Apache Tomcat/10.1.12]] 
[2024-03-15 23:53:22,597] - [org.apache.catalina.core.ContainerBase.[Tomcat].[localhost].[/]] [log] -> (INFO) [Initializing Spring embedded WebApplicationContext] 
[2024-03-15 23:53:22,601] - [org.springframework.boot.web.servlet.context.ServletWebServerApplicationContext] [prepareWebApplicationContext] -> (INFO) [Root WebApplicationContext: initialization completed in 4744 ms] 
[2024-03-15 23:53:23,021] - [org.hibernate.jpa.internal.util.LogHelper] [logPersistenceUnitInformation] -> (INFO) [HHH000204: Processing PersistenceUnitInfo [name: default]] 
[2024-03-15 23:53:23,202] - [org.hibernate.Version] [logVersion] -> (INFO) [HHH000412: Hibernate ORM core version 6.2.7.Final] 
[2024-03-15 23:53:23,211] - [org.hibernate.cfg.Environment] [<clinit>] -> (INFO) [HHH000406: Using bytecode reflection optimizer] 
[2024-03-15 23:53:23,642] - [org.hibernate.bytecode.internal.BytecodeProviderInitiator] [buildBytecodeProvider] -> (INFO) [HHH000021: Bytecode provider name : bytebuddy] 
[2024-03-15 23:53:24,028] - [org.springframework.orm.jpa.persistenceunit.SpringPersistenceUnitInfo] [addTransformer] -> (INFO) [No LoadTimeWeaver setup: ignoring JPA class transformer] 
[2024-03-15 23:53:24,070] - [com.zaxxer.hikari.HikariDataSource] [getConnection] -> (INFO) [HikariPool-1 - Starting...] 
[2024-03-15 23:53:24,843] - [com.zaxxer.hikari.pool.HikariPool] [checkFailFast] -> (INFO) [HikariPool-1 - Added connection com.mysql.cj.jdbc.ConnectionImpl@25421809] 
[2024-03-15 23:53:24,847] - [com.zaxxer.hikari.HikariDataSource] [getConnection] -> (INFO) [HikariPool-1 - Start completed.] 
[2024-03-15 23:53:25,962] - [org.hibernate.bytecode.internal.BytecodeProviderInitiator] [buildBytecodeProvider] -> (INFO) [HHH000021: Bytecode provider name : bytebuddy] 
[2024-03-15 23:53:27,722] - [org.hibernate.engine.transaction.jta.platform.internal.JtaPlatformInitiator] [initiateService] -> (INFO) [HHH000490: Using JtaPlatform implementation: [org.hibernate.engine.transaction.jta.platform.internal.NoJtaPlatform]] 
[2024-03-15 23:53:27,915] - [org.springframework.orm.jpa.LocalContainerEntityManagerFactoryBean] [buildNativeEntityManagerFactory] -> (INFO) [Initialized JPA EntityManagerFactory for persistence unit 'default'] 
[2024-03-15 23:53:28,226] - [org.springframework.boot.autoconfigure.orm.jpa.JpaBaseConfiguration$JpaWebConfiguration] [openEntityManagerInViewInterceptor] -> (WARN) [spring.jpa.open-in-view is enabled by default. Therefore, database queries may be performed during view rendering. Explicitly configure spring.jpa.open-in-view to disable this warning] 
[2024-03-15 23:53:29,387] - [org.springframework.data.jpa.repository.query.QueryEnhancerFactory] [<clinit>] -> (INFO) [Hibernate is in classpath; If applicable, HQL parser will be used.] 
[2024-03-15 23:53:32,577] - [org.apache.coyote.http11.Http11NioProtocol] [log] -> (INFO) [Starting ProtocolHandler ["http-nio-8085"]] 
[2024-03-15 23:53:32,640] - [org.springframework.boot.web.embedded.tomcat.TomcatWebServer] [start] -> (INFO) [Tomcat started on port(s): 8085 (http) with context path ''] 
[2024-03-15 23:53:33,356] - [com.hcl.elch.sportathon.registration.RegistrationApplication] [logStarted] -> (INFO) [Started RegistrationApplication in 17.218 seconds (process running for 22.083)] 
