[2024-03-11 10:48:30,590] - [com.zaxxer.hikari.pool.HikariPool] [run] -> (WARN) [HikariPool-1 - Thread starvation or clock leap detected (housekeeper delta=1d7h39m17s893ms292µs).] 
[2024-03-11 11:52:00,841] - [org.springframework.orm.jpa.LocalContainerEntityManagerFactoryBean] [destroy] -> (INFO) [Closing JPA EntityManagerFactory for persistence unit 'default'] 
[2024-03-11 11:52:00,897] - [com.zaxxer.hikari.HikariDataSource] [close] -> (INFO) [HikariPool-1 - Shutdown initiated...] 
[2024-03-11 11:52:00,979] - [com.zaxxer.hikari.HikariDataSource] [close] -> (INFO) [HikariPool-1 - Shutdown completed.] 
[2024-03-11 11:52:43,708] - [org.hibernate.validator.internal.util.Version] [<clinit>] -> (INFO) [HV000001: Hibernate Validator 8.0.1.Final] 
[2024-03-11 11:52:43,832] - [com.hcl.elch.sportathon.registration.RegistrationApplication] [logStarting] -> (INFO) [Starting RegistrationApplication using Java 19 with PID 26748 (C:\Sportathon\sportathon\Registration\target\classes started by tausif.ahmad in C:\Sportathon\sportathon\Registration)] 
[2024-03-11 11:52:43,845] - [com.hcl.elch.sportathon.registration.RegistrationApplication] [logStartupProfileInfo] -> (INFO) [No active profile set, falling back to 1 default profile: "default"] 
[2024-03-11 11:52:46,280] - [org.springframework.data.repository.config.RepositoryConfigurationDelegate] [registerRepositoriesIn] -> (INFO) [Bootstrapping Spring Data JPA repositories in DEFAULT mode.] 
[2024-03-11 11:52:46,588] - [org.springframework.data.repository.config.RepositoryConfigurationDelegate] [registerRepositoriesIn] -> (INFO) [Finished Spring Data repository scanning in 280 ms. Found 4 JPA repository interfaces.] 
[2024-03-11 11:52:49,015] - [org.springframework.boot.web.embedded.tomcat.TomcatWebServer] [initialize] -> (INFO) [Tomcat initialized with port 8085 (http)] 
[2024-03-11 11:52:49,047] - [org.apache.coyote.http11.Http11NioProtocol] [log] -> (INFO) [Initializing ProtocolHandler ["http-nio-8085"]] 
[2024-03-11 11:52:49,054] - [org.apache.catalina.core.StandardService] [log] -> (INFO) [Starting service [Tomcat]] 
[2024-03-11 11:52:49,055] - [org.apache.catalina.core.StandardEngine] [log] -> (INFO) [Starting Servlet engine: [Apache Tomcat/10.1.19]] 
[2024-03-11 11:52:49,356] - [org.apache.catalina.core.ContainerBase.[Tomcat].[localhost].[/]] [log] -> (INFO) [Initializing Spring embedded WebApplicationContext] 
[2024-03-11 11:52:49,360] - [org.springframework.boot.web.servlet.context.ServletWebServerApplicationContext] [prepareWebApplicationContext] -> (INFO) [Root WebApplicationContext: initialization completed in 5384 ms] 
[2024-03-11 11:52:49,911] - [org.hibernate.jpa.internal.util.LogHelper] [logPersistenceUnitInformation] -> (INFO) [HHH000204: Processing PersistenceUnitInfo [name: default]] 
[2024-03-11 11:52:50,159] - [org.hibernate.Version] [logVersion] -> (INFO) [HHH000412: Hibernate ORM core version 6.4.4.Final] 
[2024-03-11 11:52:50,297] - [org.hibernate.cache.internal.RegionFactoryInitiator] [initiateService] -> (INFO) [HHH000026: Second-level cache disabled] 
[2024-03-11 11:52:51,220] - [org.springframework.orm.jpa.persistenceunit.SpringPersistenceUnitInfo] [addTransformer] -> (INFO) [No LoadTimeWeaver setup: ignoring JPA class transformer] 
[2024-03-11 11:52:51,330] - [com.zaxxer.hikari.HikariDataSource] [getConnection] -> (INFO) [HikariPool-1 - Starting...] 
[2024-03-11 11:52:52,279] - [com.zaxxer.hikari.pool.HikariPool] [checkFailFast] -> (INFO) [HikariPool-1 - Added connection com.mysql.cj.jdbc.ConnectionImpl@403f7aa2] 
[2024-03-11 11:52:52,283] - [com.zaxxer.hikari.HikariDataSource] [getConnection] -> (INFO) [HikariPool-1 - Start completed.] 
[2024-03-11 11:52:55,523] - [org.hibernate.engine.transaction.jta.platform.internal.JtaPlatformInitiator] [initiateService] -> (INFO) [HHH000489: No JTA platform available (set 'hibernate.transaction.jta.platform' to enable JTA platform integration)] 
[2024-03-11 11:52:55,768] - [org.springframework.orm.jpa.LocalContainerEntityManagerFactoryBean] [buildNativeEntityManagerFactory] -> (INFO) [Initialized JPA EntityManagerFactory for persistence unit 'default'] 
[2024-03-11 11:52:56,739] - [org.springframework.data.jpa.repository.query.QueryEnhancerFactory] [<clinit>] -> (INFO) [Hibernate is in classpath; If applicable, HQL parser will be used.] 
[2024-03-11 11:52:58,369] - [org.springframework.boot.autoconfigure.orm.jpa.JpaBaseConfiguration$JpaWebConfiguration] [openEntityManagerInViewInterceptor] -> (WARN) [spring.jpa.open-in-view is enabled by default. Therefore, database queries may be performed during view rendering. Explicitly configure spring.jpa.open-in-view to disable this warning] 
[2024-03-11 11:52:59,595] - [org.apache.coyote.http11.Http11NioProtocol] [log] -> (INFO) [Starting ProtocolHandler ["http-nio-8085"]] 
[2024-03-11 11:52:59,715] - [org.springframework.boot.web.embedded.tomcat.TomcatWebServer] [start] -> (INFO) [Tomcat started on port 8085 (http) with context path ''] 
[2024-03-11 11:52:59,739] - [com.hcl.elch.sportathon.registration.RegistrationApplication] [logStarted] -> (INFO) [Started RegistrationApplication in 16.798 seconds (process running for 22.578)] 
[2024-03-11 11:53:51,926] - [org.apache.catalina.core.ContainerBase.[Tomcat].[localhost].[/]] [log] -> (INFO) [Initializing Spring DispatcherServlet 'dispatcherServlet'] 
[2024-03-11 11:53:51,926] - [org.springframework.web.servlet.DispatcherServlet] [initServletBean] -> (INFO) [Initializing Servlet 'dispatcherServlet'] 
[2024-03-11 11:53:51,929] - [org.springframework.web.servlet.DispatcherServlet] [initServletBean] -> (INFO) [Completed initialization in 2 ms] 
[2024-03-11 11:54:01,412] - [com.hcl.elch.sportathon.registration.handler.GlobalExceptionHandler] [handleUnknownException] -> (ERROR) [Exception :- ErrorResponse(statusCode=400, message=Some Exception occurs -: Ambiguous handler methods mapped for '/api/game/1': {public org.springframework.http.ResponseEntity com.hcl.elch.sportathon.registration.controller.RegistrationController.showGameByGameId(java.lang.Integer) throws com.hcl.elch.sportathon.registration.exceptions.DataNotFoundException, public org.springframework.http.ResponseEntity com.hcl.elch.sportathon.registration.controller.RegistrationController.showGameByGameTpe(java.lang.String)})] 
[2024-03-11 12:12:26,543] - [com.hcl.elch.sportathon.registration.handler.GlobalExceptionHandler] [handleUnknownException] -> (ERROR) [Exception :- ErrorResponse(statusCode=400, message=Some Exception occurs -: Failed to convert value of type 'java.lang.String' to required type 'java.lang.Integer'; For input string: "playerId")] 
[2024-03-11 14:58:11,494] - [com.zaxxer.hikari.pool.HikariPool] [run] -> (WARN) [HikariPool-1 - Thread starvation or clock leap detected (housekeeper delta=1h50m35s513ms563µs200ns).] 
[2024-03-11 16:09:46,502] - [com.zaxxer.hikari.pool.HikariPool] [run] -> (WARN) [HikariPool-1 - Thread starvation or clock leap detected (housekeeper delta=35m35s87ms360µs901ns).] 
