[2024-03-18 12:22:47,517] - [org.hibernate.validator.internal.util.Version] [<clinit>] -> (INFO) [HV000001: Hibernate Validator 8.0.1.Final] 
[2024-03-18 12:22:47,600] - [com.hcl.elch.sportathon.registration.RegistrationApplication] [logStarting] -> (INFO) [Starting RegistrationApplication using Java 17.0.7 with PID 41020 (C:\Users\vishiv.panchal\Downloads\Sportathon\Registration\target\classes started by vishiv.panchal in C:\Users\vishiv.panchal\Downloads\Sportathon\Admin)] 
[2024-03-18 12:22:47,609] - [com.hcl.elch.sportathon.registration.RegistrationApplication] [logStartupProfileInfo] -> (INFO) [No active profile set, falling back to 1 default profile: "default"] 
[2024-03-18 12:22:49,210] - [org.springframework.data.repository.config.RepositoryConfigurationDelegate] [registerRepositoriesIn] -> (INFO) [Bootstrapping Spring Data JPA repositories in DEFAULT mode.] 
[2024-03-18 12:22:49,383] - [org.springframework.data.repository.config.RepositoryConfigurationDelegate] [registerRepositoriesIn] -> (INFO) [Finished Spring Data repository scanning in 159 ms. Found 3 JPA repository interfaces.] 
[2024-03-18 12:22:49,762] - [org.springframework.cloud.context.scope.GenericScope] [setSerializationId] -> (INFO) [BeanFactory id=85c7c3c6-4d61-3c5b-a522-2341d0378be7] 
[2024-03-18 12:22:49,880] - [org.springframework.context.support.PostProcessorRegistrationDelegate$BeanPostProcessorChecker] [postProcessAfterInitialization] -> (INFO) [Bean 'com.hcl.elch.sportathon.registration.services.APIClient' of type [org.springframework.cloud.openfeign.FeignClientFactoryBean] is not eligible for getting processed by all BeanPostProcessors (for example: not eligible for auto-proxying)] 
[2024-03-18 12:22:50,716] - [org.springframework.boot.web.embedded.tomcat.TomcatWebServer] [initialize] -> (INFO) [Tomcat initialized with port(s): 8085 (http)] 
[2024-03-18 12:22:50,730] - [org.apache.coyote.http11.Http11NioProtocol] [log] -> (INFO) [Initializing ProtocolHandler ["http-nio-8085"]] 
[2024-03-18 12:22:50,735] - [org.apache.catalina.core.StandardService] [log] -> (INFO) [Starting service [Tomcat]] 
[2024-03-18 12:22:50,735] - [org.apache.catalina.core.StandardEngine] [log] -> (INFO) [Starting Servlet engine: [Apache Tomcat/10.1.12]] 
[2024-03-18 12:22:50,998] - [org.apache.catalina.core.ContainerBase.[Tomcat].[localhost].[/]] [log] -> (INFO) [Initializing Spring embedded WebApplicationContext] 
[2024-03-18 12:22:51,000] - [org.springframework.boot.web.servlet.context.ServletWebServerApplicationContext] [prepareWebApplicationContext] -> (INFO) [Root WebApplicationContext: initialization completed in 3309 ms] 
[2024-03-18 12:22:51,335] - [org.hibernate.jpa.internal.util.LogHelper] [logPersistenceUnitInformation] -> (INFO) [HHH000204: Processing PersistenceUnitInfo [name: default]] 
[2024-03-18 12:22:51,480] - [org.hibernate.Version] [logVersion] -> (INFO) [HHH000412: Hibernate ORM core version 6.2.7.Final] 
[2024-03-18 12:22:51,484] - [org.hibernate.cfg.Environment] [<clinit>] -> (INFO) [HHH000406: Using bytecode reflection optimizer] 
[2024-03-18 12:22:51,799] - [org.hibernate.bytecode.internal.BytecodeProviderInitiator] [buildBytecodeProvider] -> (INFO) [HHH000021: Bytecode provider name : bytebuddy] 
[2024-03-18 12:22:52,062] - [org.springframework.orm.jpa.persistenceunit.SpringPersistenceUnitInfo] [addTransformer] -> (INFO) [No LoadTimeWeaver setup: ignoring JPA class transformer] 
[2024-03-18 12:22:52,102] - [com.zaxxer.hikari.HikariDataSource] [getConnection] -> (INFO) [HikariPool-1 - Starting...] 
[2024-03-18 12:22:52,779] - [com.zaxxer.hikari.pool.HikariPool] [checkFailFast] -> (INFO) [HikariPool-1 - Added connection com.mysql.cj.jdbc.ConnectionImpl@7b3c0ecb] 
[2024-03-18 12:22:52,783] - [com.zaxxer.hikari.HikariDataSource] [getConnection] -> (INFO) [HikariPool-1 - Start completed.] 
[2024-03-18 12:22:53,349] - [org.hibernate.bytecode.internal.BytecodeProviderInitiator] [buildBytecodeProvider] -> (INFO) [HHH000021: Bytecode provider name : bytebuddy] 
[2024-03-18 12:22:54,425] - [org.hibernate.engine.transaction.jta.platform.internal.JtaPlatformInitiator] [initiateService] -> (INFO) [HHH000490: Using JtaPlatform implementation: [org.hibernate.engine.transaction.jta.platform.internal.NoJtaPlatform]] 
[2024-03-18 12:22:55,322] - [org.springframework.orm.jpa.LocalContainerEntityManagerFactoryBean] [buildNativeEntityManagerFactory] -> (INFO) [Initialized JPA EntityManagerFactory for persistence unit 'default'] 
[2024-03-18 12:22:55,506] - [org.springframework.boot.autoconfigure.orm.jpa.JpaBaseConfiguration$JpaWebConfiguration] [openEntityManagerInViewInterceptor] -> (WARN) [spring.jpa.open-in-view is enabled by default. Therefore, database queries may be performed during view rendering. Explicitly configure spring.jpa.open-in-view to disable this warning] 
[2024-03-18 12:22:56,088] - [org.springframework.data.jpa.repository.query.QueryEnhancerFactory] [<clinit>] -> (INFO) [Hibernate is in classpath; If applicable, HQL parser will be used.] 
[2024-03-18 12:22:57,744] - [org.apache.coyote.http11.Http11NioProtocol] [log] -> (INFO) [Starting ProtocolHandler ["http-nio-8085"]] 
[2024-03-18 12:22:57,804] - [org.springframework.boot.web.embedded.tomcat.TomcatWebServer] [start] -> (INFO) [Tomcat started on port(s): 8085 (http) with context path ''] 
[2024-03-18 12:22:58,124] - [com.hcl.elch.sportathon.registration.RegistrationApplication] [logStarted] -> (INFO) [Started RegistrationApplication in 11.523 seconds (process running for 15.16)] 
[2024-03-18 12:27:18,801] - [org.apache.catalina.core.ContainerBase.[Tomcat].[localhost].[/]] [log] -> (INFO) [Initializing Spring DispatcherServlet 'dispatcherServlet'] 
[2024-03-18 12:27:18,802] - [org.springframework.web.servlet.DispatcherServlet] [initServletBean] -> (INFO) [Initializing Servlet 'dispatcherServlet'] 
[2024-03-18 12:27:18,806] - [org.springframework.web.servlet.DispatcherServlet] [initServletBean] -> (INFO) [Completed initialization in 4 ms] 
[2024-03-18 13:13:48,491] - [org.springframework.orm.jpa.LocalContainerEntityManagerFactoryBean] [destroy] -> (INFO) [Closing JPA EntityManagerFactory for persistence unit 'default'] 
[2024-03-18 13:13:48,504] - [com.zaxxer.hikari.HikariDataSource] [close] -> (INFO) [HikariPool-1 - Shutdown initiated...] 
[2024-03-18 13:13:48,523] - [com.zaxxer.hikari.HikariDataSource] [close] -> (INFO) [HikariPool-1 - Shutdown completed.] 
[2024-03-18 13:14:14,583] - [org.hibernate.validator.internal.util.Version] [<clinit>] -> (INFO) [HV000001: Hibernate Validator 8.0.1.Final] 
[2024-03-18 13:14:14,667] - [com.hcl.elch.sportathon.registration.RegistrationApplication] [logStarting] -> (INFO) [Starting RegistrationApplication using Java 17.0.7 with PID 46408 (C:\Users\vishiv.panchal\Downloads\Sportathon\Registration\target\classes started by vishiv.panchal in C:\Users\vishiv.panchal\Downloads\Sportathon\Admin)] 
[2024-03-18 13:14:14,676] - [com.hcl.elch.sportathon.registration.RegistrationApplication] [logStartupProfileInfo] -> (INFO) [No active profile set, falling back to 1 default profile: "default"] 
[2024-03-18 13:14:16,256] - [org.springframework.data.repository.config.RepositoryConfigurationDelegate] [registerRepositoriesIn] -> (INFO) [Bootstrapping Spring Data JPA repositories in DEFAULT mode.] 
[2024-03-18 13:14:16,563] - [org.springframework.data.repository.config.RepositoryConfigurationDelegate] [registerRepositoriesIn] -> (INFO) [Finished Spring Data repository scanning in 288 ms. Found 3 JPA repository interfaces.] 
[2024-03-18 13:14:17,060] - [org.springframework.cloud.context.scope.GenericScope] [setSerializationId] -> (INFO) [BeanFactory id=5e6a3a35-7f7e-3eb9-bc9b-86b6e649a38b] 
[2024-03-18 13:14:17,188] - [org.springframework.context.support.PostProcessorRegistrationDelegate$BeanPostProcessorChecker] [postProcessAfterInitialization] -> (INFO) [Bean 'com.hcl.elch.sportathon.registration.services.APIClient' of type [org.springframework.cloud.openfeign.FeignClientFactoryBean] is not eligible for getting processed by all BeanPostProcessors (for example: not eligible for auto-proxying)] 
[2024-03-18 13:14:18,047] - [org.springframework.boot.web.embedded.tomcat.TomcatWebServer] [initialize] -> (INFO) [Tomcat initialized with port(s): 8085 (http)] 
[2024-03-18 13:14:18,086] - [org.apache.coyote.http11.Http11NioProtocol] [log] -> (INFO) [Initializing ProtocolHandler ["http-nio-8085"]] 
[2024-03-18 13:14:18,091] - [org.apache.catalina.core.StandardService] [log] -> (INFO) [Starting service [Tomcat]] 
[2024-03-18 13:14:18,091] - [org.apache.catalina.core.StandardEngine] [log] -> (INFO) [Starting Servlet engine: [Apache Tomcat/10.1.12]] 
[2024-03-18 13:14:18,359] - [org.apache.catalina.core.ContainerBase.[Tomcat].[localhost].[/]] [log] -> (INFO) [Initializing Spring embedded WebApplicationContext] 
[2024-03-18 13:14:18,362] - [org.springframework.boot.web.servlet.context.ServletWebServerApplicationContext] [prepareWebApplicationContext] -> (INFO) [Root WebApplicationContext: initialization completed in 3596 ms] 
[2024-03-18 13:14:18,665] - [org.hibernate.jpa.internal.util.LogHelper] [logPersistenceUnitInformation] -> (INFO) [HHH000204: Processing PersistenceUnitInfo [name: default]] 
[2024-03-18 13:14:18,756] - [org.hibernate.Version] [logVersion] -> (INFO) [HHH000412: Hibernate ORM core version 6.2.7.Final] 
[2024-03-18 13:14:18,762] - [org.hibernate.cfg.Environment] [<clinit>] -> (INFO) [HHH000406: Using bytecode reflection optimizer] 
[2024-03-18 13:14:19,011] - [org.hibernate.bytecode.internal.BytecodeProviderInitiator] [buildBytecodeProvider] -> (INFO) [HHH000021: Bytecode provider name : bytebuddy] 
[2024-03-18 13:14:19,269] - [org.springframework.orm.jpa.persistenceunit.SpringPersistenceUnitInfo] [addTransformer] -> (INFO) [No LoadTimeWeaver setup: ignoring JPA class transformer] 
[2024-03-18 13:14:19,313] - [com.zaxxer.hikari.HikariDataSource] [getConnection] -> (INFO) [HikariPool-1 - Starting...] 
[2024-03-18 13:14:20,072] - [com.zaxxer.hikari.pool.HikariPool] [checkFailFast] -> (INFO) [HikariPool-1 - Added connection com.mysql.cj.jdbc.ConnectionImpl@14b48f39] 
[2024-03-18 13:14:20,076] - [com.zaxxer.hikari.HikariDataSource] [getConnection] -> (INFO) [HikariPool-1 - Start completed.] 
[2024-03-18 13:14:20,572] - [org.hibernate.bytecode.internal.BytecodeProviderInitiator] [buildBytecodeProvider] -> (INFO) [HHH000021: Bytecode provider name : bytebuddy] 
[2024-03-18 13:14:21,535] - [org.hibernate.engine.transaction.jta.platform.internal.JtaPlatformInitiator] [initiateService] -> (INFO) [HHH000490: Using JtaPlatform implementation: [org.hibernate.engine.transaction.jta.platform.internal.NoJtaPlatform]] 
[2024-03-18 13:14:21,706] - [org.springframework.orm.jpa.LocalContainerEntityManagerFactoryBean] [buildNativeEntityManagerFactory] -> (INFO) [Initialized JPA EntityManagerFactory for persistence unit 'default'] 
[2024-03-18 13:14:21,894] - [org.springframework.boot.autoconfigure.orm.jpa.JpaBaseConfiguration$JpaWebConfiguration] [openEntityManagerInViewInterceptor] -> (WARN) [spring.jpa.open-in-view is enabled by default. Therefore, database queries may be performed during view rendering. Explicitly configure spring.jpa.open-in-view to disable this warning] 
[2024-03-18 13:14:22,516] - [org.springframework.data.jpa.repository.query.QueryEnhancerFactory] [<clinit>] -> (INFO) [Hibernate is in classpath; If applicable, HQL parser will be used.] 
[2024-03-18 13:14:24,211] - [org.springframework.cloud.netflix.eureka.config.DiscoveryClientOptionalArgsConfiguration] [restTemplateDiscoveryClientOptionalArgs] -> (INFO) [Eureka HTTP Client uses RestTemplate.] 
[2024-03-18 13:14:24,618] - [org.springframework.cloud.loadbalancer.config.LoadBalancerCacheAutoConfiguration$LoadBalancerCaffeineWarnLogger] [afterPropertiesSet] -> (WARN) [Spring Cloud LoadBalancer is currently working with the default cache. While this cache implementation is useful for development and tests, it's recommended to use Caffeine cache in production.You can switch to using Caffeine cache, by adding it and org.springframework.cache.caffeine.CaffeineCacheManager to the classpath.] 
[2024-03-18 13:14:24,661] - [org.springframework.cloud.netflix.eureka.InstanceInfoFactory] [create] -> (INFO) [Setting initial instance status as: STARTING] 
[2024-03-18 13:14:24,727] - [com.netflix.discovery.DiscoveryClient] [<init>] -> (INFO) [Initializing Eureka in region us-east-1] 
[2024-03-18 13:14:24,732] - [com.netflix.discovery.shared.resolver.aws.ConfigClusterResolver] [getClusterEndpoints] -> (INFO) [Resolving eureka endpoints via configuration] 
[2024-03-18 13:14:24,768] - [com.netflix.discovery.DiscoveryClient] [fetchRegistry] -> (INFO) [Disable delta property : false] 
[2024-03-18 13:14:24,769] - [com.netflix.discovery.DiscoveryClient] [fetchRegistry] -> (INFO) [Single vip registry refresh property : null] 
[2024-03-18 13:14:24,771] - [com.netflix.discovery.DiscoveryClient] [fetchRegistry] -> (INFO) [Force full registry fetch : false] 
[2024-03-18 13:14:24,771] - [com.netflix.discovery.DiscoveryClient] [fetchRegistry] -> (INFO) [Application is null : false] 
[2024-03-18 13:14:24,771] - [com.netflix.discovery.DiscoveryClient] [fetchRegistry] -> (INFO) [Registered Applications size is zero : true] 
[2024-03-18 13:14:24,772] - [com.netflix.discovery.DiscoveryClient] [fetchRegistry] -> (INFO) [Application version is -1: true] 
[2024-03-18 13:14:24,772] - [com.netflix.discovery.DiscoveryClient] [getAndStoreFullRegistry] -> (INFO) [Getting all instance registry info from the eureka server] 
[2024-03-18 13:14:25,306] - [com.netflix.discovery.DiscoveryClient] [getAndStoreFullRegistry] -> (INFO) [The response status is 200] 
[2024-03-18 13:14:25,310] - [com.netflix.discovery.DiscoveryClient] [initScheduledTasks] -> (INFO) [Starting heartbeat executor: renew interval is: 30] 
[2024-03-18 13:14:25,317] - [com.netflix.discovery.InstanceInfoReplicator] [<init>] -> (INFO) [InstanceInfoReplicator onDemand update allowed rate per min is 4] 
[2024-03-18 13:14:25,325] - [com.netflix.discovery.DiscoveryClient] [<init>] -> (INFO) [Discovery Client initialized at timestamp 1710747865324 with initial instances count: 3] 
[2024-03-18 13:14:25,329] - [org.springframework.cloud.netflix.eureka.serviceregistry.EurekaServiceRegistry] [register] -> (INFO) [Registering application REGISTRATION-SERVICE with eureka with status UP] 
[2024-03-18 13:14:25,332] - [com.netflix.discovery.DiscoveryClient] [notify] -> (INFO) [Saw local status change event StatusChangeEvent [timestamp=1710747865332, current=UP, previous=STARTING]] 
[2024-03-18 13:14:25,336] - [org.apache.coyote.http11.Http11NioProtocol] [log] -> (INFO) [Starting ProtocolHandler ["http-nio-8085"]] 
[2024-03-18 13:14:25,337] - [com.netflix.discovery.DiscoveryClient] [register] -> (INFO) [DiscoveryClient_REGISTRATION-SERVICE/LP-5CG131C1CZ.HCLT.CORP.HCL.IN:REGISTRATION-SERVICE:8085: registering service...] 
[2024-03-18 13:14:25,408] - [com.netflix.discovery.DiscoveryClient] [register] -> (INFO) [DiscoveryClient_REGISTRATION-SERVICE/LP-5CG131C1CZ.HCLT.CORP.HCL.IN:REGISTRATION-SERVICE:8085 - registration status: 204] 
[2024-03-18 13:14:25,417] - [org.springframework.boot.web.embedded.tomcat.TomcatWebServer] [start] -> (INFO) [Tomcat started on port(s): 8085 (http) with context path ''] 
[2024-03-18 13:14:25,418] - [org.springframework.cloud.netflix.eureka.serviceregistry.EurekaAutoServiceRegistration] [onApplicationEvent] -> (INFO) [Updating port to 8085] 
[2024-03-18 13:14:25,716] - [com.hcl.elch.sportathon.registration.RegistrationApplication] [logStarted] -> (INFO) [Started RegistrationApplication in 12.017 seconds (process running for 16.04)] 
[2024-03-18 13:18:07,563] - [org.springframework.cloud.netflix.eureka.serviceregistry.EurekaServiceRegistry] [deregister] -> (INFO) [Unregistering application REGISTRATION-SERVICE with eureka with status DOWN] 
[2024-03-18 13:18:07,564] - [com.netflix.discovery.DiscoveryClient] [notify] -> (INFO) [Saw local status change event StatusChangeEvent [timestamp=1710748087564, current=DOWN, previous=UP]] 
[2024-03-18 13:18:07,565] - [com.netflix.discovery.DiscoveryClient] [register] -> (INFO) [DiscoveryClient_REGISTRATION-SERVICE/LP-5CG131C1CZ.HCLT.CORP.HCL.IN:REGISTRATION-SERVICE:8085: registering service...] 
[2024-03-18 13:18:07,575] - [com.netflix.discovery.DiscoveryClient] [register] -> (INFO) [DiscoveryClient_REGISTRATION-SERVICE/LP-5CG131C1CZ.HCLT.CORP.HCL.IN:REGISTRATION-SERVICE:8085 - registration status: 204] 
[2024-03-18 13:18:07,619] - [org.springframework.orm.jpa.LocalContainerEntityManagerFactoryBean] [destroy] -> (INFO) [Closing JPA EntityManagerFactory for persistence unit 'default'] 
[2024-03-18 13:18:07,623] - [com.zaxxer.hikari.HikariDataSource] [close] -> (INFO) [HikariPool-1 - Shutdown initiated...] 
[2024-03-18 13:18:07,654] - [com.zaxxer.hikari.HikariDataSource] [close] -> (INFO) [HikariPool-1 - Shutdown completed.] 
[2024-03-18 13:18:07,655] - [com.netflix.discovery.DiscoveryClient] [shutdown] -> (INFO) [Shutting down DiscoveryClient ...] 
[2024-03-18 13:18:10,672] - [com.netflix.discovery.DiscoveryClient] [unregister] -> (INFO) [Unregistering ...] 
[2024-03-18 13:18:10,681] - [com.netflix.discovery.DiscoveryClient] [unregister] -> (INFO) [DiscoveryClient_REGISTRATION-SERVICE/LP-5CG131C1CZ.HCLT.CORP.HCL.IN:REGISTRATION-SERVICE:8085 - deregister  status: 200] 
[2024-03-18 13:18:10,689] - [com.netflix.discovery.DiscoveryClient] [shutdown] -> (INFO) [Completed shut down of DiscoveryClient] 
[2024-03-18 13:18:23,303] - [org.hibernate.validator.internal.util.Version] [<clinit>] -> (INFO) [HV000001: Hibernate Validator 8.0.1.Final] 
[2024-03-18 13:18:23,365] - [com.hcl.elch.sportathon.registration.RegistrationApplication] [logStarting] -> (INFO) [Starting RegistrationApplication using Java 17.0.7 with PID 51848 (C:\Users\vishiv.panchal\Downloads\Sportathon\Registration\target\classes started by vishiv.panchal in C:\Users\vishiv.panchal\Downloads\Sportathon\Admin)] 
[2024-03-18 13:18:23,376] - [com.hcl.elch.sportathon.registration.RegistrationApplication] [logStartupProfileInfo] -> (INFO) [No active profile set, falling back to 1 default profile: "default"] 
[2024-03-18 13:18:24,789] - [org.springframework.data.repository.config.RepositoryConfigurationDelegate] [registerRepositoriesIn] -> (INFO) [Bootstrapping Spring Data JPA repositories in DEFAULT mode.] 
[2024-03-18 13:18:25,048] - [org.springframework.data.repository.config.RepositoryConfigurationDelegate] [registerRepositoriesIn] -> (INFO) [Finished Spring Data repository scanning in 243 ms. Found 3 JPA repository interfaces.] 
[2024-03-18 13:18:25,518] - [org.springframework.cloud.context.scope.GenericScope] [setSerializationId] -> (INFO) [BeanFactory id=e4c8fdf6-f6b1-3eba-b7ce-8018723c7bee] 
[2024-03-18 13:18:25,630] - [org.springframework.context.support.PostProcessorRegistrationDelegate$BeanPostProcessorChecker] [postProcessAfterInitialization] -> (INFO) [Bean 'com.hcl.elch.sportathon.registration.services.APIClient' of type [org.springframework.cloud.openfeign.FeignClientFactoryBean] is not eligible for getting processed by all BeanPostProcessors (for example: not eligible for auto-proxying)] 
[2024-03-18 13:18:26,367] - [org.springframework.boot.web.embedded.tomcat.TomcatWebServer] [initialize] -> (INFO) [Tomcat initialized with port(s): 8085 (http)] 
[2024-03-18 13:18:26,384] - [org.apache.coyote.http11.Http11NioProtocol] [log] -> (INFO) [Initializing ProtocolHandler ["http-nio-8085"]] 
[2024-03-18 13:18:26,388] - [org.apache.catalina.core.StandardService] [log] -> (INFO) [Starting service [Tomcat]] 
[2024-03-18 13:18:26,389] - [org.apache.catalina.core.StandardEngine] [log] -> (INFO) [Starting Servlet engine: [Apache Tomcat/10.1.12]] 
[2024-03-18 13:18:26,656] - [org.apache.catalina.core.ContainerBase.[Tomcat].[localhost].[/]] [log] -> (INFO) [Initializing Spring embedded WebApplicationContext] 
[2024-03-18 13:18:26,659] - [org.springframework.boot.web.servlet.context.ServletWebServerApplicationContext] [prepareWebApplicationContext] -> (INFO) [Root WebApplicationContext: initialization completed in 3209 ms] 
[2024-03-18 13:18:26,956] - [org.hibernate.jpa.internal.util.LogHelper] [logPersistenceUnitInformation] -> (INFO) [HHH000204: Processing PersistenceUnitInfo [name: default]] 
[2024-03-18 13:18:27,047] - [org.hibernate.Version] [logVersion] -> (INFO) [HHH000412: Hibernate ORM core version 6.2.7.Final] 
[2024-03-18 13:18:27,050] - [org.hibernate.cfg.Environment] [<clinit>] -> (INFO) [HHH000406: Using bytecode reflection optimizer] 
[2024-03-18 13:18:27,270] - [org.hibernate.bytecode.internal.BytecodeProviderInitiator] [buildBytecodeProvider] -> (INFO) [HHH000021: Bytecode provider name : bytebuddy] 
[2024-03-18 13:18:27,491] - [org.springframework.orm.jpa.persistenceunit.SpringPersistenceUnitInfo] [addTransformer] -> (INFO) [No LoadTimeWeaver setup: ignoring JPA class transformer] 
[2024-03-18 13:18:27,528] - [com.zaxxer.hikari.HikariDataSource] [getConnection] -> (INFO) [HikariPool-1 - Starting...] 
[2024-03-18 13:18:27,978] - [com.zaxxer.hikari.pool.HikariPool] [checkFailFast] -> (INFO) [HikariPool-1 - Added connection com.mysql.cj.jdbc.ConnectionImpl@45539bd8] 
[2024-03-18 13:18:27,980] - [com.zaxxer.hikari.HikariDataSource] [getConnection] -> (INFO) [HikariPool-1 - Start completed.] 
[2024-03-18 13:18:28,484] - [org.hibernate.bytecode.internal.BytecodeProviderInitiator] [buildBytecodeProvider] -> (INFO) [HHH000021: Bytecode provider name : bytebuddy] 
[2024-03-18 13:18:29,410] - [org.hibernate.engine.transaction.jta.platform.internal.JtaPlatformInitiator] [initiateService] -> (INFO) [HHH000490: Using JtaPlatform implementation: [org.hibernate.engine.transaction.jta.platform.internal.NoJtaPlatform]] 
[2024-03-18 13:18:29,559] - [org.springframework.orm.jpa.LocalContainerEntityManagerFactoryBean] [buildNativeEntityManagerFactory] -> (INFO) [Initialized JPA EntityManagerFactory for persistence unit 'default'] 
[2024-03-18 13:18:29,714] - [org.springframework.boot.autoconfigure.orm.jpa.JpaBaseConfiguration$JpaWebConfiguration] [openEntityManagerInViewInterceptor] -> (WARN) [spring.jpa.open-in-view is enabled by default. Therefore, database queries may be performed during view rendering. Explicitly configure spring.jpa.open-in-view to disable this warning] 
[2024-03-18 13:18:29,895] - [org.springframework.boot.web.servlet.context.AnnotationConfigServletWebServerApplicationContext] [refresh] -> (WARN) [Exception encountered during context initialization - cancelling refresh attempt: org.springframework.beans.factory.UnsatisfiedDependencyException: Error creating bean with name 'registrationController': Unsatisfied dependency expressed through field 'teamService': Error creating bean with name 'teamRegistrationServiceImpl': Unsatisfied dependency expressed through field 'emailService': Error creating bean with name 'emailService': Unsatisfied dependency expressed through field 'javaMailSender': No qualifying bean of type 'org.springframework.mail.javamail.JavaMailSender' available: expected at least 1 bean which qualifies as autowire candidate. Dependency annotations: {@org.springframework.beans.factory.annotation.Autowired(required=true)}] 
[2024-03-18 13:18:29,898] - [org.springframework.orm.jpa.LocalContainerEntityManagerFactoryBean] [destroy] -> (INFO) [Closing JPA EntityManagerFactory for persistence unit 'default'] 
[2024-03-18 13:18:29,902] - [com.zaxxer.hikari.HikariDataSource] [close] -> (INFO) [HikariPool-1 - Shutdown initiated...] 
[2024-03-18 13:18:29,926] - [com.zaxxer.hikari.HikariDataSource] [close] -> (INFO) [HikariPool-1 - Shutdown completed.] 
[2024-03-18 13:18:29,927] - [org.apache.catalina.core.StandardService] [log] -> (INFO) [Stopping service [Tomcat]] 
[2024-03-18 13:18:29,948] - [org.springframework.boot.autoconfigure.logging.ConditionEvaluationReportLogger] [logMessage] -> (INFO) [

Error starting ApplicationContext. To display the condition evaluation report re-run your application with 'debug' enabled.] 
[2024-03-18 13:18:29,995] - [org.springframework.boot.diagnostics.LoggingFailureAnalysisReporter] [report] -> (ERROR) [

***************************
APPLICATION FAILED TO START
***************************

Description:

Field javaMailSender in com.hcl.elch.sportathon.registration.services.EmailService required a bean of type 'org.springframework.mail.javamail.JavaMailSender' that could not be found.

The injection point has the following annotations:
	- @org.springframework.beans.factory.annotation.Autowired(required=true)


Action:

Consider defining a bean of type 'org.springframework.mail.javamail.JavaMailSender' in your configuration.
] 
[2024-03-18 13:18:59,389] - [org.hibernate.validator.internal.util.Version] [<clinit>] -> (INFO) [HV000001: Hibernate Validator 8.0.1.Final] 
[2024-03-18 13:18:59,461] - [com.hcl.elch.sportathon.registration.RegistrationApplication] [logStarting] -> (INFO) [Starting RegistrationApplication using Java 17.0.7 with PID 44364 (C:\Users\vishiv.panchal\Downloads\Sportathon\Registration\target\classes started by vishiv.panchal in C:\Users\vishiv.panchal\Downloads\Sportathon\Admin)] 
[2024-03-18 13:18:59,471] - [com.hcl.elch.sportathon.registration.RegistrationApplication] [logStartupProfileInfo] -> (INFO) [No active profile set, falling back to 1 default profile: "default"] 
[2024-03-18 13:19:00,951] - [org.springframework.data.repository.config.RepositoryConfigurationDelegate] [registerRepositoriesIn] -> (INFO) [Bootstrapping Spring Data JPA repositories in DEFAULT mode.] 
[2024-03-18 13:19:01,193] - [org.springframework.data.repository.config.RepositoryConfigurationDelegate] [registerRepositoriesIn] -> (INFO) [Finished Spring Data repository scanning in 226 ms. Found 3 JPA repository interfaces.] 
[2024-03-18 13:19:01,680] - [org.springframework.cloud.context.scope.GenericScope] [setSerializationId] -> (INFO) [BeanFactory id=5e6a3a35-7f7e-3eb9-bc9b-86b6e649a38b] 
[2024-03-18 13:19:01,816] - [org.springframework.context.support.PostProcessorRegistrationDelegate$BeanPostProcessorChecker] [postProcessAfterInitialization] -> (INFO) [Bean 'com.hcl.elch.sportathon.registration.services.APIClient' of type [org.springframework.cloud.openfeign.FeignClientFactoryBean] is not eligible for getting processed by all BeanPostProcessors (for example: not eligible for auto-proxying)] 
[2024-03-18 13:19:02,658] - [org.springframework.boot.web.embedded.tomcat.TomcatWebServer] [initialize] -> (INFO) [Tomcat initialized with port(s): 8085 (http)] 
[2024-03-18 13:19:02,672] - [org.apache.coyote.http11.Http11NioProtocol] [log] -> (INFO) [Initializing ProtocolHandler ["http-nio-8085"]] 
[2024-03-18 13:19:02,676] - [org.apache.catalina.core.StandardService] [log] -> (INFO) [Starting service [Tomcat]] 
[2024-03-18 13:19:02,677] - [org.apache.catalina.core.StandardEngine] [log] -> (INFO) [Starting Servlet engine: [Apache Tomcat/10.1.12]] 
[2024-03-18 13:19:02,970] - [org.apache.catalina.core.ContainerBase.[Tomcat].[localhost].[/]] [log] -> (INFO) [Initializing Spring embedded WebApplicationContext] 
[2024-03-18 13:19:02,973] - [org.springframework.boot.web.servlet.context.ServletWebServerApplicationContext] [prepareWebApplicationContext] -> (INFO) [Root WebApplicationContext: initialization completed in 3433 ms] 
[2024-03-18 13:19:03,245] - [org.hibernate.jpa.internal.util.LogHelper] [logPersistenceUnitInformation] -> (INFO) [HHH000204: Processing PersistenceUnitInfo [name: default]] 
[2024-03-18 13:19:03,343] - [org.hibernate.Version] [logVersion] -> (INFO) [HHH000412: Hibernate ORM core version 6.2.7.Final] 
[2024-03-18 13:19:03,349] - [org.hibernate.cfg.Environment] [<clinit>] -> (INFO) [HHH000406: Using bytecode reflection optimizer] 
[2024-03-18 13:19:03,629] - [org.hibernate.bytecode.internal.BytecodeProviderInitiator] [buildBytecodeProvider] -> (INFO) [HHH000021: Bytecode provider name : bytebuddy] 
[2024-03-18 13:19:03,887] - [org.springframework.orm.jpa.persistenceunit.SpringPersistenceUnitInfo] [addTransformer] -> (INFO) [No LoadTimeWeaver setup: ignoring JPA class transformer] 
[2024-03-18 13:19:03,918] - [com.zaxxer.hikari.HikariDataSource] [getConnection] -> (INFO) [HikariPool-1 - Starting...] 
[2024-03-18 13:19:04,347] - [com.zaxxer.hikari.pool.HikariPool] [checkFailFast] -> (INFO) [HikariPool-1 - Added connection com.mysql.cj.jdbc.ConnectionImpl@12270a01] 
[2024-03-18 13:19:04,350] - [com.zaxxer.hikari.HikariDataSource] [getConnection] -> (INFO) [HikariPool-1 - Start completed.] 
[2024-03-18 13:19:04,775] - [org.hibernate.bytecode.internal.BytecodeProviderInitiator] [buildBytecodeProvider] -> (INFO) [HHH000021: Bytecode provider name : bytebuddy] 
[2024-03-18 13:19:05,652] - [org.hibernate.engine.transaction.jta.platform.internal.JtaPlatformInitiator] [initiateService] -> (INFO) [HHH000490: Using JtaPlatform implementation: [org.hibernate.engine.transaction.jta.platform.internal.NoJtaPlatform]] 
[2024-03-18 13:19:05,786] - [org.springframework.orm.jpa.LocalContainerEntityManagerFactoryBean] [buildNativeEntityManagerFactory] -> (INFO) [Initialized JPA EntityManagerFactory for persistence unit 'default'] 
[2024-03-18 13:19:05,943] - [org.springframework.boot.autoconfigure.orm.jpa.JpaBaseConfiguration$JpaWebConfiguration] [openEntityManagerInViewInterceptor] -> (WARN) [spring.jpa.open-in-view is enabled by default. Therefore, database queries may be performed during view rendering. Explicitly configure spring.jpa.open-in-view to disable this warning] 
[2024-03-18 13:19:06,551] - [org.springframework.data.jpa.repository.query.QueryEnhancerFactory] [<clinit>] -> (INFO) [Hibernate is in classpath; If applicable, HQL parser will be used.] 
[2024-03-18 13:19:08,122] - [org.springframework.cloud.netflix.eureka.config.DiscoveryClientOptionalArgsConfiguration] [restTemplateDiscoveryClientOptionalArgs] -> (INFO) [Eureka HTTP Client uses RestTemplate.] 
[2024-03-18 13:19:08,539] - [org.springframework.cloud.loadbalancer.config.LoadBalancerCacheAutoConfiguration$LoadBalancerCaffeineWarnLogger] [afterPropertiesSet] -> (WARN) [Spring Cloud LoadBalancer is currently working with the default cache. While this cache implementation is useful for development and tests, it's recommended to use Caffeine cache in production.You can switch to using Caffeine cache, by adding it and org.springframework.cache.caffeine.CaffeineCacheManager to the classpath.] 
[2024-03-18 13:19:08,576] - [org.springframework.cloud.netflix.eureka.InstanceInfoFactory] [create] -> (INFO) [Setting initial instance status as: STARTING] 
[2024-03-18 13:19:08,621] - [com.netflix.discovery.DiscoveryClient] [<init>] -> (INFO) [Initializing Eureka in region us-east-1] 
[2024-03-18 13:19:08,630] - [com.netflix.discovery.shared.resolver.aws.ConfigClusterResolver] [getClusterEndpoints] -> (INFO) [Resolving eureka endpoints via configuration] 
[2024-03-18 13:19:08,668] - [com.netflix.discovery.DiscoveryClient] [fetchRegistry] -> (INFO) [Disable delta property : false] 
[2024-03-18 13:19:08,668] - [com.netflix.discovery.DiscoveryClient] [fetchRegistry] -> (INFO) [Single vip registry refresh property : null] 
[2024-03-18 13:19:08,670] - [com.netflix.discovery.DiscoveryClient] [fetchRegistry] -> (INFO) [Force full registry fetch : false] 
[2024-03-18 13:19:08,670] - [com.netflix.discovery.DiscoveryClient] [fetchRegistry] -> (INFO) [Application is null : false] 
[2024-03-18 13:19:08,670] - [com.netflix.discovery.DiscoveryClient] [fetchRegistry] -> (INFO) [Registered Applications size is zero : true] 
[2024-03-18 13:19:08,671] - [com.netflix.discovery.DiscoveryClient] [fetchRegistry] -> (INFO) [Application version is -1: true] 
[2024-03-18 13:19:08,671] - [com.netflix.discovery.DiscoveryClient] [getAndStoreFullRegistry] -> (INFO) [Getting all instance registry info from the eureka server] 
[2024-03-18 13:19:09,158] - [com.netflix.discovery.DiscoveryClient] [getAndStoreFullRegistry] -> (INFO) [The response status is 200] 
[2024-03-18 13:19:09,162] - [com.netflix.discovery.DiscoveryClient] [initScheduledTasks] -> (INFO) [Starting heartbeat executor: renew interval is: 30] 
[2024-03-18 13:19:09,166] - [com.netflix.discovery.InstanceInfoReplicator] [<init>] -> (INFO) [InstanceInfoReplicator onDemand update allowed rate per min is 4] 
[2024-03-18 13:19:09,172] - [com.netflix.discovery.DiscoveryClient] [<init>] -> (INFO) [Discovery Client initialized at timestamp 1710748149171 with initial instances count: 3] 
[2024-03-18 13:19:09,176] - [org.springframework.cloud.netflix.eureka.serviceregistry.EurekaServiceRegistry] [register] -> (INFO) [Registering application REGISTRATION-SERVICE with eureka with status UP] 
[2024-03-18 13:19:09,178] - [com.netflix.discovery.DiscoveryClient] [notify] -> (INFO) [Saw local status change event StatusChangeEvent [timestamp=1710748149178, current=UP, previous=STARTING]] 
[2024-03-18 13:19:09,181] - [org.apache.coyote.http11.Http11NioProtocol] [log] -> (INFO) [Starting ProtocolHandler ["http-nio-8085"]] 
[2024-03-18 13:19:09,183] - [com.netflix.discovery.DiscoveryClient] [register] -> (INFO) [DiscoveryClient_REGISTRATION-SERVICE/LP-5CG131C1CZ.HCLT.CORP.HCL.IN:REGISTRATION-SERVICE:8085: registering service...] 
[2024-03-18 13:19:09,257] - [org.springframework.boot.web.embedded.tomcat.TomcatWebServer] [start] -> (INFO) [Tomcat started on port(s): 8085 (http) with context path ''] 
[2024-03-18 13:19:09,259] - [org.springframework.cloud.netflix.eureka.serviceregistry.EurekaAutoServiceRegistration] [onApplicationEvent] -> (INFO) [Updating port to 8085] 
[2024-03-18 13:19:09,268] - [com.netflix.discovery.DiscoveryClient] [register] -> (INFO) [DiscoveryClient_REGISTRATION-SERVICE/LP-5CG131C1CZ.HCLT.CORP.HCL.IN:REGISTRATION-SERVICE:8085 - registration status: 204] 
[2024-03-18 13:19:09,570] - [com.hcl.elch.sportathon.registration.RegistrationApplication] [logStarted] -> (INFO) [Started RegistrationApplication in 11.081 seconds (process running for 14.838)] 
[2024-03-18 13:23:59,699] - [org.springframework.cloud.netflix.eureka.serviceregistry.EurekaServiceRegistry] [deregister] -> (INFO) [Unregistering application REGISTRATION-SERVICE with eureka with status DOWN] 
[2024-03-18 13:23:59,700] - [com.netflix.discovery.DiscoveryClient] [notify] -> (INFO) [Saw local status change event StatusChangeEvent [timestamp=1710748439700, current=DOWN, previous=UP]] 
[2024-03-18 13:23:59,700] - [com.netflix.discovery.DiscoveryClient] [register] -> (INFO) [DiscoveryClient_REGISTRATION-SERVICE/LP-5CG131C1CZ.HCLT.CORP.HCL.IN:REGISTRATION-SERVICE:8085: registering service...] 
[2024-03-18 13:23:59,709] - [com.netflix.discovery.DiscoveryClient] [register] -> (INFO) [DiscoveryClient_REGISTRATION-SERVICE/LP-5CG131C1CZ.HCLT.CORP.HCL.IN:REGISTRATION-SERVICE:8085 - registration status: 204] 
[2024-03-18 13:24:00,015] - [org.springframework.orm.jpa.LocalContainerEntityManagerFactoryBean] [destroy] -> (INFO) [Closing JPA EntityManagerFactory for persistence unit 'default'] 
[2024-03-18 13:24:00,019] - [com.zaxxer.hikari.HikariDataSource] [close] -> (INFO) [HikariPool-1 - Shutdown initiated...] 
[2024-03-18 13:24:00,051] - [com.zaxxer.hikari.HikariDataSource] [close] -> (INFO) [HikariPool-1 - Shutdown completed.] 
[2024-03-18 13:24:00,052] - [com.netflix.discovery.DiscoveryClient] [shutdown] -> (INFO) [Shutting down DiscoveryClient ...] 
[2024-03-18 13:24:03,066] - [com.netflix.discovery.DiscoveryClient] [unregister] -> (INFO) [Unregistering ...] 
[2024-03-18 13:24:03,073] - [com.netflix.discovery.DiscoveryClient] [unregister] -> (INFO) [DiscoveryClient_REGISTRATION-SERVICE/LP-5CG131C1CZ.HCLT.CORP.HCL.IN:REGISTRATION-SERVICE:8085 - deregister  status: 200] 
[2024-03-18 13:24:03,079] - [com.netflix.discovery.DiscoveryClient] [shutdown] -> (INFO) [Completed shut down of DiscoveryClient] 
[2024-03-18 13:24:24,165] - [org.hibernate.validator.internal.util.Version] [<clinit>] -> (INFO) [HV000001: Hibernate Validator 8.0.1.Final] 
[2024-03-18 13:24:24,237] - [com.hcl.elch.sportathon.registration.RegistrationApplication] [logStarting] -> (INFO) [Starting RegistrationApplication using Java 17.0.7 with PID 47752 (C:\Users\vishiv.panchal\Downloads\Sportathon\Registration\target\classes started by vishiv.panchal in C:\Users\vishiv.panchal\Downloads\Sportathon\Admin)] 
[2024-03-18 13:24:24,247] - [com.hcl.elch.sportathon.registration.RegistrationApplication] [logStartupProfileInfo] -> (INFO) [No active profile set, falling back to 1 default profile: "default"] 
[2024-03-18 13:24:25,613] - [org.springframework.data.repository.config.RepositoryConfigurationDelegate] [registerRepositoriesIn] -> (INFO) [Bootstrapping Spring Data JPA repositories in DEFAULT mode.] 
[2024-03-18 13:24:25,948] - [org.springframework.data.repository.config.RepositoryConfigurationDelegate] [registerRepositoriesIn] -> (INFO) [Finished Spring Data repository scanning in 315 ms. Found 3 JPA repository interfaces.] 
[2024-03-18 13:24:26,359] - [org.springframework.cloud.context.scope.GenericScope] [setSerializationId] -> (INFO) [BeanFactory id=5e6a3a35-7f7e-3eb9-bc9b-86b6e649a38b] 
[2024-03-18 13:24:26,464] - [org.springframework.context.support.PostProcessorRegistrationDelegate$BeanPostProcessorChecker] [postProcessAfterInitialization] -> (INFO) [Bean 'com.hcl.elch.sportathon.registration.services.APIClient' of type [org.springframework.cloud.openfeign.FeignClientFactoryBean] is not eligible for getting processed by all BeanPostProcessors (for example: not eligible for auto-proxying)] 
[2024-03-18 13:24:27,380] - [org.springframework.boot.web.embedded.tomcat.TomcatWebServer] [initialize] -> (INFO) [Tomcat initialized with port(s): 8085 (http)] 
[2024-03-18 13:24:27,393] - [org.apache.coyote.http11.Http11NioProtocol] [log] -> (INFO) [Initializing ProtocolHandler ["http-nio-8085"]] 
[2024-03-18 13:24:27,397] - [org.apache.catalina.core.StandardService] [log] -> (INFO) [Starting service [Tomcat]] 
[2024-03-18 13:24:27,398] - [org.apache.catalina.core.StandardEngine] [log] -> (INFO) [Starting Servlet engine: [Apache Tomcat/10.1.12]] 
[2024-03-18 13:24:27,793] - [org.apache.catalina.core.ContainerBase.[Tomcat].[localhost].[/]] [log] -> (INFO) [Initializing Spring embedded WebApplicationContext] 
[2024-03-18 13:24:27,798] - [org.springframework.boot.web.servlet.context.ServletWebServerApplicationContext] [prepareWebApplicationContext] -> (INFO) [Root WebApplicationContext: initialization completed in 3486 ms] 
[2024-03-18 13:24:28,137] - [org.hibernate.jpa.internal.util.LogHelper] [logPersistenceUnitInformation] -> (INFO) [HHH000204: Processing PersistenceUnitInfo [name: default]] 
[2024-03-18 13:24:28,270] - [org.hibernate.Version] [logVersion] -> (INFO) [HHH000412: Hibernate ORM core version 6.2.7.Final] 
[2024-03-18 13:24:28,277] - [org.hibernate.cfg.Environment] [<clinit>] -> (INFO) [HHH000406: Using bytecode reflection optimizer] 
[2024-03-18 13:24:28,645] - [org.hibernate.bytecode.internal.BytecodeProviderInitiator] [buildBytecodeProvider] -> (INFO) [HHH000021: Bytecode provider name : bytebuddy] 
[2024-03-18 13:24:28,940] - [org.springframework.orm.jpa.persistenceunit.SpringPersistenceUnitInfo] [addTransformer] -> (INFO) [No LoadTimeWeaver setup: ignoring JPA class transformer] 
[2024-03-18 13:24:28,996] - [com.zaxxer.hikari.HikariDataSource] [getConnection] -> (INFO) [HikariPool-1 - Starting...] 
[2024-03-18 13:24:29,586] - [com.zaxxer.hikari.pool.HikariPool] [checkFailFast] -> (INFO) [HikariPool-1 - Added connection com.mysql.cj.jdbc.ConnectionImpl@4bb9f7d4] 
[2024-03-18 13:24:29,591] - [com.zaxxer.hikari.HikariDataSource] [getConnection] -> (INFO) [HikariPool-1 - Start completed.] 
[2024-03-18 13:24:30,135] - [org.hibernate.bytecode.internal.BytecodeProviderInitiator] [buildBytecodeProvider] -> (INFO) [HHH000021: Bytecode provider name : bytebuddy] 
[2024-03-18 13:24:31,181] - [org.hibernate.engine.transaction.jta.platform.internal.JtaPlatformInitiator] [initiateService] -> (INFO) [HHH000490: Using JtaPlatform implementation: [org.hibernate.engine.transaction.jta.platform.internal.NoJtaPlatform]] 
[2024-03-18 13:24:31,308] - [org.springframework.orm.jpa.LocalContainerEntityManagerFactoryBean] [buildNativeEntityManagerFactory] -> (INFO) [Initialized JPA EntityManagerFactory for persistence unit 'default'] 
[2024-03-18 13:24:31,476] - [org.springframework.boot.autoconfigure.orm.jpa.JpaBaseConfiguration$JpaWebConfiguration] [openEntityManagerInViewInterceptor] -> (WARN) [spring.jpa.open-in-view is enabled by default. Therefore, database queries may be performed during view rendering. Explicitly configure spring.jpa.open-in-view to disable this warning] 
[2024-03-18 13:24:32,061] - [org.springframework.data.jpa.repository.query.QueryEnhancerFactory] [<clinit>] -> (INFO) [Hibernate is in classpath; If applicable, HQL parser will be used.] 
[2024-03-18 13:24:33,658] - [org.springframework.cloud.netflix.eureka.config.DiscoveryClientOptionalArgsConfiguration] [restTemplateDiscoveryClientOptionalArgs] -> (INFO) [Eureka HTTP Client uses RestTemplate.] 
[2024-03-18 13:24:34,048] - [org.springframework.cloud.loadbalancer.config.LoadBalancerCacheAutoConfiguration$LoadBalancerCaffeineWarnLogger] [afterPropertiesSet] -> (WARN) [Spring Cloud LoadBalancer is currently working with the default cache. While this cache implementation is useful for development and tests, it's recommended to use Caffeine cache in production.You can switch to using Caffeine cache, by adding it and org.springframework.cache.caffeine.CaffeineCacheManager to the classpath.] 
[2024-03-18 13:24:34,100] - [org.springframework.cloud.netflix.eureka.InstanceInfoFactory] [create] -> (INFO) [Setting initial instance status as: STARTING] 
[2024-03-18 13:24:34,185] - [com.netflix.discovery.DiscoveryClient] [<init>] -> (INFO) [Initializing Eureka in region us-east-1] 
[2024-03-18 13:24:34,192] - [com.netflix.discovery.shared.resolver.aws.ConfigClusterResolver] [getClusterEndpoints] -> (INFO) [Resolving eureka endpoints via configuration] 
[2024-03-18 13:24:34,242] - [com.netflix.discovery.DiscoveryClient] [fetchRegistry] -> (INFO) [Disable delta property : false] 
[2024-03-18 13:24:34,243] - [com.netflix.discovery.DiscoveryClient] [fetchRegistry] -> (INFO) [Single vip registry refresh property : null] 
[2024-03-18 13:24:34,246] - [com.netflix.discovery.DiscoveryClient] [fetchRegistry] -> (INFO) [Force full registry fetch : false] 
[2024-03-18 13:24:34,247] - [com.netflix.discovery.DiscoveryClient] [fetchRegistry] -> (INFO) [Application is null : false] 
[2024-03-18 13:24:34,247] - [com.netflix.discovery.DiscoveryClient] [fetchRegistry] -> (INFO) [Registered Applications size is zero : true] 
[2024-03-18 13:24:34,247] - [com.netflix.discovery.DiscoveryClient] [fetchRegistry] -> (INFO) [Application version is -1: true] 
[2024-03-18 13:24:34,248] - [com.netflix.discovery.DiscoveryClient] [getAndStoreFullRegistry] -> (INFO) [Getting all instance registry info from the eureka server] 
[2024-03-18 13:24:34,708] - [com.netflix.discovery.DiscoveryClient] [getAndStoreFullRegistry] -> (INFO) [The response status is 200] 
[2024-03-18 13:24:34,712] - [com.netflix.discovery.DiscoveryClient] [initScheduledTasks] -> (INFO) [Starting heartbeat executor: renew interval is: 30] 
[2024-03-18 13:24:34,716] - [com.netflix.discovery.InstanceInfoReplicator] [<init>] -> (INFO) [InstanceInfoReplicator onDemand update allowed rate per min is 4] 
[2024-03-18 13:24:34,722] - [com.netflix.discovery.DiscoveryClient] [<init>] -> (INFO) [Discovery Client initialized at timestamp 1710748474721 with initial instances count: 3] 
[2024-03-18 13:24:34,726] - [org.springframework.cloud.netflix.eureka.serviceregistry.EurekaServiceRegistry] [register] -> (INFO) [Registering application REGISTRATION-SERVICE with eureka with status UP] 
[2024-03-18 13:24:34,727] - [com.netflix.discovery.DiscoveryClient] [notify] -> (INFO) [Saw local status change event StatusChangeEvent [timestamp=1710748474727, current=UP, previous=STARTING]] 
[2024-03-18 13:24:34,730] - [org.apache.coyote.http11.Http11NioProtocol] [log] -> (INFO) [Starting ProtocolHandler ["http-nio-8085"]] 
[2024-03-18 13:24:34,730] - [com.netflix.discovery.DiscoveryClient] [register] -> (INFO) [DiscoveryClient_REGISTRATION-SERVICE/LP-5CG131C1CZ.HCLT.CORP.HCL.IN:REGISTRATION-SERVICE:8085: registering service...] 
[2024-03-18 13:24:34,796] - [com.netflix.discovery.DiscoveryClient] [register] -> (INFO) [DiscoveryClient_REGISTRATION-SERVICE/LP-5CG131C1CZ.HCLT.CORP.HCL.IN:REGISTRATION-SERVICE:8085 - registration status: 204] 
[2024-03-18 13:24:34,803] - [org.springframework.boot.web.embedded.tomcat.TomcatWebServer] [start] -> (INFO) [Tomcat started on port(s): 8085 (http) with context path ''] 
[2024-03-18 13:24:34,805] - [org.springframework.cloud.netflix.eureka.serviceregistry.EurekaAutoServiceRegistration] [onApplicationEvent] -> (INFO) [Updating port to 8085] 
[2024-03-18 13:24:35,125] - [com.hcl.elch.sportathon.registration.RegistrationApplication] [logStarted] -> (INFO) [Started RegistrationApplication in 11.856 seconds (process running for 15.841)] 
[2024-03-18 13:26:56,760] - [org.apache.catalina.core.ContainerBase.[Tomcat].[localhost].[/]] [log] -> (INFO) [Initializing Spring DispatcherServlet 'dispatcherServlet'] 
[2024-03-18 13:26:56,760] - [org.springframework.web.servlet.DispatcherServlet] [initServletBean] -> (INFO) [Initializing Servlet 'dispatcherServlet'] 
[2024-03-18 13:26:56,762] - [org.springframework.web.servlet.DispatcherServlet] [initServletBean] -> (INFO) [Completed initialization in 1 ms] 
[2024-03-18 13:29:34,276] - [com.netflix.discovery.shared.resolver.aws.ConfigClusterResolver] [getClusterEndpoints] -> (INFO) [Resolving eureka endpoints via configuration] 
[2024-03-18 13:34:34,293] - [com.netflix.discovery.shared.resolver.aws.ConfigClusterResolver] [getClusterEndpoints] -> (INFO) [Resolving eureka endpoints via configuration] 
[2024-03-18 13:39:34,308] - [com.netflix.discovery.shared.resolver.aws.ConfigClusterResolver] [getClusterEndpoints] -> (INFO) [Resolving eureka endpoints via configuration] 
[2024-03-18 13:44:34,322] - [com.netflix.discovery.shared.resolver.aws.ConfigClusterResolver] [getClusterEndpoints] -> (INFO) [Resolving eureka endpoints via configuration] 
[2024-03-18 13:49:34,345] - [com.netflix.discovery.shared.resolver.aws.ConfigClusterResolver] [getClusterEndpoints] -> (INFO) [Resolving eureka endpoints via configuration] 
[2024-03-18 13:54:34,369] - [com.netflix.discovery.shared.resolver.aws.ConfigClusterResolver] [getClusterEndpoints] -> (INFO) [Resolving eureka endpoints via configuration] 
[2024-03-18 14:28:38,273] - [com.zaxxer.hikari.pool.HikariPool] [run] -> (WARN) [HikariPool-1 - Thread starvation or clock leap detected (housekeeper delta=33m38s66ms325µs100ns).] 
[2024-03-18 14:32:42,442] - [com.netflix.discovery.shared.resolver.aws.ConfigClusterResolver] [getClusterEndpoints] -> (INFO) [Resolving eureka endpoints via configuration] 
[2024-03-18 14:37:42,509] - [com.netflix.discovery.shared.resolver.aws.ConfigClusterResolver] [getClusterEndpoints] -> (INFO) [Resolving eureka endpoints via configuration] 
[2024-03-18 14:42:42,536] - [com.netflix.discovery.shared.resolver.aws.ConfigClusterResolver] [getClusterEndpoints] -> (INFO) [Resolving eureka endpoints via configuration] 
[2024-03-18 14:47:42,588] - [com.netflix.discovery.shared.resolver.aws.ConfigClusterResolver] [getClusterEndpoints] -> (INFO) [Resolving eureka endpoints via configuration] 
[2024-03-18 14:52:42,634] - [com.netflix.discovery.shared.resolver.aws.ConfigClusterResolver] [getClusterEndpoints] -> (INFO) [Resolving eureka endpoints via configuration] 
[2024-03-18 14:57:42,647] - [com.netflix.discovery.shared.resolver.aws.ConfigClusterResolver] [getClusterEndpoints] -> (INFO) [Resolving eureka endpoints via configuration] 
[2024-03-18 15:02:42,675] - [com.netflix.discovery.shared.resolver.aws.ConfigClusterResolver] [getClusterEndpoints] -> (INFO) [Resolving eureka endpoints via configuration] 
[2024-03-18 15:07:42,722] - [com.netflix.discovery.shared.resolver.aws.ConfigClusterResolver] [getClusterEndpoints] -> (INFO) [Resolving eureka endpoints via configuration] 
[2024-03-18 15:12:42,734] - [com.netflix.discovery.shared.resolver.aws.ConfigClusterResolver] [getClusterEndpoints] -> (INFO) [Resolving eureka endpoints via configuration] 
[2024-03-18 15:17:42,736] - [com.netflix.discovery.shared.resolver.aws.ConfigClusterResolver] [getClusterEndpoints] -> (INFO) [Resolving eureka endpoints via configuration] 
[2024-03-18 15:22:42,758] - [com.netflix.discovery.shared.resolver.aws.ConfigClusterResolver] [getClusterEndpoints] -> (INFO) [Resolving eureka endpoints via configuration] 
[2024-03-18 15:27:42,772] - [com.netflix.discovery.shared.resolver.aws.ConfigClusterResolver] [getClusterEndpoints] -> (INFO) [Resolving eureka endpoints via configuration] 
[2024-03-18 15:32:42,778] - [com.netflix.discovery.shared.resolver.aws.ConfigClusterResolver] [getClusterEndpoints] -> (INFO) [Resolving eureka endpoints via configuration] 
[2024-03-18 15:37:42,794] - [com.netflix.discovery.shared.resolver.aws.ConfigClusterResolver] [getClusterEndpoints] -> (INFO) [Resolving eureka endpoints via configuration] 
[2024-03-18 15:42:42,826] - [com.netflix.discovery.shared.resolver.aws.ConfigClusterResolver] [getClusterEndpoints] -> (INFO) [Resolving eureka endpoints via configuration] 
[2024-03-18 15:47:42,837] - [com.netflix.discovery.shared.resolver.aws.ConfigClusterResolver] [getClusterEndpoints] -> (INFO) [Resolving eureka endpoints via configuration] 
[2024-03-18 15:52:42,853] - [com.netflix.discovery.shared.resolver.aws.ConfigClusterResolver] [getClusterEndpoints] -> (INFO) [Resolving eureka endpoints via configuration] 
[2024-03-18 15:57:42,876] - [com.netflix.discovery.shared.resolver.aws.ConfigClusterResolver] [getClusterEndpoints] -> (INFO) [Resolving eureka endpoints via configuration] 
[2024-03-18 16:02:42,885] - [com.netflix.discovery.shared.resolver.aws.ConfigClusterResolver] [getClusterEndpoints] -> (INFO) [Resolving eureka endpoints via configuration] 
[2024-03-18 16:07:42,897] - [com.netflix.discovery.shared.resolver.aws.ConfigClusterResolver] [getClusterEndpoints] -> (INFO) [Resolving eureka endpoints via configuration] 
[2024-03-18 16:12:42,903] - [com.netflix.discovery.shared.resolver.aws.ConfigClusterResolver] [getClusterEndpoints] -> (INFO) [Resolving eureka endpoints via configuration] 
[2024-03-18 16:17:42,921] - [com.netflix.discovery.shared.resolver.aws.ConfigClusterResolver] [getClusterEndpoints] -> (INFO) [Resolving eureka endpoints via configuration] 
[2024-03-18 16:22:42,935] - [com.netflix.discovery.shared.resolver.aws.ConfigClusterResolver] [getClusterEndpoints] -> (INFO) [Resolving eureka endpoints via configuration] 
[2024-03-18 16:27:42,938] - [com.netflix.discovery.shared.resolver.aws.ConfigClusterResolver] [getClusterEndpoints] -> (INFO) [Resolving eureka endpoints via configuration] 
[2024-03-18 16:32:42,920] - [com.netflix.discovery.shared.resolver.aws.ConfigClusterResolver] [getClusterEndpoints] -> (INFO) [Resolving eureka endpoints via configuration] 
[2024-03-18 16:40:46,233] - [com.zaxxer.hikari.pool.HikariPool] [run] -> (WARN) [HikariPool-1 - Thread starvation or clock leap detected (housekeeper delta=7m5s699ms543µs).] 
[2024-03-18 16:44:18,616] - [com.netflix.discovery.shared.resolver.aws.ConfigClusterResolver] [getClusterEndpoints] -> (INFO) [Resolving eureka endpoints via configuration] 
[2024-03-18 16:49:18,621] - [com.netflix.discovery.shared.resolver.aws.ConfigClusterResolver] [getClusterEndpoints] -> (INFO) [Resolving eureka endpoints via configuration] 
[2024-03-18 16:54:18,626] - [com.netflix.discovery.shared.resolver.aws.ConfigClusterResolver] [getClusterEndpoints] -> (INFO) [Resolving eureka endpoints via configuration] 
[2024-03-18 16:59:18,636] - [com.netflix.discovery.shared.resolver.aws.ConfigClusterResolver] [getClusterEndpoints] -> (INFO) [Resolving eureka endpoints via configuration] 
[2024-03-18 17:04:18,653] - [com.netflix.discovery.shared.resolver.aws.ConfigClusterResolver] [getClusterEndpoints] -> (INFO) [Resolving eureka endpoints via configuration] 
[2024-03-18 17:09:18,656] - [com.netflix.discovery.shared.resolver.aws.ConfigClusterResolver] [getClusterEndpoints] -> (INFO) [Resolving eureka endpoints via configuration] 
[2024-03-18 17:14:18,673] - [com.netflix.discovery.shared.resolver.aws.ConfigClusterResolver] [getClusterEndpoints] -> (INFO) [Resolving eureka endpoints via configuration] 
[2024-03-18 17:19:18,707] - [com.netflix.discovery.shared.resolver.aws.ConfigClusterResolver] [getClusterEndpoints] -> (INFO) [Resolving eureka endpoints via configuration] 
[2024-03-18 17:24:18,712] - [com.netflix.discovery.shared.resolver.aws.ConfigClusterResolver] [getClusterEndpoints] -> (INFO) [Resolving eureka endpoints via configuration] 
[2024-03-18 19:07:45,735] - [com.zaxxer.hikari.pool.HikariPool] [run] -> (WARN) [HikariPool-1 - Thread starvation or clock leap detected (housekeeper delta=1h40m58s760ms82µs800ns).] 
